CRITICAL - 2022-07-23 20:28:03 --> Undefined array key "USER"
in APPPATH/Views/layout/navbar.php on line 12.
 1 APPPATH/Views/layout/navbar.php(12): CodeIgniter\Debug\Exceptions->errorHandler()
 2 SYSTEMPATH/View/View.php(213): include('APPPATH/Views/layout/navbar.php')
 3 SYSTEMPATH/View/View.php(216): CodeIgniter\View\View->CodeIgniter\View\{closure}()
 4 SYSTEMPATH/Common.php(1135): CodeIgniter\View\View->render()
 5 APPPATH/Controllers/User.php(28): view()
 6 SYSTEMPATH/CodeIgniter.php(896): App\Controllers\User->index()
 7 SYSTEMPATH/CodeIgniter.php(466): CodeIgniter\CodeIgniter->runController()
 8 SYSTEMPATH/CodeIgniter.php(349): CodeIgniter\CodeIgniter->handleRequest()
 9 FCPATH/index.php(55): CodeIgniter\CodeIgniter->run()
10 SYSTEMPATH/Commands/Server/rewrite.php(43): require_once('FCPATH/index.php')
CRITICAL - 2022-07-23 20:28:06 --> Undefined array key "USER"
in APPPATH/Views/layout/navbar.php on line 12.
 1 APPPATH/Views/layout/navbar.php(12): CodeIgniter\Debug\Exceptions->errorHandler()
 2 SYSTEMPATH/View/View.php(213): include('APPPATH/Views/layout/navbar.php')
 3 SYSTEMPATH/View/View.php(216): CodeIgniter\View\View->CodeIgniter\View\{closure}()
 4 SYSTEMPATH/Common.php(1135): CodeIgniter\View\View->render()
 5 APPPATH/Controllers/User.php(28): view()
 6 SYSTEMPATH/CodeIgniter.php(896): App\Controllers\User->index()
 7 SYSTEMPATH/CodeIgniter.php(466): CodeIgniter\CodeIgniter->runController()
 8 SYSTEMPATH/CodeIgniter.php(349): CodeIgniter\CodeIgniter->handleRequest()
 9 FCPATH/index.php(55): CodeIgniter\CodeIgniter->run()
10 SYSTEMPATH/Commands/Server/rewrite.php(43): require_once('FCPATH/index.php')
CRITICAL - 2022-07-23 20:35:48 --> Call to undefined method App\Controllers\User::encrypt()
in APPPATH/Controllers/User.php on line 45.
 1 APPPATH/Controllers/User.php(21): App\Controllers\User->tambah()
 2 SYSTEMPATH/CodeIgniter.php(896): App\Controllers\User->index()
 3 SYSTEMPATH/CodeIgniter.php(466): CodeIgniter\CodeIgniter->runController()
 4 SYSTEMPATH/CodeIgniter.php(349): CodeIgniter\CodeIgniter->handleRequest()
 5 FCPATH/index.php(55): CodeIgniter\CodeIgniter->run()
 6 SYSTEMPATH/Commands/Server/rewrite.php(43): require_once('FCPATH/index.php')
CRITICAL - 2022-07-23 20:36:31 --> Call to undefined method App\Controllers\User::encrypt()
in APPPATH/Controllers/User.php on line 46.
 1 APPPATH/Controllers/User.php(22): App\Controllers\User->tambah()
 2 SYSTEMPATH/CodeIgniter.php(896): App\Controllers\User->index()
 3 SYSTEMPATH/CodeIgniter.php(466): CodeIgniter\CodeIgniter->runController()
 4 SYSTEMPATH/CodeIgniter.php(349): CodeIgniter\CodeIgniter->handleRequest()
 5 FCPATH/index.php(55): CodeIgniter\CodeIgniter->run()
 6 SYSTEMPATH/Commands/Server/rewrite.php(43): require_once('FCPATH/index.php')
CRITICAL - 2022-07-23 20:36:35 --> Call to undefined method App\Controllers\User::encrypt()
in APPPATH/Controllers/User.php on line 46.
 1 APPPATH/Controllers/User.php(22): App\Controllers\User->tambah()
 2 SYSTEMPATH/CodeIgniter.php(896): App\Controllers\User->index()
 3 SYSTEMPATH/CodeIgniter.php(466): CodeIgniter\CodeIgniter->runController()
 4 SYSTEMPATH/CodeIgniter.php(349): CodeIgniter\CodeIgniter->handleRequest()
 5 FCPATH/index.php(55): CodeIgniter\CodeIgniter->run()
 6 SYSTEMPATH/Commands/Server/rewrite.php(43): require_once('FCPATH/index.php')
CRITICAL - 2022-07-23 20:37:45 --> Undefined property: App\Controllers\User::$Encryption
in APPPATH/Controllers/User.php on line 45.
 1 APPPATH/Controllers/User.php(45): CodeIgniter\Debug\Exceptions->errorHandler()
 2 APPPATH/Controllers/User.php(21): App\Controllers\User->tambah()
 3 SYSTEMPATH/CodeIgniter.php(896): App\Controllers\User->index()
 4 SYSTEMPATH/CodeIgniter.php(466): CodeIgniter\CodeIgniter->runController()
 5 SYSTEMPATH/CodeIgniter.php(349): CodeIgniter\CodeIgniter->handleRequest()
 6 FCPATH/index.php(55): CodeIgniter\CodeIgniter->run()
 7 SYSTEMPATH/Commands/Server/rewrite.php(43): require_once('FCPATH/index.php')
CRITICAL - 2022-07-23 20:38:25 --> Undefined property: App\Controllers\User::$encrypter
in APPPATH/Controllers/User.php on line 45.
 1 APPPATH/Controllers/User.php(45): CodeIgniter\Debug\Exceptions->errorHandler()
 2 APPPATH/Controllers/User.php(21): App\Controllers\User->tambah()
 3 SYSTEMPATH/CodeIgniter.php(896): App\Controllers\User->index()
 4 SYSTEMPATH/CodeIgniter.php(466): CodeIgniter\CodeIgniter->runController()
 5 SYSTEMPATH/CodeIgniter.php(349): CodeIgniter\CodeIgniter->handleRequest()
 6 FCPATH/index.php(55): CodeIgniter\CodeIgniter->run()
 7 SYSTEMPATH/Commands/Server/rewrite.php(43): require_once('FCPATH/index.php')
CRITICAL - 2022-07-23 20:40:11 --> Call to undefined method Config\Encryption::encrypt()
in APPPATH/Controllers/User.php on line 46.
 1 APPPATH/Controllers/User.php(21): App\Controllers\User->tambah()
 2 SYSTEMPATH/CodeIgniter.php(896): App\Controllers\User->index()
 3 SYSTEMPATH/CodeIgniter.php(466): CodeIgniter\CodeIgniter->runController()
 4 SYSTEMPATH/CodeIgniter.php(349): CodeIgniter\CodeIgniter->handleRequest()
 5 FCPATH/index.php(55): CodeIgniter\CodeIgniter->run()
 6 SYSTEMPATH/Commands/Server/rewrite.php(43): require_once('FCPATH/index.php')
CRITICAL - 2022-07-23 20:41:30 --> Call to undefined method CodeIgniter\Encryption\Encryption::encrypt()
in APPPATH/Controllers/User.php on line 47.
 1 APPPATH/Controllers/User.php(21): App\Controllers\User->tambah()
 2 SYSTEMPATH/CodeIgniter.php(896): App\Controllers\User->index()
 3 SYSTEMPATH/CodeIgniter.php(466): CodeIgniter\CodeIgniter->runController()
 4 SYSTEMPATH/CodeIgniter.php(349): CodeIgniter\CodeIgniter->handleRequest()
 5 FCPATH/index.php(55): CodeIgniter\CodeIgniter->run()
 6 SYSTEMPATH/Commands/Server/rewrite.php(43): require_once('FCPATH/index.php')
CRITICAL - 2022-07-23 23:04:31 --> Undefined variable $plaintext
in APPPATH/Controllers/User.php on line 40.
 1 APPPATH/Controllers/User.php(40): CodeIgniter\Debug\Exceptions->errorHandler()
 2 APPPATH/Controllers/User.php(21): App\Controllers\User->tambah()
 3 SYSTEMPATH/CodeIgniter.php(896): App\Controllers\User->index()
 4 SYSTEMPATH/CodeIgniter.php(466): CodeIgniter\CodeIgniter->runController()
 5 SYSTEMPATH/CodeIgniter.php(349): CodeIgniter\CodeIgniter->handleRequest()
 6 FCPATH/index.php(55): CodeIgniter\CodeIgniter->run()
 7 SYSTEMPATH/Commands/Server/rewrite.php(43): require_once('FCPATH/index.php')
CRITICAL - 2022-07-23 23:05:40 --> openssl_encrypt(): Passing null to parameter #1 ($data) of type string is deprecated
in SYSTEMPATH/Encryption/Handlers/OpenSSLHandler.php on line 62.
 1 [internal function]: CodeIgniter\Debug\Exceptions->errorHandler()
 2 SYSTEMPATH/Encryption/Handlers/OpenSSLHandler.php(62): openssl_encrypt()
 3 APPPATH/Controllers/User.php(40): CodeIgniter\Encryption\Handlers\OpenSSLHandler->encrypt()
 4 APPPATH/Controllers/User.php(21): App\Controllers\User->tambah()
 5 SYSTEMPATH/CodeIgniter.php(896): App\Controllers\User->index()
 6 SYSTEMPATH/CodeIgniter.php(466): CodeIgniter\CodeIgniter->runController()
 7 SYSTEMPATH/CodeIgniter.php(349): CodeIgniter\CodeIgniter->handleRequest()
 8 FCPATH/index.php(55): CodeIgniter\CodeIgniter->run()
 9 SYSTEMPATH/Commands/Server/rewrite.php(43): require_once('FCPATH/index.php')
CRITICAL - 2022-07-23 23:05:52 --> openssl_encrypt(): Passing null to parameter #1 ($data) of type string is deprecated
in SYSTEMPATH/Encryption/Handlers/OpenSSLHandler.php on line 62.
 1 [internal function]: CodeIgniter\Debug\Exceptions->errorHandler()
 2 SYSTEMPATH/Encryption/Handlers/OpenSSLHandler.php(62): openssl_encrypt()
 3 APPPATH/Controllers/User.php(40): CodeIgniter\Encryption\Handlers\OpenSSLHandler->encrypt()
 4 APPPATH/Controllers/User.php(21): App\Controllers\User->tambah()
 5 SYSTEMPATH/CodeIgniter.php(896): App\Controllers\User->index()
 6 SYSTEMPATH/CodeIgniter.php(466): CodeIgniter\CodeIgniter->runController()
 7 SYSTEMPATH/CodeIgniter.php(349): CodeIgniter\CodeIgniter->handleRequest()
 8 FCPATH/index.php(55): CodeIgniter\CodeIgniter->run()
 9 SYSTEMPATH/Commands/Server/rewrite.php(43): require_once('FCPATH/index.php')
