ERROR - 2022-12-03 21:42:38 --> mysqli_sql_exception: Unknown column 'ubah' in 'where clause' in /home/rgsvt/Developments/kp/atk-tdec/vendor/codeigniter4/framework/system/Database/MySQLi/Connection.php:292
Stack trace:
#0 /home/rgsvt/Developments/kp/atk-tdec/vendor/codeigniter4/framework/system/Database/MySQLi/Connection.php(292): mysqli->query()
#1 /home/rgsvt/Developments/kp/atk-tdec/vendor/codeigniter4/framework/system/Database/BaseConnection.php(693): CodeIgniter\Database\MySQLi\Connection->execute()
#2 /home/rgsvt/Developments/kp/atk-tdec/vendor/codeigniter4/framework/system/Database/BaseConnection.php(620): CodeIgniter\Database\BaseConnection->simpleQuery()
#3 /home/rgsvt/Developments/kp/atk-tdec/app/Models/PengajuanModel.php(99): CodeIgniter\Database\BaseConnection->query()
#4 /home/rgsvt/Developments/kp/atk-tdec/app/Models/PengajuanModel.php(65): App\Models\PengajuanModel->query()
#5 /home/rgsvt/Developments/kp/atk-tdec/app/Controllers/Pengajuan.php(39): App\Models\PengajuanModel->perPengajuan()
#6 /home/rgsvt/Developments/kp/atk-tdec/vendor/codeigniter4/framework/system/CodeIgniter.php(907): App\Controllers\Pengajuan->ubahStatus()
#7 /home/rgsvt/Developments/kp/atk-tdec/vendor/codeigniter4/framework/system/CodeIgniter.php(457): CodeIgniter\CodeIgniter->runController()
#8 /home/rgsvt/Developments/kp/atk-tdec/vendor/codeigniter4/framework/system/CodeIgniter.php(340): CodeIgniter\CodeIgniter->handleRequest()
#9 /home/rgsvt/Developments/kp/atk-tdec/public/index.php(55): CodeIgniter\CodeIgniter->run()
#10 /home/rgsvt/Developments/kp/atk-tdec/vendor/codeigniter4/framework/system/Commands/Server/rewrite.php(43): require_once('...')
#11 {main}
CRITICAL - 2022-12-03 21:42:38 --> Unknown column 'ubah' in 'where clause'
in SYSTEMPATH/Database/MySQLi/Connection.php on line 292.
 1 SYSTEMPATH/Database/MySQLi/Connection.php(292): mysqli->query()
 2 SYSTEMPATH/Database/BaseConnection.php(693): CodeIgniter\Database\MySQLi\Connection->execute()
 3 SYSTEMPATH/Database/BaseConnection.php(620): CodeIgniter\Database\BaseConnection->simpleQuery()
 4 APPPATH/Models/PengajuanModel.php(99): CodeIgniter\Database\BaseConnection->query()
 5 APPPATH/Models/PengajuanModel.php(65): App\Models\PengajuanModel->query()
 6 APPPATH/Controllers/Pengajuan.php(39): App\Models\PengajuanModel->perPengajuan()
 7 SYSTEMPATH/CodeIgniter.php(907): App\Controllers\Pengajuan->ubahStatus()
 8 SYSTEMPATH/CodeIgniter.php(457): CodeIgniter\CodeIgniter->runController()
 9 SYSTEMPATH/CodeIgniter.php(340): CodeIgniter\CodeIgniter->handleRequest()
10 FCPATH/index.php(55): CodeIgniter\CodeIgniter->run()
11 SYSTEMPATH/Commands/Server/rewrite.php(43): require_once('FCPATH/index.php')
CRITICAL - 2022-12-03 22:20:26 --> Undefined variable $status_belum_selesai
in APPPATH/Views/pengajuan/pengajuan.php on line 10.
 1 APPPATH/Views/pengajuan/pengajuan.php(10): CodeIgniter\Debug\Exceptions->errorHandler()
 2 SYSTEMPATH/View/View.php(213): include('APPPATH/Views/pengajuan/pengajuan.php')
 3 SYSTEMPATH/View/View.php(216): CodeIgniter\View\View->CodeIgniter\View\{closure}()
 4 SYSTEMPATH/Common.php(1142): CodeIgniter\View\View->render()
 5 APPPATH/Controllers/Pengajuan.php(141): view()
 6 SYSTEMPATH/CodeIgniter.php(907): App\Controllers\Pengajuan->index()
 7 SYSTEMPATH/CodeIgniter.php(457): CodeIgniter\CodeIgniter->runController()
 8 SYSTEMPATH/CodeIgniter.php(340): CodeIgniter\CodeIgniter->handleRequest()
 9 FCPATH/index.php(55): CodeIgniter\CodeIgniter->run()
10 SYSTEMPATH/Commands/Server/rewrite.php(43): require_once('FCPATH/index.php')
CRITICAL - 2022-12-03 22:23:03 --> Undefined variable $status_belum_selesai
in APPPATH/Views/pengajuan/pengajuan.php on line 10.
 1 APPPATH/Views/pengajuan/pengajuan.php(10): CodeIgniter\Debug\Exceptions->errorHandler()
 2 SYSTEMPATH/View/View.php(213): include('APPPATH/Views/pengajuan/pengajuan.php')
 3 SYSTEMPATH/View/View.php(216): CodeIgniter\View\View->CodeIgniter\View\{closure}()
 4 SYSTEMPATH/Common.php(1142): CodeIgniter\View\View->render()
 5 APPPATH/Controllers/Pengajuan.php(151): view()
 6 SYSTEMPATH/CodeIgniter.php(907): App\Controllers\Pengajuan->index()
 7 SYSTEMPATH/CodeIgniter.php(457): CodeIgniter\CodeIgniter->runController()
 8 SYSTEMPATH/CodeIgniter.php(340): CodeIgniter\CodeIgniter->handleRequest()
 9 FCPATH/index.php(55): CodeIgniter\CodeIgniter->run()
10 SYSTEMPATH/Commands/Server/rewrite.php(43): require_once('FCPATH/index.php')
CRITICAL - 2022-12-03 22:44:06 --> Array callback must have exactly two elements
in APPPATH/Views/pengajuan/pengajuan.php on line 24.
 1 SYSTEMPATH/View/View.php(213): include()
 2 SYSTEMPATH/View/View.php(216): CodeIgniter\View\View->CodeIgniter\View\{closure}()
 3 SYSTEMPATH/Common.php(1142): CodeIgniter\View\View->render()
 4 APPPATH/Controllers/Pengajuan.php(151): view()
 5 SYSTEMPATH/CodeIgniter.php(907): App\Controllers\Pengajuan->index()
 6 SYSTEMPATH/CodeIgniter.php(457): CodeIgniter\CodeIgniter->runController()
 7 SYSTEMPATH/CodeIgniter.php(340): CodeIgniter\CodeIgniter->handleRequest()
 8 FCPATH/index.php(55): CodeIgniter\CodeIgniter->run()
 9 SYSTEMPATH/Commands/Server/rewrite.php(43): require_once('FCPATH/index.php')
CRITICAL - 2022-12-03 22:46:28 --> Undefined variable $diproses
in APPPATH/Views/pengajuan/pengajuan.php on line 10.
 1 APPPATH/Views/pengajuan/pengajuan.php(10): CodeIgniter\Debug\Exceptions->errorHandler()
 2 SYSTEMPATH/View/View.php(213): include('APPPATH/Views/pengajuan/pengajuan.php')
 3 SYSTEMPATH/View/View.php(216): CodeIgniter\View\View->CodeIgniter\View\{closure}()
 4 SYSTEMPATH/Common.php(1142): CodeIgniter\View\View->render()
 5 APPPATH/Controllers/Pengajuan.php(192): view()
 6 SYSTEMPATH/CodeIgniter.php(907): App\Controllers\Pengajuan->filUnitProdi()
 7 SYSTEMPATH/CodeIgniter.php(457): CodeIgniter\CodeIgniter->runController()
 8 SYSTEMPATH/CodeIgniter.php(340): CodeIgniter\CodeIgniter->handleRequest()
 9 FCPATH/index.php(55): CodeIgniter\CodeIgniter->run()
10 SYSTEMPATH/Commands/Server/rewrite.php(43): require_once('FCPATH/index.php')
CRITICAL - 2022-12-03 22:46:39 --> Undefined variable $diproses
in APPPATH/Views/pengajuan/pengajuan.php on line 10.
 1 APPPATH/Views/pengajuan/pengajuan.php(10): CodeIgniter\Debug\Exceptions->errorHandler()
 2 SYSTEMPATH/View/View.php(213): include('APPPATH/Views/pengajuan/pengajuan.php')
 3 SYSTEMPATH/View/View.php(216): CodeIgniter\View\View->CodeIgniter\View\{closure}()
 4 SYSTEMPATH/Common.php(1142): CodeIgniter\View\View->render()
 5 APPPATH/Controllers/Pengajuan.php(192): view()
 6 SYSTEMPATH/CodeIgniter.php(907): App\Controllers\Pengajuan->filUnitProdi()
 7 SYSTEMPATH/CodeIgniter.php(457): CodeIgniter\CodeIgniter->runController()
 8 SYSTEMPATH/CodeIgniter.php(340): CodeIgniter\CodeIgniter->handleRequest()
 9 FCPATH/index.php(55): CodeIgniter\CodeIgniter->run()
10 SYSTEMPATH/Commands/Server/rewrite.php(43): require_once('FCPATH/index.php')
CRITICAL - 2022-12-03 23:11:40 --> syntax error, unexpected token "->", expecting identifier or variable or "{" or "$"
in APPPATH/Controllers/Pengajuan.php on line 146.
 1 SYSTEMPATH/Autoloader/Autoloader.php(259): CodeIgniter\Autoloader\Autoloader->includeFile()
 2 SYSTEMPATH/Autoloader/Autoloader.php(237): CodeIgniter\Autoloader\Autoloader->loadInNamespace()
 3 [internal function]: CodeIgniter\Autoloader\Autoloader->loadClass()
 4 SYSTEMPATH/CodeIgniter.php(857): class_exists()
 5 SYSTEMPATH/CodeIgniter.php(444): CodeIgniter\CodeIgniter->startController()
 6 SYSTEMPATH/CodeIgniter.php(340): CodeIgniter\CodeIgniter->handleRequest()
 7 FCPATH/index.php(55): CodeIgniter\CodeIgniter->run()
 8 SYSTEMPATH/Commands/Server/rewrite.php(43): require_once('FCPATH/index.php')
CRITICAL - 2022-12-03 23:11:41 --> syntax error, unexpected token "->", expecting identifier or variable or "{" or "$"
in APPPATH/Controllers/Pengajuan.php on line 146.
 1 SYSTEMPATH/Autoloader/Autoloader.php(259): CodeIgniter\Autoloader\Autoloader->includeFile()
 2 SYSTEMPATH/Autoloader/Autoloader.php(237): CodeIgniter\Autoloader\Autoloader->loadInNamespace()
 3 [internal function]: CodeIgniter\Autoloader\Autoloader->loadClass()
 4 SYSTEMPATH/CodeIgniter.php(857): class_exists()
 5 SYSTEMPATH/CodeIgniter.php(444): CodeIgniter\CodeIgniter->startController()
 6 SYSTEMPATH/CodeIgniter.php(340): CodeIgniter\CodeIgniter->handleRequest()
 7 FCPATH/index.php(55): CodeIgniter\CodeIgniter->run()
 8 SYSTEMPATH/Commands/Server/rewrite.php(43): require_once('FCPATH/index.php')
CRITICAL - 2022-12-03 23:11:42 --> syntax error, unexpected token "->", expecting identifier or variable or "{" or "$"
in APPPATH/Controllers/Pengajuan.php on line 146.
 1 SYSTEMPATH/Autoloader/Autoloader.php(259): CodeIgniter\Autoloader\Autoloader->includeFile()
 2 SYSTEMPATH/Autoloader/Autoloader.php(237): CodeIgniter\Autoloader\Autoloader->loadInNamespace()
 3 [internal function]: CodeIgniter\Autoloader\Autoloader->loadClass()
 4 SYSTEMPATH/CodeIgniter.php(857): class_exists()
 5 SYSTEMPATH/CodeIgniter.php(444): CodeIgniter\CodeIgniter->startController()
 6 SYSTEMPATH/CodeIgniter.php(340): CodeIgniter\CodeIgniter->handleRequest()
 7 FCPATH/index.php(55): CodeIgniter\CodeIgniter->run()
 8 SYSTEMPATH/Commands/Server/rewrite.php(43): require_once('FCPATH/index.php')
CRITICAL - 2022-12-03 23:11:43 --> syntax error, unexpected token "->", expecting identifier or variable or "{" or "$"
in APPPATH/Controllers/Pengajuan.php on line 146.
 1 SYSTEMPATH/Autoloader/Autoloader.php(259): CodeIgniter\Autoloader\Autoloader->includeFile()
 2 SYSTEMPATH/Autoloader/Autoloader.php(237): CodeIgniter\Autoloader\Autoloader->loadInNamespace()
 3 [internal function]: CodeIgniter\Autoloader\Autoloader->loadClass()
 4 SYSTEMPATH/CodeIgniter.php(857): class_exists()
 5 SYSTEMPATH/CodeIgniter.php(444): CodeIgniter\CodeIgniter->startController()
 6 SYSTEMPATH/CodeIgniter.php(340): CodeIgniter\CodeIgniter->handleRequest()
 7 FCPATH/index.php(55): CodeIgniter\CodeIgniter->run()
 8 SYSTEMPATH/Commands/Server/rewrite.php(43): require_once('FCPATH/index.php')
CRITICAL - 2022-12-03 23:11:44 --> syntax error, unexpected token "->", expecting identifier or variable or "{" or "$"
in APPPATH/Controllers/Pengajuan.php on line 146.
 1 SYSTEMPATH/Autoloader/Autoloader.php(259): CodeIgniter\Autoloader\Autoloader->includeFile()
 2 SYSTEMPATH/Autoloader/Autoloader.php(237): CodeIgniter\Autoloader\Autoloader->loadInNamespace()
 3 [internal function]: CodeIgniter\Autoloader\Autoloader->loadClass()
 4 SYSTEMPATH/CodeIgniter.php(857): class_exists()
 5 SYSTEMPATH/CodeIgniter.php(444): CodeIgniter\CodeIgniter->startController()
 6 SYSTEMPATH/CodeIgniter.php(340): CodeIgniter\CodeIgniter->handleRequest()
 7 FCPATH/index.php(55): CodeIgniter\CodeIgniter->run()
 8 SYSTEMPATH/Commands/Server/rewrite.php(43): require_once('FCPATH/index.php')
CRITICAL - 2022-12-03 23:11:45 --> syntax error, unexpected token "->", expecting identifier or variable or "{" or "$"
in APPPATH/Controllers/Pengajuan.php on line 146.
 1 SYSTEMPATH/Autoloader/Autoloader.php(259): CodeIgniter\Autoloader\Autoloader->includeFile()
 2 SYSTEMPATH/Autoloader/Autoloader.php(237): CodeIgniter\Autoloader\Autoloader->loadInNamespace()
 3 [internal function]: CodeIgniter\Autoloader\Autoloader->loadClass()
 4 SYSTEMPATH/CodeIgniter.php(857): class_exists()
 5 SYSTEMPATH/CodeIgniter.php(444): CodeIgniter\CodeIgniter->startController()
 6 SYSTEMPATH/CodeIgniter.php(340): CodeIgniter\CodeIgniter->handleRequest()
 7 FCPATH/index.php(55): CodeIgniter\CodeIgniter->run()
 8 SYSTEMPATH/Commands/Server/rewrite.php(43): require_once('FCPATH/index.php')
CRITICAL - 2022-12-03 23:11:46 --> syntax error, unexpected token "->", expecting identifier or variable or "{" or "$"
in APPPATH/Controllers/Pengajuan.php on line 146.
 1 SYSTEMPATH/Autoloader/Autoloader.php(259): CodeIgniter\Autoloader\Autoloader->includeFile()
 2 SYSTEMPATH/Autoloader/Autoloader.php(237): CodeIgniter\Autoloader\Autoloader->loadInNamespace()
 3 [internal function]: CodeIgniter\Autoloader\Autoloader->loadClass()
 4 SYSTEMPATH/CodeIgniter.php(857): class_exists()
 5 SYSTEMPATH/CodeIgniter.php(444): CodeIgniter\CodeIgniter->startController()
 6 SYSTEMPATH/CodeIgniter.php(340): CodeIgniter\CodeIgniter->handleRequest()
 7 FCPATH/index.php(55): CodeIgniter\CodeIgniter->run()
 8 SYSTEMPATH/Commands/Server/rewrite.php(43): require_once('FCPATH/index.php')
CRITICAL - 2022-12-03 23:11:47 --> syntax error, unexpected token "->", expecting identifier or variable or "{" or "$"
in APPPATH/Controllers/Pengajuan.php on line 146.
 1 SYSTEMPATH/Autoloader/Autoloader.php(259): CodeIgniter\Autoloader\Autoloader->includeFile()
 2 SYSTEMPATH/Autoloader/Autoloader.php(237): CodeIgniter\Autoloader\Autoloader->loadInNamespace()
 3 [internal function]: CodeIgniter\Autoloader\Autoloader->loadClass()
 4 SYSTEMPATH/CodeIgniter.php(857): class_exists()
 5 SYSTEMPATH/CodeIgniter.php(444): CodeIgniter\CodeIgniter->startController()
 6 SYSTEMPATH/CodeIgniter.php(340): CodeIgniter\CodeIgniter->handleRequest()
 7 FCPATH/index.php(55): CodeIgniter\CodeIgniter->run()
 8 SYSTEMPATH/Commands/Server/rewrite.php(43): require_once('FCPATH/index.php')
CRITICAL - 2022-12-03 23:11:48 --> syntax error, unexpected token "->", expecting identifier or variable or "{" or "$"
in APPPATH/Controllers/Pengajuan.php on line 146.
 1 SYSTEMPATH/Autoloader/Autoloader.php(259): CodeIgniter\Autoloader\Autoloader->includeFile()
 2 SYSTEMPATH/Autoloader/Autoloader.php(237): CodeIgniter\Autoloader\Autoloader->loadInNamespace()
 3 [internal function]: CodeIgniter\Autoloader\Autoloader->loadClass()
 4 SYSTEMPATH/CodeIgniter.php(857): class_exists()
 5 SYSTEMPATH/CodeIgniter.php(444): CodeIgniter\CodeIgniter->startController()
 6 SYSTEMPATH/CodeIgniter.php(340): CodeIgniter\CodeIgniter->handleRequest()
 7 FCPATH/index.php(55): CodeIgniter\CodeIgniter->run()
 8 SYSTEMPATH/Commands/Server/rewrite.php(43): require_once('FCPATH/index.php')
CRITICAL - 2022-12-03 23:11:49 --> syntax error, unexpected token "->", expecting identifier or variable or "{" or "$"
in APPPATH/Controllers/Pengajuan.php on line 146.
 1 SYSTEMPATH/Autoloader/Autoloader.php(259): CodeIgniter\Autoloader\Autoloader->includeFile()
 2 SYSTEMPATH/Autoloader/Autoloader.php(237): CodeIgniter\Autoloader\Autoloader->loadInNamespace()
 3 [internal function]: CodeIgniter\Autoloader\Autoloader->loadClass()
 4 SYSTEMPATH/CodeIgniter.php(857): class_exists()
 5 SYSTEMPATH/CodeIgniter.php(444): CodeIgniter\CodeIgniter->startController()
 6 SYSTEMPATH/CodeIgniter.php(340): CodeIgniter\CodeIgniter->handleRequest()
 7 FCPATH/index.php(55): CodeIgniter\CodeIgniter->run()
 8 SYSTEMPATH/Commands/Server/rewrite.php(43): require_once('FCPATH/index.php')
CRITICAL - 2022-12-03 23:11:50 --> syntax error, unexpected token "->", expecting identifier or variable or "{" or "$"
in APPPATH/Controllers/Pengajuan.php on line 146.
 1 SYSTEMPATH/Autoloader/Autoloader.php(259): CodeIgniter\Autoloader\Autoloader->includeFile()
 2 SYSTEMPATH/Autoloader/Autoloader.php(237): CodeIgniter\Autoloader\Autoloader->loadInNamespace()
 3 [internal function]: CodeIgniter\Autoloader\Autoloader->loadClass()
 4 SYSTEMPATH/CodeIgniter.php(857): class_exists()
 5 SYSTEMPATH/CodeIgniter.php(444): CodeIgniter\CodeIgniter->startController()
 6 SYSTEMPATH/CodeIgniter.php(340): CodeIgniter\CodeIgniter->handleRequest()
 7 FCPATH/index.php(55): CodeIgniter\CodeIgniter->run()
 8 SYSTEMPATH/Commands/Server/rewrite.php(43): require_once('FCPATH/index.php')
CRITICAL - 2022-12-03 23:11:51 --> syntax error, unexpected token "->", expecting identifier or variable or "{" or "$"
in APPPATH/Controllers/Pengajuan.php on line 146.
 1 SYSTEMPATH/Autoloader/Autoloader.php(259): CodeIgniter\Autoloader\Autoloader->includeFile()
 2 SYSTEMPATH/Autoloader/Autoloader.php(237): CodeIgniter\Autoloader\Autoloader->loadInNamespace()
 3 [internal function]: CodeIgniter\Autoloader\Autoloader->loadClass()
 4 SYSTEMPATH/CodeIgniter.php(857): class_exists()
 5 SYSTEMPATH/CodeIgniter.php(444): CodeIgniter\CodeIgniter->startController()
 6 SYSTEMPATH/CodeIgniter.php(340): CodeIgniter\CodeIgniter->handleRequest()
 7 FCPATH/index.php(55): CodeIgniter\CodeIgniter->run()
 8 SYSTEMPATH/Commands/Server/rewrite.php(43): require_once('FCPATH/index.php')
CRITICAL - 2022-12-03 23:11:52 --> syntax error, unexpected token "->", expecting identifier or variable or "{" or "$"
in APPPATH/Controllers/Pengajuan.php on line 146.
 1 SYSTEMPATH/Autoloader/Autoloader.php(259): CodeIgniter\Autoloader\Autoloader->includeFile()
 2 SYSTEMPATH/Autoloader/Autoloader.php(237): CodeIgniter\Autoloader\Autoloader->loadInNamespace()
 3 [internal function]: CodeIgniter\Autoloader\Autoloader->loadClass()
 4 SYSTEMPATH/CodeIgniter.php(857): class_exists()
 5 SYSTEMPATH/CodeIgniter.php(444): CodeIgniter\CodeIgniter->startController()
 6 SYSTEMPATH/CodeIgniter.php(340): CodeIgniter\CodeIgniter->handleRequest()
 7 FCPATH/index.php(55): CodeIgniter\CodeIgniter->run()
 8 SYSTEMPATH/Commands/Server/rewrite.php(43): require_once('FCPATH/index.php')
CRITICAL - 2022-12-03 23:11:53 --> syntax error, unexpected token "->", expecting identifier or variable or "{" or "$"
in APPPATH/Controllers/Pengajuan.php on line 146.
 1 SYSTEMPATH/Autoloader/Autoloader.php(259): CodeIgniter\Autoloader\Autoloader->includeFile()
 2 SYSTEMPATH/Autoloader/Autoloader.php(237): CodeIgniter\Autoloader\Autoloader->loadInNamespace()
 3 [internal function]: CodeIgniter\Autoloader\Autoloader->loadClass()
 4 SYSTEMPATH/CodeIgniter.php(857): class_exists()
 5 SYSTEMPATH/CodeIgniter.php(444): CodeIgniter\CodeIgniter->startController()
 6 SYSTEMPATH/CodeIgniter.php(340): CodeIgniter\CodeIgniter->handleRequest()
 7 FCPATH/index.php(55): CodeIgniter\CodeIgniter->run()
 8 SYSTEMPATH/Commands/Server/rewrite.php(43): require_once('FCPATH/index.php')
CRITICAL - 2022-12-03 23:11:54 --> syntax error, unexpected token "->", expecting identifier or variable or "{" or "$"
in APPPATH/Controllers/Pengajuan.php on line 146.
 1 SYSTEMPATH/Autoloader/Autoloader.php(259): CodeIgniter\Autoloader\Autoloader->includeFile()
 2 SYSTEMPATH/Autoloader/Autoloader.php(237): CodeIgniter\Autoloader\Autoloader->loadInNamespace()
 3 [internal function]: CodeIgniter\Autoloader\Autoloader->loadClass()
 4 SYSTEMPATH/CodeIgniter.php(857): class_exists()
 5 SYSTEMPATH/CodeIgniter.php(444): CodeIgniter\CodeIgniter->startController()
 6 SYSTEMPATH/CodeIgniter.php(340): CodeIgniter\CodeIgniter->handleRequest()
 7 FCPATH/index.php(55): CodeIgniter\CodeIgniter->run()
 8 SYSTEMPATH/Commands/Server/rewrite.php(43): require_once('FCPATH/index.php')
CRITICAL - 2022-12-03 23:11:55 --> syntax error, unexpected token "->", expecting identifier or variable or "{" or "$"
in APPPATH/Controllers/Pengajuan.php on line 146.
 1 SYSTEMPATH/Autoloader/Autoloader.php(259): CodeIgniter\Autoloader\Autoloader->includeFile()
 2 SYSTEMPATH/Autoloader/Autoloader.php(237): CodeIgniter\Autoloader\Autoloader->loadInNamespace()
 3 [internal function]: CodeIgniter\Autoloader\Autoloader->loadClass()
 4 SYSTEMPATH/CodeIgniter.php(857): class_exists()
 5 SYSTEMPATH/CodeIgniter.php(444): CodeIgniter\CodeIgniter->startController()
 6 SYSTEMPATH/CodeIgniter.php(340): CodeIgniter\CodeIgniter->handleRequest()
 7 FCPATH/index.php(55): CodeIgniter\CodeIgniter->run()
 8 SYSTEMPATH/Commands/Server/rewrite.php(43): require_once('FCPATH/index.php')
CRITICAL - 2022-12-03 23:11:56 --> syntax error, unexpected token "->", expecting identifier or variable or "{" or "$"
in APPPATH/Controllers/Pengajuan.php on line 146.
 1 SYSTEMPATH/Autoloader/Autoloader.php(259): CodeIgniter\Autoloader\Autoloader->includeFile()
 2 SYSTEMPATH/Autoloader/Autoloader.php(237): CodeIgniter\Autoloader\Autoloader->loadInNamespace()
 3 [internal function]: CodeIgniter\Autoloader\Autoloader->loadClass()
 4 SYSTEMPATH/CodeIgniter.php(857): class_exists()
 5 SYSTEMPATH/CodeIgniter.php(444): CodeIgniter\CodeIgniter->startController()
 6 SYSTEMPATH/CodeIgniter.php(340): CodeIgniter\CodeIgniter->handleRequest()
 7 FCPATH/index.php(55): CodeIgniter\CodeIgniter->run()
 8 SYSTEMPATH/Commands/Server/rewrite.php(43): require_once('FCPATH/index.php')
CRITICAL - 2022-12-03 23:11:57 --> syntax error, unexpected token "->", expecting identifier or variable or "{" or "$"
in APPPATH/Controllers/Pengajuan.php on line 146.
 1 SYSTEMPATH/Autoloader/Autoloader.php(259): CodeIgniter\Autoloader\Autoloader->includeFile()
 2 SYSTEMPATH/Autoloader/Autoloader.php(237): CodeIgniter\Autoloader\Autoloader->loadInNamespace()
 3 [internal function]: CodeIgniter\Autoloader\Autoloader->loadClass()
 4 SYSTEMPATH/CodeIgniter.php(857): class_exists()
 5 SYSTEMPATH/CodeIgniter.php(444): CodeIgniter\CodeIgniter->startController()
 6 SYSTEMPATH/CodeIgniter.php(340): CodeIgniter\CodeIgniter->handleRequest()
 7 FCPATH/index.php(55): CodeIgniter\CodeIgniter->run()
 8 SYSTEMPATH/Commands/Server/rewrite.php(43): require_once('FCPATH/index.php')
CRITICAL - 2022-12-03 23:11:58 --> syntax error, unexpected token "->", expecting identifier or variable or "{" or "$"
in APPPATH/Controllers/Pengajuan.php on line 146.
 1 SYSTEMPATH/Autoloader/Autoloader.php(259): CodeIgniter\Autoloader\Autoloader->includeFile()
 2 SYSTEMPATH/Autoloader/Autoloader.php(237): CodeIgniter\Autoloader\Autoloader->loadInNamespace()
 3 [internal function]: CodeIgniter\Autoloader\Autoloader->loadClass()
 4 SYSTEMPATH/CodeIgniter.php(857): class_exists()
 5 SYSTEMPATH/CodeIgniter.php(444): CodeIgniter\CodeIgniter->startController()
 6 SYSTEMPATH/CodeIgniter.php(340): CodeIgniter\CodeIgniter->handleRequest()
 7 FCPATH/index.php(55): CodeIgniter\CodeIgniter->run()
 8 SYSTEMPATH/Commands/Server/rewrite.php(43): require_once('FCPATH/index.php')
CRITICAL - 2022-12-03 23:12:03 --> Call to undefined method CodeIgniter\Database\MySQLi\Result::pager()
in APPPATH/Controllers/Pengajuan.php on line 146.
 1 SYSTEMPATH/CodeIgniter.php(907): App\Controllers\Pengajuan->index()
 2 SYSTEMPATH/CodeIgniter.php(457): CodeIgniter\CodeIgniter->runController()
 3 SYSTEMPATH/CodeIgniter.php(340): CodeIgniter\CodeIgniter->handleRequest()
 4 FCPATH/index.php(55): CodeIgniter\CodeIgniter->run()
 5 SYSTEMPATH/Commands/Server/rewrite.php(43): require_once('FCPATH/index.php')
CRITICAL - 2022-12-03 23:14:23 --> Undefined array key "barang"
in APPPATH/Views/pengajuan/pengajuan.php on line 25.
 1 APPPATH/Views/pengajuan/pengajuan.php(25): CodeIgniter\Debug\Exceptions->errorHandler()
 2 SYSTEMPATH/View/View.php(213): include('APPPATH/Views/pengajuan/pengajuan.php')
 3 SYSTEMPATH/View/View.php(216): CodeIgniter\View\View->CodeIgniter\View\{closure}()
 4 SYSTEMPATH/Common.php(1142): CodeIgniter\View\View->render()
 5 APPPATH/Controllers/Pengajuan.php(153): view()
 6 SYSTEMPATH/CodeIgniter.php(907): App\Controllers\Pengajuan->index()
 7 SYSTEMPATH/CodeIgniter.php(457): CodeIgniter\CodeIgniter->runController()
 8 SYSTEMPATH/CodeIgniter.php(340): CodeIgniter\CodeIgniter->handleRequest()
 9 FCPATH/index.php(55): CodeIgniter\CodeIgniter->run()
10 SYSTEMPATH/Commands/Server/rewrite.php(43): require_once('FCPATH/index.php')
CRITICAL - 2022-12-03 23:14:47 --> Call to undefined function App\Controllers\query()
in APPPATH/Controllers/Pengajuan.php on line 147.
 1 SYSTEMPATH/CodeIgniter.php(907): App\Controllers\Pengajuan->index()
 2 SYSTEMPATH/CodeIgniter.php(457): CodeIgniter\CodeIgniter->runController()
 3 SYSTEMPATH/CodeIgniter.php(340): CodeIgniter\CodeIgniter->handleRequest()
 4 FCPATH/index.php(55): CodeIgniter\CodeIgniter->run()
 5 SYSTEMPATH/Commands/Server/rewrite.php(43): require_once('FCPATH/index.php')
CRITICAL - 2022-12-03 23:15:02 --> Call to undefined method CodeIgniter\Database\MySQLi\Result::paginate()
in APPPATH/Controllers/Pengajuan.php on line 147.
 1 SYSTEMPATH/CodeIgniter.php(907): App\Controllers\Pengajuan->index()
 2 SYSTEMPATH/CodeIgniter.php(457): CodeIgniter\CodeIgniter->runController()
 3 SYSTEMPATH/CodeIgniter.php(340): CodeIgniter\CodeIgniter->handleRequest()
 4 FCPATH/index.php(55): CodeIgniter\CodeIgniter->run()
 5 SYSTEMPATH/Commands/Server/rewrite.php(43): require_once('FCPATH/index.php')
