CRITICAL - 2022-08-26 02:26:16 --> Undefined variable $up
in APPPATH/Views/rekapitulasi/rekapitulasi.php on line 25.
 1 APPPATH/Views/rekapitulasi/rekapitulasi.php(25): CodeIgniter\Debug\Exceptions->errorHandler()
 2 SYSTEMPATH/View/View.php(213): include('APPPATH/Views/rekapitulasi/rekapitulasi.php')
 3 SYSTEMPATH/View/View.php(216): CodeIgniter\View\View->CodeIgniter\View\{closure}()
 4 SYSTEMPATH/Common.php(1137): CodeIgniter\View\View->render()
 5 APPPATH/Controllers/Rekapitulasi.php(33): view()
 6 SYSTEMPATH/CodeIgniter.php(898): App\Controllers\Rekapitulasi->index()
 7 SYSTEMPATH/CodeIgniter.php(457): CodeIgniter\CodeIgniter->runController()
 8 SYSTEMPATH/CodeIgniter.php(340): CodeIgniter\CodeIgniter->handleRequest()
 9 FCPATH/index.php(55): CodeIgniter\CodeIgniter->run()
10 SYSTEMPATH/Commands/Server/rewrite.php(43): require_once('FCPATH/index.php')
CRITICAL - 2022-08-26 03:10:36 --> Cannot access offset of type string on string
in APPPATH/Views/rekapitulasi/rekapitulasi.php on line 39.
 1 SYSTEMPATH/View/View.php(213): include()
 2 SYSTEMPATH/View/View.php(216): CodeIgniter\View\View->CodeIgniter\View\{closure}()
 3 SYSTEMPATH/Common.php(1137): CodeIgniter\View\View->render()
 4 APPPATH/Controllers/Rekapitulasi.php(33): view()
 5 SYSTEMPATH/CodeIgniter.php(898): App\Controllers\Rekapitulasi->index()
 6 SYSTEMPATH/CodeIgniter.php(457): CodeIgniter\CodeIgniter->runController()
 7 SYSTEMPATH/CodeIgniter.php(340): CodeIgniter\CodeIgniter->handleRequest()
 8 FCPATH/index.php(55): CodeIgniter\CodeIgniter->run()
 9 SYSTEMPATH/Commands/Server/rewrite.php(43): require_once('FCPATH/index.php')
CRITICAL - 2022-08-26 03:11:32 --> Cannot access offset of type string on string
in APPPATH/Views/rekapitulasi/rekapitulasi.php on line 39.
 1 SYSTEMPATH/View/View.php(213): include()
 2 SYSTEMPATH/View/View.php(216): CodeIgniter\View\View->CodeIgniter\View\{closure}()
 3 SYSTEMPATH/Common.php(1137): CodeIgniter\View\View->render()
 4 APPPATH/Controllers/Rekapitulasi.php(33): view()
 5 SYSTEMPATH/CodeIgniter.php(898): App\Controllers\Rekapitulasi->index()
 6 SYSTEMPATH/CodeIgniter.php(457): CodeIgniter\CodeIgniter->runController()
 7 SYSTEMPATH/CodeIgniter.php(340): CodeIgniter\CodeIgniter->handleRequest()
 8 FCPATH/index.php(55): CodeIgniter\CodeIgniter->run()
 9 SYSTEMPATH/Commands/Server/rewrite.php(43): require_once('FCPATH/index.php')
CRITICAL - 2022-08-26 03:12:16 --> Cannot access offset of type string on string
in APPPATH/Views/rekapitulasi/rekapitulasi.php on line 39.
 1 SYSTEMPATH/View/View.php(213): include()
 2 SYSTEMPATH/View/View.php(216): CodeIgniter\View\View->CodeIgniter\View\{closure}()
 3 SYSTEMPATH/Common.php(1137): CodeIgniter\View\View->render()
 4 APPPATH/Controllers/Rekapitulasi.php(33): view()
 5 SYSTEMPATH/CodeIgniter.php(898): App\Controllers\Rekapitulasi->index()
 6 SYSTEMPATH/CodeIgniter.php(457): CodeIgniter\CodeIgniter->runController()
 7 SYSTEMPATH/CodeIgniter.php(340): CodeIgniter\CodeIgniter->handleRequest()
 8 FCPATH/index.php(55): CodeIgniter\CodeIgniter->run()
 9 SYSTEMPATH/Commands/Server/rewrite.php(43): require_once('FCPATH/index.php')
CRITICAL - 2022-08-26 04:24:30 --> Undefined array key "jumlah"
in APPPATH/Views/rekapitulasi/rekapitulasi.php on line 39.
 1 APPPATH/Views/rekapitulasi/rekapitulasi.php(39): CodeIgniter\Debug\Exceptions->errorHandler()
 2 SYSTEMPATH/View/View.php(213): include('APPPATH/Views/rekapitulasi/rekapitulasi.php')
 3 SYSTEMPATH/View/View.php(216): CodeIgniter\View\View->CodeIgniter\View\{closure}()
 4 SYSTEMPATH/Common.php(1137): CodeIgniter\View\View->render()
 5 APPPATH/Controllers/Rekapitulasi.php(33): view()
 6 SYSTEMPATH/CodeIgniter.php(898): App\Controllers\Rekapitulasi->index()
 7 SYSTEMPATH/CodeIgniter.php(457): CodeIgniter\CodeIgniter->runController()
 8 SYSTEMPATH/CodeIgniter.php(340): CodeIgniter\CodeIgniter->handleRequest()
 9 FCPATH/index.php(55): CodeIgniter\CodeIgniter->run()
10 SYSTEMPATH/Commands/Server/rewrite.php(43): require_once('FCPATH/index.php')
