CRITICAL - 2022-08-03 02:05:41 --> Undefined variable $status_kirim
in APPPATH/Views/pengajuan/pengajuan_user.php on line 31.
 1 APPPATH/Views/pengajuan/pengajuan_user.php(31): CodeIgniter\Debug\Exceptions->errorHandler()
 2 SYSTEMPATH/View/View.php(213): include('APPPATH/Views/pengajuan/pengajuan_user.php')
 3 SYSTEMPATH/View/View.php(216): CodeIgniter\View\View->CodeIgniter\View\{closure}()
 4 SYSTEMPATH/Common.php(1135): CodeIgniter\View\View->render()
 5 APPPATH/Controllers/Pengajuan.php(53): view()
 6 SYSTEMPATH/CodeIgniter.php(896): App\Controllers\Pengajuan->index()
 7 SYSTEMPATH/CodeIgniter.php(466): CodeIgniter\CodeIgniter->runController()
 8 SYSTEMPATH/CodeIgniter.php(349): CodeIgniter\CodeIgniter->handleRequest()
 9 FCPATH/index.php(55): CodeIgniter\CodeIgniter->run()
10 SYSTEMPATH/Commands/Server/rewrite.php(43): require_once('FCPATH/index.php')
CRITICAL - 2022-08-03 02:06:36 --> foreach() argument must be of type array|object, null given
in APPPATH/Views/pengajuan/pengajuan_user.php on line 31.
 1 APPPATH/Views/pengajuan/pengajuan_user.php(31): CodeIgniter\Debug\Exceptions->errorHandler()
 2 SYSTEMPATH/View/View.php(213): include('APPPATH/Views/pengajuan/pengajuan_user.php')
 3 SYSTEMPATH/View/View.php(216): CodeIgniter\View\View->CodeIgniter\View\{closure}()
 4 SYSTEMPATH/Common.php(1135): CodeIgniter\View\View->render()
 5 APPPATH/Controllers/Pengajuan.php(54): view()
 6 SYSTEMPATH/CodeIgniter.php(896): App\Controllers\Pengajuan->index()
 7 SYSTEMPATH/CodeIgniter.php(466): CodeIgniter\CodeIgniter->runController()
 8 SYSTEMPATH/CodeIgniter.php(349): CodeIgniter\CodeIgniter->handleRequest()
 9 FCPATH/index.php(55): CodeIgniter\CodeIgniter->run()
10 SYSTEMPATH/Commands/Server/rewrite.php(43): require_once('FCPATH/index.php')
CRITICAL - 2022-08-03 02:07:43 --> Call to a member function getResultArray() on null
in APPPATH/Controllers/Pengajuan.php on line 43.
 1 SYSTEMPATH/CodeIgniter.php(896): App\Controllers\Pengajuan->index()
 2 SYSTEMPATH/CodeIgniter.php(466): CodeIgniter\CodeIgniter->runController()
 3 SYSTEMPATH/CodeIgniter.php(349): CodeIgniter\CodeIgniter->handleRequest()
 4 FCPATH/index.php(55): CodeIgniter\CodeIgniter->run()
 5 SYSTEMPATH/Commands/Server/rewrite.php(43): require_once('FCPATH/index.php')
CRITICAL - 2022-08-03 02:17:42 --> Call to a member function getResultArray() on null
in APPPATH/Controllers/Pengajuan.php on line 43.
 1 SYSTEMPATH/CodeIgniter.php(896): App\Controllers\Pengajuan->index()
 2 SYSTEMPATH/CodeIgniter.php(466): CodeIgniter\CodeIgniter->runController()
 3 SYSTEMPATH/CodeIgniter.php(349): CodeIgniter\CodeIgniter->handleRequest()
 4 FCPATH/index.php(55): CodeIgniter\CodeIgniter->run()
 5 SYSTEMPATH/Commands/Server/rewrite.php(43): require_once('FCPATH/index.php')
CRITICAL - 2022-08-03 02:18:02 --> Call to a member function getResultArray() on null
in APPPATH/Controllers/Pengajuan.php on line 43.
 1 SYSTEMPATH/CodeIgniter.php(896): App\Controllers\Pengajuan->index()
 2 SYSTEMPATH/CodeIgniter.php(466): CodeIgniter\CodeIgniter->runController()
 3 SYSTEMPATH/CodeIgniter.php(349): CodeIgniter\CodeIgniter->handleRequest()
 4 FCPATH/index.php(55): CodeIgniter\CodeIgniter->run()
 5 SYSTEMPATH/Commands/Server/rewrite.php(43): require_once('FCPATH/index.php')
CRITICAL - 2022-08-03 02:18:16 --> Call to a member function getResultArray() on null
in APPPATH/Controllers/Pengajuan.php on line 43.
 1 SYSTEMPATH/CodeIgniter.php(896): App\Controllers\Pengajuan->index()
 2 SYSTEMPATH/CodeIgniter.php(466): CodeIgniter\CodeIgniter->runController()
 3 SYSTEMPATH/CodeIgniter.php(349): CodeIgniter\CodeIgniter->handleRequest()
 4 FCPATH/index.php(55): CodeIgniter\CodeIgniter->run()
 5 SYSTEMPATH/Commands/Server/rewrite.php(43): require_once('FCPATH/index.php')
CRITICAL - 2022-08-03 02:38:14 --> Undefined variable $status_kirim
in APPPATH/Views/pengajuan/pengajuan_user.php on line 31.
 1 APPPATH/Views/pengajuan/pengajuan_user.php(31): CodeIgniter\Debug\Exceptions->errorHandler()
 2 SYSTEMPATH/View/View.php(213): include('APPPATH/Views/pengajuan/pengajuan_user.php')
 3 SYSTEMPATH/View/View.php(216): CodeIgniter\View\View->CodeIgniter\View\{closure}()
 4 SYSTEMPATH/Common.php(1135): CodeIgniter\View\View->render()
 5 APPPATH/Controllers/Pengajuan.php(62): view()
 6 SYSTEMPATH/CodeIgniter.php(896): App\Controllers\Pengajuan->index()
 7 SYSTEMPATH/CodeIgniter.php(466): CodeIgniter\CodeIgniter->runController()
 8 SYSTEMPATH/CodeIgniter.php(349): CodeIgniter\CodeIgniter->handleRequest()
 9 FCPATH/index.php(55): CodeIgniter\CodeIgniter->run()
10 SYSTEMPATH/Commands/Server/rewrite.php(43): require_once('FCPATH/index.php')
CRITICAL - 2022-08-03 02:40:01 --> Array callback must have exactly two elements
in APPPATH/Views/pengajuan/pengajuan_user.php on line 35.
 1 SYSTEMPATH/View/View.php(213): include()
 2 SYSTEMPATH/View/View.php(216): CodeIgniter\View\View->CodeIgniter\View\{closure}()
 3 SYSTEMPATH/Common.php(1135): CodeIgniter\View\View->render()
 4 APPPATH/Controllers/Pengajuan.php(62): view()
 5 SYSTEMPATH/CodeIgniter.php(896): App\Controllers\Pengajuan->index()
 6 SYSTEMPATH/CodeIgniter.php(466): CodeIgniter\CodeIgniter->runController()
 7 SYSTEMPATH/CodeIgniter.php(349): CodeIgniter\CodeIgniter->handleRequest()
 8 FCPATH/index.php(55): CodeIgniter\CodeIgniter->run()
 9 SYSTEMPATH/Commands/Server/rewrite.php(43): require_once('FCPATH/index.php')
CRITICAL - 2022-08-03 03:04:27 --> Undefined variable $status_belum_selesai
in APPPATH/Views/pengajuan/pengajuan_user.php on line 31.
 1 APPPATH/Views/pengajuan/pengajuan_user.php(31): CodeIgniter\Debug\Exceptions->errorHandler()
 2 SYSTEMPATH/View/View.php(213): include('APPPATH/Views/pengajuan/pengajuan_user.php')
 3 SYSTEMPATH/View/View.php(216): CodeIgniter\View\View->CodeIgniter\View\{closure}()
 4 SYSTEMPATH/Common.php(1135): CodeIgniter\View\View->render()
 5 APPPATH/Controllers/Pengajuan.php(72): view()
 6 SYSTEMPATH/CodeIgniter.php(896): App\Controllers\Pengajuan->index()
 7 SYSTEMPATH/CodeIgniter.php(466): CodeIgniter\CodeIgniter->runController()
 8 SYSTEMPATH/CodeIgniter.php(349): CodeIgniter\CodeIgniter->handleRequest()
 9 FCPATH/index.php(55): CodeIgniter\CodeIgniter->run()
10 SYSTEMPATH/Commands/Server/rewrite.php(43): require_once('FCPATH/index.php')
ERROR - 2022-08-03 22:32:27 --> You have an error in your SQL syntax; check the manual that corresponds to your MariaDB server version for the right syntax to use near 'DESC' at line 6
CRITICAL - 2022-08-03 22:32:27 --> You have an error in your SQL syntax; check the manual that corresponds to your MariaDB server version for the right syntax to use near 'DESC' at line 6
in SYSTEMPATH/Database/MySQLi/Connection.php on line 292.
 1 SYSTEMPATH/Database/MySQLi/Connection.php(292): mysqli->query()
 2 SYSTEMPATH/Database/BaseConnection.php(695): CodeIgniter\Database\MySQLi\Connection->execute()
 3 SYSTEMPATH/Database/BaseConnection.php(609): CodeIgniter\Database\BaseConnection->simpleQuery()
 4 APPPATH/Models/PengajuanModel.php(46): CodeIgniter\Database\BaseConnection->query()
 5 APPPATH/Controllers/Pengajuan.php(110): App\Models\PengajuanModel->query()
 6 APPPATH/Controllers/Pengajuan.php(54): App\Controllers\Pengajuan->query()
 7 SYSTEMPATH/CodeIgniter.php(896): App\Controllers\Pengajuan->index()
 8 SYSTEMPATH/CodeIgniter.php(466): CodeIgniter\CodeIgniter->runController()
 9 SYSTEMPATH/CodeIgniter.php(349): CodeIgniter\CodeIgniter->handleRequest()
10 FCPATH/index.php(55): CodeIgniter\CodeIgniter->run()
11 SYSTEMPATH/Commands/Server/rewrite.php(43): require_once('FCPATH/index.php')
ERROR - 2022-08-03 22:32:55 --> You have an error in your SQL syntax; check the manual that corresponds to your MariaDB server version for the right syntax to use near 'DESC' at line 6
CRITICAL - 2022-08-03 22:32:55 --> You have an error in your SQL syntax; check the manual that corresponds to your MariaDB server version for the right syntax to use near 'DESC' at line 6
in SYSTEMPATH/Database/MySQLi/Connection.php on line 292.
 1 SYSTEMPATH/Database/MySQLi/Connection.php(292): mysqli->query()
 2 SYSTEMPATH/Database/BaseConnection.php(695): CodeIgniter\Database\MySQLi\Connection->execute()
 3 SYSTEMPATH/Database/BaseConnection.php(609): CodeIgniter\Database\BaseConnection->simpleQuery()
 4 APPPATH/Models/PengajuanModel.php(46): CodeIgniter\Database\BaseConnection->query()
 5 APPPATH/Controllers/Pengajuan.php(110): App\Models\PengajuanModel->query()
 6 APPPATH/Controllers/Pengajuan.php(54): App\Controllers\Pengajuan->query()
 7 SYSTEMPATH/CodeIgniter.php(896): App\Controllers\Pengajuan->index()
 8 SYSTEMPATH/CodeIgniter.php(466): CodeIgniter\CodeIgniter->runController()
 9 SYSTEMPATH/CodeIgniter.php(349): CodeIgniter\CodeIgniter->handleRequest()
10 FCPATH/index.php(55): CodeIgniter\CodeIgniter->run()
11 SYSTEMPATH/Commands/Server/rewrite.php(43): require_once('FCPATH/index.php')
CRITICAL - 2022-08-03 22:33:06 --> date() expects at least 1 argument, 0 given
in APPPATH/Controllers/Pengajuan.php on line 24.
 1 APPPATH/Controllers/Pengajuan.php(24): date()
 2 APPPATH/Controllers/Pengajuan.php(36): App\Controllers\Pengajuan->tanggalSekarang()
 3 SYSTEMPATH/CodeIgniter.php(896): App\Controllers\Pengajuan->index()
 4 SYSTEMPATH/CodeIgniter.php(466): CodeIgniter\CodeIgniter->runController()
 5 SYSTEMPATH/CodeIgniter.php(349): CodeIgniter\CodeIgniter->handleRequest()
 6 FCPATH/index.php(55): CodeIgniter\CodeIgniter->run()
 7 SYSTEMPATH/Commands/Server/rewrite.php(43): require_once('FCPATH/index.php')
ERROR - 2022-08-03 22:42:07 --> You have an error in your SQL syntax; check the manual that corresponds to your MariaDB server version for the right syntax to use near 'DESC' at line 6
CRITICAL - 2022-08-03 22:42:07 --> You have an error in your SQL syntax; check the manual that corresponds to your MariaDB server version for the right syntax to use near 'DESC' at line 6
in SYSTEMPATH/Database/MySQLi/Connection.php on line 292.
 1 SYSTEMPATH/Database/MySQLi/Connection.php(292): mysqli->query()
 2 SYSTEMPATH/Database/BaseConnection.php(695): CodeIgniter\Database\MySQLi\Connection->execute()
 3 SYSTEMPATH/Database/BaseConnection.php(609): CodeIgniter\Database\BaseConnection->simpleQuery()
 4 APPPATH/Models/PengajuanModel.php(46): CodeIgniter\Database\BaseConnection->query()
 5 APPPATH/Controllers/Pengajuan.php(112): App\Models\PengajuanModel->query()
 6 APPPATH/Controllers/Pengajuan.php(56): App\Controllers\Pengajuan->query()
 7 SYSTEMPATH/CodeIgniter.php(896): App\Controllers\Pengajuan->index()
 8 SYSTEMPATH/CodeIgniter.php(466): CodeIgniter\CodeIgniter->runController()
 9 SYSTEMPATH/CodeIgniter.php(349): CodeIgniter\CodeIgniter->handleRequest()
10 FCPATH/index.php(55): CodeIgniter\CodeIgniter->run()
11 SYSTEMPATH/Commands/Server/rewrite.php(43): require_once('FCPATH/index.php')
