CRITICAL - 2022-10-27 03:24:29 --> Undefined array key "ID-UNIT-PRODI"
in APPPATH/Controllers/Pengajuan.php on line 216.
 1 APPPATH/Controllers/Pengajuan.php(216): CodeIgniter\Debug\Exceptions->errorHandler()
 2 SYSTEMPATH/CodeIgniter.php(907): App\Controllers\Pengajuan->statusDikirim()
 3 SYSTEMPATH/CodeIgniter.php(457): CodeIgniter\CodeIgniter->runController()
 4 SYSTEMPATH/CodeIgniter.php(340): CodeIgniter\CodeIgniter->handleRequest()
 5 FCPATH/index.php(55): CodeIgniter\CodeIgniter->run()
 6 SYSTEMPATH/Commands/Server/rewrite.php(43): require_once('FCPATH/index.php')
CRITICAL - 2022-10-27 03:26:17 --> Undefined array key "ID-UNIT-PRODI"
in APPPATH/Controllers/Pengajuan.php on line 216.
 1 APPPATH/Controllers/Pengajuan.php(216): CodeIgniter\Debug\Exceptions->errorHandler()
 2 SYSTEMPATH/CodeIgniter.php(907): App\Controllers\Pengajuan->statusDikirim()
 3 SYSTEMPATH/CodeIgniter.php(457): CodeIgniter\CodeIgniter->runController()
 4 SYSTEMPATH/CodeIgniter.php(340): CodeIgniter\CodeIgniter->handleRequest()
 5 FCPATH/index.php(55): CodeIgniter\CodeIgniter->run()
 6 SYSTEMPATH/Commands/Server/rewrite.php(43): require_once('FCPATH/index.php')
CRITICAL - 2022-10-27 03:27:40 --> Undefined array key "ID-UNIT-PRODI"
in APPPATH/Controllers/Pengajuan.php on line 216.
 1 APPPATH/Controllers/Pengajuan.php(216): CodeIgniter\Debug\Exceptions->errorHandler()
 2 SYSTEMPATH/CodeIgniter.php(907): App\Controllers\Pengajuan->statusDikirim()
 3 SYSTEMPATH/CodeIgniter.php(457): CodeIgniter\CodeIgniter->runController()
 4 SYSTEMPATH/CodeIgniter.php(340): CodeIgniter\CodeIgniter->handleRequest()
 5 FCPATH/index.php(55): CodeIgniter\CodeIgniter->run()
 6 SYSTEMPATH/Commands/Server/rewrite.php(43): require_once('FCPATH/index.php')
CRITICAL - 2022-10-27 03:29:07 --> Undefined array key "ID-UNIT-PRODI"
in APPPATH/Controllers/Pengajuan.php on line 216.
 1 APPPATH/Controllers/Pengajuan.php(216): CodeIgniter\Debug\Exceptions->errorHandler()
 2 SYSTEMPATH/CodeIgniter.php(907): App\Controllers\Pengajuan->statusDikirim()
 3 SYSTEMPATH/CodeIgniter.php(457): CodeIgniter\CodeIgniter->runController()
 4 SYSTEMPATH/CodeIgniter.php(340): CodeIgniter\CodeIgniter->handleRequest()
 5 FCPATH/index.php(55): CodeIgniter\CodeIgniter->run()
 6 SYSTEMPATH/Commands/Server/rewrite.php(43): require_once('FCPATH/index.php')
