CRITICAL - 2022-07-30 01:41:08 --> Undefined variable $unit_prodi
in APPPATH/Views/rekapitulasi/rekapitulasi.php on line 22.
 1 APPPATH/Views/rekapitulasi/rekapitulasi.php(22): CodeIgniter\Debug\Exceptions->errorHandler()
 2 SYSTEMPATH/View/View.php(213): include('APPPATH/Views/rekapitulasi/rekapitulasi.php')
 3 SYSTEMPATH/View/View.php(216): CodeIgniter\View\View->CodeIgniter\View\{closure}()
 4 SYSTEMPATH/Common.php(1135): CodeIgniter\View\View->render()
 5 APPPATH/Controllers/Rekapitulasi.php(23): view()
 6 SYSTEMPATH/CodeIgniter.php(896): App\Controllers\Rekapitulasi->index()
 7 SYSTEMPATH/CodeIgniter.php(466): CodeIgniter\CodeIgniter->runController()
 8 SYSTEMPATH/CodeIgniter.php(349): CodeIgniter\CodeIgniter->handleRequest()
 9 FCPATH/index.php(55): CodeIgniter\CodeIgniter->run()
10 SYSTEMPATH/Commands/Server/rewrite.php(43): require_once('FCPATH/index.php')
CRITICAL - 2022-07-30 02:13:02 --> Undefined variable $unit_prodi
in APPPATH/Views/rekapitulasi/rekapitulasi.php on line 22.
 1 APPPATH/Views/rekapitulasi/rekapitulasi.php(22): CodeIgniter\Debug\Exceptions->errorHandler()
 2 SYSTEMPATH/View/View.php(213): include('APPPATH/Views/rekapitulasi/rekapitulasi.php')
 3 SYSTEMPATH/View/View.php(216): CodeIgniter\View\View->CodeIgniter\View\{closure}()
 4 SYSTEMPATH/Common.php(1135): CodeIgniter\View\View->render()
 5 APPPATH/Controllers/Rekapitulasi.php(23): view()
 6 SYSTEMPATH/CodeIgniter.php(896): App\Controllers\Rekapitulasi->index()
 7 SYSTEMPATH/CodeIgniter.php(466): CodeIgniter\CodeIgniter->runController()
 8 SYSTEMPATH/CodeIgniter.php(349): CodeIgniter\CodeIgniter->handleRequest()
 9 FCPATH/index.php(55): CodeIgniter\CodeIgniter->run()
10 SYSTEMPATH/Commands/Server/rewrite.php(43): require_once('FCPATH/index.php')
CRITICAL - 2022-07-30 04:14:44 --> Undefined variable $unit_prodi
in APPPATH/Views/rekapitulasi/rekapitulasi.php on line 22.
 1 APPPATH/Views/rekapitulasi/rekapitulasi.php(22): CodeIgniter\Debug\Exceptions->errorHandler()
 2 SYSTEMPATH/View/View.php(213): include('APPPATH/Views/rekapitulasi/rekapitulasi.php')
 3 SYSTEMPATH/View/View.php(216): CodeIgniter\View\View->CodeIgniter\View\{closure}()
 4 SYSTEMPATH/Common.php(1135): CodeIgniter\View\View->render()
 5 APPPATH/Controllers/Rekapitulasi.php(23): view()
 6 SYSTEMPATH/CodeIgniter.php(896): App\Controllers\Rekapitulasi->index()
 7 SYSTEMPATH/CodeIgniter.php(466): CodeIgniter\CodeIgniter->runController()
 8 SYSTEMPATH/CodeIgniter.php(349): CodeIgniter\CodeIgniter->handleRequest()
 9 FCPATH/index.php(55): CodeIgniter\CodeIgniter->run()
10 SYSTEMPATH/Commands/Server/rewrite.php(43): require_once('FCPATH/index.php')
CRITICAL - 2022-07-30 04:22:12 --> Undefined variable $unit_prodi
in APPPATH/Views/rekapitulasi/rekapitulasi.php on line 22.
 1 APPPATH/Views/rekapitulasi/rekapitulasi.php(22): CodeIgniter\Debug\Exceptions->errorHandler()
 2 SYSTEMPATH/View/View.php(213): include('APPPATH/Views/rekapitulasi/rekapitulasi.php')
 3 SYSTEMPATH/View/View.php(216): CodeIgniter\View\View->CodeIgniter\View\{closure}()
 4 SYSTEMPATH/Common.php(1135): CodeIgniter\View\View->render()
 5 APPPATH/Controllers/Rekapitulasi.php(23): view()
 6 SYSTEMPATH/CodeIgniter.php(896): App\Controllers\Rekapitulasi->index()
 7 SYSTEMPATH/CodeIgniter.php(466): CodeIgniter\CodeIgniter->runController()
 8 SYSTEMPATH/CodeIgniter.php(349): CodeIgniter\CodeIgniter->handleRequest()
 9 FCPATH/index.php(55): CodeIgniter\CodeIgniter->run()
10 SYSTEMPATH/Commands/Server/rewrite.php(43): require_once('FCPATH/index.php')
CRITICAL - 2022-07-30 05:08:03 --> Undefined global variable $_SESSION
in APPPATH/Views/layout/nav.php on line 44.
 1 APPPATH/Views/layout/nav.php(44): CodeIgniter\Debug\Exceptions->errorHandler()
 2 SYSTEMPATH/View/View.php(213): include('APPPATH/Views/layout/nav.php')
 3 SYSTEMPATH/View/View.php(216): CodeIgniter\View\View->CodeIgniter\View\{closure}()
 4 SYSTEMPATH/Common.php(1135): CodeIgniter\View\View->render()
 5 APPPATH/Controllers/UnitProdi.php(16): view()
 6 SYSTEMPATH/CodeIgniter.php(896): App\Controllers\UnitProdi->index()
 7 SYSTEMPATH/CodeIgniter.php(466): CodeIgniter\CodeIgniter->runController()
 8 SYSTEMPATH/CodeIgniter.php(349): CodeIgniter\CodeIgniter->handleRequest()
 9 FCPATH/index.php(55): CodeIgniter\CodeIgniter->run()
10 SYSTEMPATH/Commands/Server/rewrite.php(43): require_once('FCPATH/index.php')
CRITICAL - 2022-07-30 05:28:09 --> Call to a member function unitProdi() on null
in APPPATH/Controllers/Rekapitulasi.php on line 19.
 1 SYSTEMPATH/CodeIgniter.php(896): App\Controllers\Rekapitulasi->index()
 2 SYSTEMPATH/CodeIgniter.php(466): CodeIgniter\CodeIgniter->runController()
 3 SYSTEMPATH/CodeIgniter.php(349): CodeIgniter\CodeIgniter->handleRequest()
 4 FCPATH/index.php(55): CodeIgniter\CodeIgniter->run()
 5 SYSTEMPATH/Commands/Server/rewrite.php(43): require_once('FCPATH/index.php')
