CRITICAL - 2022-10-09 08:25:08 --> CodeIgniter\BaseModel::transformDataToArray(): Return value must be of type array, string returned
in SYSTEMPATH/BaseModel.php on line 1599.
 1 SYSTEMPATH/BaseModel.php(832): CodeIgniter\BaseModel->transformDataToArray()
 2 SYSTEMPATH/Model.php(693): CodeIgniter\BaseModel->update()
 3 APPPATH/Models/BarangModel.php(44): CodeIgniter\Model->update()
 4 APPPATH/Controllers/Pengajuan.php(203): App\Models\BarangModel->updateStok()
 5 SYSTEMPATH/CodeIgniter.php(907): App\Controllers\Pengajuan->editStatus()
 6 SYSTEMPATH/CodeIgniter.php(457): CodeIgniter\CodeIgniter->runController()
 7 SYSTEMPATH/CodeIgniter.php(340): CodeIgniter\CodeIgniter->handleRequest()
 8 FCPATH/index.php(55): CodeIgniter\CodeIgniter->run()
 9 SYSTEMPATH/Commands/Server/rewrite.php(43): require_once('FCPATH/index.php')
CRITICAL - 2022-10-09 08:34:42 --> Undefined array key "id_barang"
in APPPATH/Controllers/Pengajuan.php on line 204.
 1 APPPATH/Controllers/Pengajuan.php(204): CodeIgniter\Debug\Exceptions->errorHandler()
 2 SYSTEMPATH/CodeIgniter.php(907): App\Controllers\Pengajuan->editStatus()
 3 SYSTEMPATH/CodeIgniter.php(457): CodeIgniter\CodeIgniter->runController()
 4 SYSTEMPATH/CodeIgniter.php(340): CodeIgniter\CodeIgniter->handleRequest()
 5 FCPATH/index.php(55): CodeIgniter\CodeIgniter->run()
 6 SYSTEMPATH/Commands/Server/rewrite.php(43): require_once('FCPATH/index.php')
CRITICAL - 2022-10-09 08:34:56 --> Undefined array key "id_barang"
in APPPATH/Controllers/Pengajuan.php on line 204.
 1 APPPATH/Controllers/Pengajuan.php(204): CodeIgniter\Debug\Exceptions->errorHandler()
 2 SYSTEMPATH/CodeIgniter.php(907): App\Controllers\Pengajuan->editStatus()
 3 SYSTEMPATH/CodeIgniter.php(457): CodeIgniter\CodeIgniter->runController()
 4 SYSTEMPATH/CodeIgniter.php(340): CodeIgniter\CodeIgniter->handleRequest()
 5 FCPATH/index.php(55): CodeIgniter\CodeIgniter->run()
 6 SYSTEMPATH/Commands/Server/rewrite.php(43): require_once('FCPATH/index.php')
CRITICAL - 2022-10-09 19:03:10 --> Undefined array key "ROLE"
in APPPATH/Controllers/Rekapitulasi.php on line 28.
 1 APPPATH/Controllers/Rekapitulasi.php(28): CodeIgniter\Debug\Exceptions->errorHandler()
 2 SYSTEMPATH/CodeIgniter.php(907): App\Controllers\Rekapitulasi->index()
 3 SYSTEMPATH/CodeIgniter.php(457): CodeIgniter\CodeIgniter->runController()
 4 SYSTEMPATH/CodeIgniter.php(340): CodeIgniter\CodeIgniter->handleRequest()
 5 FCPATH/index.php(55): CodeIgniter\CodeIgniter->run()
 6 SYSTEMPATH/Commands/Server/rewrite.php(43): require_once('FCPATH/index.php')
CRITICAL - 2022-10-09 19:03:11 --> Undefined array key "ROLE"
in APPPATH/Controllers/Rekapitulasi.php on line 28.
 1 APPPATH/Controllers/Rekapitulasi.php(28): CodeIgniter\Debug\Exceptions->errorHandler()
 2 SYSTEMPATH/CodeIgniter.php(907): App\Controllers\Rekapitulasi->index()
 3 SYSTEMPATH/CodeIgniter.php(457): CodeIgniter\CodeIgniter->runController()
 4 SYSTEMPATH/CodeIgniter.php(340): CodeIgniter\CodeIgniter->handleRequest()
 5 FCPATH/index.php(55): CodeIgniter\CodeIgniter->run()
 6 SYSTEMPATH/Commands/Server/rewrite.php(43): require_once('FCPATH/index.php')
CRITICAL - 2022-10-09 19:03:17 --> Undefined array key "UNIT-PRODI"
in APPPATH/Views/layout/sidebar.php on line 16.
 1 APPPATH/Views/layout/sidebar.php(16): CodeIgniter\Debug\Exceptions->errorHandler()
 2 SYSTEMPATH/View/View.php(213): include('APPPATH/Views/layout/sidebar.php')
 3 SYSTEMPATH/View/View.php(216): CodeIgniter\View\View->CodeIgniter\View\{closure}()
 4 SYSTEMPATH/Common.php(1142): CodeIgniter\View\View->render()
 5 APPPATH/Controllers/Pengajuan.php(50): view()
 6 SYSTEMPATH/CodeIgniter.php(907): App\Controllers\Pengajuan->ubahStatus()
 7 SYSTEMPATH/CodeIgniter.php(457): CodeIgniter\CodeIgniter->runController()
 8 SYSTEMPATH/CodeIgniter.php(340): CodeIgniter\CodeIgniter->handleRequest()
 9 FCPATH/index.php(55): CodeIgniter\CodeIgniter->run()
10 SYSTEMPATH/Commands/Server/rewrite.php(43): require_once('FCPATH/index.php')
