CRITICAL - 2022-07-25 01:38:40 --> Cannot use object of type CodeIgniter\Database\MySQLi\Result as array
in APPPATH/Views/akun/edit_akun.php on line 19.
 1 SYSTEMPATH/View/View.php(213): include()
 2 SYSTEMPATH/View/View.php(216): CodeIgniter\View\View->CodeIgniter\View\{closure}()
 3 SYSTEMPATH/Common.php(1135): CodeIgniter\View\View->render()
 4 APPPATH/Controllers/User.php(73): view()
 5 SYSTEMPATH/CodeIgniter.php(896): App\Controllers\User->edit()
 6 SYSTEMPATH/CodeIgniter.php(466): CodeIgniter\CodeIgniter->runController()
 7 SYSTEMPATH/CodeIgniter.php(349): CodeIgniter\CodeIgniter->handleRequest()
 8 FCPATH/index.php(55): CodeIgniter\CodeIgniter->run()
 9 SYSTEMPATH/Commands/Server/rewrite.php(43): require_once('FCPATH/index.php')
CRITICAL - 2022-07-25 01:53:37 --> Undefined property: App\Controllers\User::$UserModel
in APPPATH/Controllers/User.php on line 57.
 1 APPPATH/Controllers/User.php(57): CodeIgniter\Debug\Exceptions->errorHandler()
 2 SYSTEMPATH/CodeIgniter.php(896): App\Controllers\User->edit()
 3 SYSTEMPATH/CodeIgniter.php(466): CodeIgniter\CodeIgniter->runController()
 4 SYSTEMPATH/CodeIgniter.php(349): CodeIgniter\CodeIgniter->handleRequest()
 5 FCPATH/index.php(55): CodeIgniter\CodeIgniter->run()
 6 SYSTEMPATH/Commands/Server/rewrite.php(43): require_once('FCPATH/index.php')
CRITICAL - 2022-07-25 01:56:37 --> openssl_encrypt(): Passing null to parameter #1 ($data) of type string is deprecated
in SYSTEMPATH/Encryption/Handlers/OpenSSLHandler.php on line 62.
 1 [internal function]: CodeIgniter\Debug\Exceptions->errorHandler()
 2 SYSTEMPATH/Encryption/Handlers/OpenSSLHandler.php(62): openssl_encrypt()
 3 APPPATH/Controllers/User.php(61): CodeIgniter\Encryption\Handlers\OpenSSLHandler->encrypt()
 4 SYSTEMPATH/CodeIgniter.php(896): App\Controllers\User->edit()
 5 SYSTEMPATH/CodeIgniter.php(466): CodeIgniter\CodeIgniter->runController()
 6 SYSTEMPATH/CodeIgniter.php(349): CodeIgniter\CodeIgniter->handleRequest()
 7 FCPATH/index.php(55): CodeIgniter\CodeIgniter->run()
 8 SYSTEMPATH/Commands/Server/rewrite.php(43): require_once('FCPATH/index.php')
CRITICAL - 2022-07-25 01:57:46 --> openssl_encrypt(): Passing null to parameter #1 ($data) of type string is deprecated
in SYSTEMPATH/Encryption/Handlers/OpenSSLHandler.php on line 62.
 1 [internal function]: CodeIgniter\Debug\Exceptions->errorHandler()
 2 SYSTEMPATH/Encryption/Handlers/OpenSSLHandler.php(62): openssl_encrypt()
 3 APPPATH/Controllers/User.php(61): CodeIgniter\Encryption\Handlers\OpenSSLHandler->encrypt()
 4 SYSTEMPATH/CodeIgniter.php(896): App\Controllers\User->edit()
 5 SYSTEMPATH/CodeIgniter.php(466): CodeIgniter\CodeIgniter->runController()
 6 SYSTEMPATH/CodeIgniter.php(349): CodeIgniter\CodeIgniter->handleRequest()
 7 FCPATH/index.php(55): CodeIgniter\CodeIgniter->run()
 8 SYSTEMPATH/Commands/Server/rewrite.php(43): require_once('FCPATH/index.php')
ERROR - 2022-07-25 02:08:20 --> Column 'id_unit_prodi' cannot be null
CRITICAL - 2022-07-25 02:08:20 --> Column 'id_unit_prodi' cannot be null
in SYSTEMPATH/Database/MySQLi/Connection.php on line 292.
 1 SYSTEMPATH/Database/MySQLi/Connection.php(292): mysqli->query()
 2 SYSTEMPATH/Database/BaseConnection.php(695): CodeIgniter\Database\MySQLi\Connection->execute()
 3 SYSTEMPATH/Database/BaseConnection.php(609): CodeIgniter\Database\BaseConnection->simpleQuery()
 4 SYSTEMPATH/Database/BaseBuilder.php(1904): CodeIgniter\Database\BaseConnection->query()
 5 SYSTEMPATH/Model.php(278): CodeIgniter\Database\BaseBuilder->insert()
 6 SYSTEMPATH/BaseModel.php(738): CodeIgniter\Model->doInsert()
 7 SYSTEMPATH/Model.php(666): CodeIgniter\BaseModel->insert()
 8 SYSTEMPATH/BaseModel.php(658): CodeIgniter\Model->insert()
 9 APPPATH/Controllers/User.php(65): CodeIgniter\BaseModel->save()
10 SYSTEMPATH/CodeIgniter.php(896): App\Controllers\User->edit()
11 SYSTEMPATH/CodeIgniter.php(466): CodeIgniter\CodeIgniter->runController()
12 SYSTEMPATH/CodeIgniter.php(349): CodeIgniter\CodeIgniter->handleRequest()
13 FCPATH/index.php(55): CodeIgniter\CodeIgniter->run()
14 SYSTEMPATH/Commands/Server/rewrite.php(43): require_once('FCPATH/index.php')
ERROR - 2022-07-25 02:10:55 --> Column 'id_unit_prodi' cannot be null
CRITICAL - 2022-07-25 02:10:55 --> Column 'id_unit_prodi' cannot be null
in SYSTEMPATH/Database/MySQLi/Connection.php on line 292.
 1 SYSTEMPATH/Database/MySQLi/Connection.php(292): mysqli->query()
 2 SYSTEMPATH/Database/BaseConnection.php(695): CodeIgniter\Database\MySQLi\Connection->execute()
 3 SYSTEMPATH/Database/BaseConnection.php(609): CodeIgniter\Database\BaseConnection->simpleQuery()
 4 SYSTEMPATH/Database/BaseBuilder.php(1904): CodeIgniter\Database\BaseConnection->query()
 5 SYSTEMPATH/Model.php(278): CodeIgniter\Database\BaseBuilder->insert()
 6 SYSTEMPATH/BaseModel.php(738): CodeIgniter\Model->doInsert()
 7 SYSTEMPATH/Model.php(666): CodeIgniter\BaseModel->insert()
 8 SYSTEMPATH/BaseModel.php(658): CodeIgniter\Model->insert()
 9 APPPATH/Controllers/User.php(65): CodeIgniter\BaseModel->save()
10 SYSTEMPATH/CodeIgniter.php(896): App\Controllers\User->edit()
11 SYSTEMPATH/CodeIgniter.php(466): CodeIgniter\CodeIgniter->runController()
12 SYSTEMPATH/CodeIgniter.php(349): CodeIgniter\CodeIgniter->handleRequest()
13 FCPATH/index.php(55): CodeIgniter\CodeIgniter->run()
14 SYSTEMPATH/Commands/Server/rewrite.php(43): require_once('FCPATH/index.php')
CRITICAL - 2022-07-25 02:12:45 --> Undefined array key "id_user"
in APPPATH/Controllers/User.php on line 65.
 1 APPPATH/Controllers/User.php(65): CodeIgniter\Debug\Exceptions->errorHandler()
 2 SYSTEMPATH/CodeIgniter.php(896): App\Controllers\User->edit()
 3 SYSTEMPATH/CodeIgniter.php(466): CodeIgniter\CodeIgniter->runController()
 4 SYSTEMPATH/CodeIgniter.php(349): CodeIgniter\CodeIgniter->handleRequest()
 5 FCPATH/index.php(55): CodeIgniter\CodeIgniter->run()
 6 SYSTEMPATH/Commands/Server/rewrite.php(43): require_once('FCPATH/index.php')
CRITICAL - 2022-07-25 03:29:38 --> Too few arguments to function App\Controllers\User::edit(), 0 passed in /home/rgsvt/Developments/kp/atk-tdec/vendor/codeigniter4/framework/system/CodeIgniter.php on line 896 and exactly 1 expected
in APPPATH/Controllers/User.php on line 53.
 1 SYSTEMPATH/CodeIgniter.php(896): App\Controllers\User->edit()
 2 SYSTEMPATH/CodeIgniter.php(466): CodeIgniter\CodeIgniter->runController()
 3 SYSTEMPATH/CodeIgniter.php(349): CodeIgniter\CodeIgniter->handleRequest()
 4 FCPATH/index.php(55): CodeIgniter\CodeIgniter->run()
 5 SYSTEMPATH/Commands/Server/rewrite.php(43): require_once('FCPATH/index.php')
CRITICAL - 2022-07-25 03:30:02 --> Too few arguments to function App\Controllers\User::edit(), 0 passed in /home/rgsvt/Developments/kp/atk-tdec/vendor/codeigniter4/framework/system/CodeIgniter.php on line 896 and exactly 1 expected
in APPPATH/Controllers/User.php on line 53.
 1 SYSTEMPATH/CodeIgniter.php(896): App\Controllers\User->edit()
 2 SYSTEMPATH/CodeIgniter.php(466): CodeIgniter\CodeIgniter->runController()
 3 SYSTEMPATH/CodeIgniter.php(349): CodeIgniter\CodeIgniter->handleRequest()
 4 FCPATH/index.php(55): CodeIgniter\CodeIgniter->run()
 5 SYSTEMPATH/Commands/Server/rewrite.php(43): require_once('FCPATH/index.php')
CRITICAL - 2022-07-25 07:03:06 --> Undefined array key "USER"
in APPPATH/Views/layout/navbar.php on line 12.
 1 APPPATH/Views/layout/navbar.php(12): CodeIgniter\Debug\Exceptions->errorHandler()
 2 SYSTEMPATH/View/View.php(213): include('APPPATH/Views/layout/navbar.php')
 3 SYSTEMPATH/View/View.php(216): CodeIgniter\View\View->CodeIgniter\View\{closure}()
 4 SYSTEMPATH/Common.php(1135): CodeIgniter\View\View->render()
 5 APPPATH/Controllers/User.php(83): view()
 6 SYSTEMPATH/CodeIgniter.php(896): App\Controllers\User->edit()
 7 SYSTEMPATH/CodeIgniter.php(466): CodeIgniter\CodeIgniter->runController()
 8 SYSTEMPATH/CodeIgniter.php(349): CodeIgniter\CodeIgniter->handleRequest()
 9 FCPATH/index.php(55): CodeIgniter\CodeIgniter->run()
10 SYSTEMPATH/Commands/Server/rewrite.php(43): require_once('FCPATH/index.php')
CRITICAL - 2022-07-25 07:03:08 --> Undefined array key "USER"
in APPPATH/Views/layout/navbar.php on line 12.
 1 APPPATH/Views/layout/navbar.php(12): CodeIgniter\Debug\Exceptions->errorHandler()
 2 SYSTEMPATH/View/View.php(213): include('APPPATH/Views/layout/navbar.php')
 3 SYSTEMPATH/View/View.php(216): CodeIgniter\View\View->CodeIgniter\View\{closure}()
 4 SYSTEMPATH/Common.php(1135): CodeIgniter\View\View->render()
 5 APPPATH/Controllers/User.php(31): view()
 6 SYSTEMPATH/CodeIgniter.php(896): App\Controllers\User->index()
 7 SYSTEMPATH/CodeIgniter.php(466): CodeIgniter\CodeIgniter->runController()
 8 SYSTEMPATH/CodeIgniter.php(349): CodeIgniter\CodeIgniter->handleRequest()
 9 FCPATH/index.php(55): CodeIgniter\CodeIgniter->run()
10 SYSTEMPATH/Commands/Server/rewrite.php(43): require_once('FCPATH/index.php')
CRITICAL - 2022-07-25 20:47:26 --> Undefined array key "USER"
in APPPATH/Views/layout/navbar.php on line 12.
 1 APPPATH/Views/layout/navbar.php(12): CodeIgniter\Debug\Exceptions->errorHandler()
 2 SYSTEMPATH/View/View.php(213): include('APPPATH/Views/layout/navbar.php')
 3 SYSTEMPATH/View/View.php(216): CodeIgniter\View\View->CodeIgniter\View\{closure}()
 4 SYSTEMPATH/Common.php(1135): CodeIgniter\View\View->render()
 5 APPPATH/Controllers/User.php(31): view()
 6 SYSTEMPATH/CodeIgniter.php(896): App\Controllers\User->index()
 7 SYSTEMPATH/CodeIgniter.php(466): CodeIgniter\CodeIgniter->runController()
 8 SYSTEMPATH/CodeIgniter.php(349): CodeIgniter\CodeIgniter->handleRequest()
 9 FCPATH/index.php(55): CodeIgniter\CodeIgniter->run()
10 SYSTEMPATH/Commands/Server/rewrite.php(43): require_once('FCPATH/index.php')
CRITICAL - 2022-07-25 21:32:22 --> Undefined global variable $_SESSION
in APPPATH/Views/layout/navbar.php on line 12.
 1 APPPATH/Views/layout/navbar.php(12): CodeIgniter\Debug\Exceptions->errorHandler()
 2 SYSTEMPATH/View/View.php(213): include('APPPATH/Views/layout/navbar.php')
 3 SYSTEMPATH/View/View.php(216): CodeIgniter\View\View->CodeIgniter\View\{closure}()
 4 SYSTEMPATH/Common.php(1135): CodeIgniter\View\View->render()
 5 APPPATH/Controllers/Home.php(14): view()
 6 SYSTEMPATH/CodeIgniter.php(896): App\Controllers\Home->index()
 7 SYSTEMPATH/CodeIgniter.php(466): CodeIgniter\CodeIgniter->runController()
 8 SYSTEMPATH/CodeIgniter.php(349): CodeIgniter\CodeIgniter->handleRequest()
 9 FCPATH/index.php(55): CodeIgniter\CodeIgniter->run()
10 SYSTEMPATH/Commands/Server/rewrite.php(43): require_once('FCPATH/index.php')
CRITICAL - 2022-07-25 21:32:24 --> Undefined global variable $_SESSION
in APPPATH/Views/layout/navbar.php on line 12.
 1 APPPATH/Views/layout/navbar.php(12): CodeIgniter\Debug\Exceptions->errorHandler()
 2 SYSTEMPATH/View/View.php(213): include('APPPATH/Views/layout/navbar.php')
 3 SYSTEMPATH/View/View.php(216): CodeIgniter\View\View->CodeIgniter\View\{closure}()
 4 SYSTEMPATH/Common.php(1135): CodeIgniter\View\View->render()
 5 APPPATH/Controllers/Home.php(14): view()
 6 SYSTEMPATH/CodeIgniter.php(896): App\Controllers\Home->index()
 7 SYSTEMPATH/CodeIgniter.php(466): CodeIgniter\CodeIgniter->runController()
 8 SYSTEMPATH/CodeIgniter.php(349): CodeIgniter\CodeIgniter->handleRequest()
 9 FCPATH/index.php(55): CodeIgniter\CodeIgniter->run()
10 SYSTEMPATH/Commands/Server/rewrite.php(43): require_once('FCPATH/index.php')
CRITICAL - 2022-07-25 21:32:25 --> Undefined global variable $_SESSION
in APPPATH/Views/layout/navbar.php on line 12.
 1 APPPATH/Views/layout/navbar.php(12): CodeIgniter\Debug\Exceptions->errorHandler()
 2 SYSTEMPATH/View/View.php(213): include('APPPATH/Views/layout/navbar.php')
 3 SYSTEMPATH/View/View.php(216): CodeIgniter\View\View->CodeIgniter\View\{closure}()
 4 SYSTEMPATH/Common.php(1135): CodeIgniter\View\View->render()
 5 APPPATH/Controllers/Home.php(14): view()
 6 SYSTEMPATH/CodeIgniter.php(896): App\Controllers\Home->index()
 7 SYSTEMPATH/CodeIgniter.php(466): CodeIgniter\CodeIgniter->runController()
 8 SYSTEMPATH/CodeIgniter.php(349): CodeIgniter\CodeIgniter->handleRequest()
 9 FCPATH/index.php(55): CodeIgniter\CodeIgniter->run()
10 SYSTEMPATH/Commands/Server/rewrite.php(43): require_once('FCPATH/index.php')
CRITICAL - 2022-07-25 21:32:55 --> Undefined global variable $_SESSION
in APPPATH/Views/layout/navbar.php on line 12.
 1 APPPATH/Views/layout/navbar.php(12): CodeIgniter\Debug\Exceptions->errorHandler()
 2 SYSTEMPATH/View/View.php(213): include('APPPATH/Views/layout/navbar.php')
 3 SYSTEMPATH/View/View.php(216): CodeIgniter\View\View->CodeIgniter\View\{closure}()
 4 SYSTEMPATH/Common.php(1135): CodeIgniter\View\View->render()
 5 APPPATH/Controllers/Home.php(14): view()
 6 SYSTEMPATH/CodeIgniter.php(896): App\Controllers\Home->index()
 7 SYSTEMPATH/CodeIgniter.php(466): CodeIgniter\CodeIgniter->runController()
 8 SYSTEMPATH/CodeIgniter.php(349): CodeIgniter\CodeIgniter->handleRequest()
 9 FCPATH/index.php(55): CodeIgniter\CodeIgniter->run()
10 SYSTEMPATH/Commands/Server/rewrite.php(43): require_once('FCPATH/index.php')
CRITICAL - 2022-07-25 21:33:14 --> Undefined global variable $_SESSION
in APPPATH/Views/layout/navbar.php on line 12.
 1 APPPATH/Views/layout/navbar.php(12): CodeIgniter\Debug\Exceptions->errorHandler()
 2 SYSTEMPATH/View/View.php(213): include('APPPATH/Views/layout/navbar.php')
 3 SYSTEMPATH/View/View.php(216): CodeIgniter\View\View->CodeIgniter\View\{closure}()
 4 SYSTEMPATH/Common.php(1135): CodeIgniter\View\View->render()
 5 APPPATH/Controllers/Home.php(14): view()
 6 SYSTEMPATH/CodeIgniter.php(896): App\Controllers\Home->index()
 7 SYSTEMPATH/CodeIgniter.php(466): CodeIgniter\CodeIgniter->runController()
 8 SYSTEMPATH/CodeIgniter.php(349): CodeIgniter\CodeIgniter->handleRequest()
 9 FCPATH/index.php(55): CodeIgniter\CodeIgniter->run()
10 SYSTEMPATH/Commands/Server/rewrite.php(43): require_once('FCPATH/index.php')
CRITICAL - 2022-07-25 22:10:59 --> syntax error, unexpected end of file
in APPPATH/Views/barang/barang.php on line 41.
 1 SYSTEMPATH/View/View.php(216): CodeIgniter\View\View->CodeIgniter\View\{closure}()
 2 SYSTEMPATH/Common.php(1135): CodeIgniter\View\View->render()
 3 APPPATH/Controllers/Barang.php(37): view()
 4 SYSTEMPATH/CodeIgniter.php(896): App\Controllers\Barang->index()
 5 SYSTEMPATH/CodeIgniter.php(466): CodeIgniter\CodeIgniter->runController()
 6 SYSTEMPATH/CodeIgniter.php(349): CodeIgniter\CodeIgniter->handleRequest()
 7 FCPATH/index.php(55): CodeIgniter\CodeIgniter->run()
 8 SYSTEMPATH/Commands/Server/rewrite.php(43): require_once('FCPATH/index.php')
CRITICAL - 2022-07-25 22:35:29 --> Undefined variable $satuan
in APPPATH/Views/barang/barang.php on line 56.
 1 APPPATH/Views/barang/barang.php(56): CodeIgniter\Debug\Exceptions->errorHandler()
 2 SYSTEMPATH/View/View.php(213): include('APPPATH/Views/barang/barang.php')
 3 SYSTEMPATH/View/View.php(216): CodeIgniter\View\View->CodeIgniter\View\{closure}()
 4 SYSTEMPATH/Common.php(1135): CodeIgniter\View\View->render()
 5 APPPATH/Controllers/Barang.php(37): view()
 6 SYSTEMPATH/CodeIgniter.php(896): App\Controllers\Barang->index()
 7 SYSTEMPATH/CodeIgniter.php(466): CodeIgniter\CodeIgniter->runController()
 8 SYSTEMPATH/CodeIgniter.php(349): CodeIgniter\CodeIgniter->handleRequest()
 9 FCPATH/index.php(55): CodeIgniter\CodeIgniter->run()
10 SYSTEMPATH/Commands/Server/rewrite.php(43): require_once('FCPATH/index.php')
CRITICAL - 2022-07-25 23:05:29 --> Undefined array key "barang"
in APPPATH/Views/barang/barang.php on line 25.
 1 APPPATH/Views/barang/barang.php(25): CodeIgniter\Debug\Exceptions->errorHandler()
 2 SYSTEMPATH/View/View.php(213): include('APPPATH/Views/barang/barang.php')
 3 SYSTEMPATH/View/View.php(216): CodeIgniter\View\View->CodeIgniter\View\{closure}()
 4 SYSTEMPATH/Common.php(1135): CodeIgniter\View\View->render()
 5 APPPATH/Controllers/Barang.php(37): view()
 6 SYSTEMPATH/CodeIgniter.php(896): App\Controllers\Barang->index()
 7 SYSTEMPATH/CodeIgniter.php(466): CodeIgniter\CodeIgniter->runController()
 8 SYSTEMPATH/CodeIgniter.php(349): CodeIgniter\CodeIgniter->handleRequest()
 9 FCPATH/index.php(55): CodeIgniter\CodeIgniter->run()
10 SYSTEMPATH/Commands/Server/rewrite.php(43): require_once('FCPATH/index.php')
CRITICAL - 2022-07-25 23:05:56 --> Undefined array key "barang"
in APPPATH/Views/barang/barang.php on line 25.
 1 APPPATH/Views/barang/barang.php(25): CodeIgniter\Debug\Exceptions->errorHandler()
 2 SYSTEMPATH/View/View.php(213): include('APPPATH/Views/barang/barang.php')
 3 SYSTEMPATH/View/View.php(216): CodeIgniter\View\View->CodeIgniter\View\{closure}()
 4 SYSTEMPATH/Common.php(1135): CodeIgniter\View\View->render()
 5 APPPATH/Controllers/Barang.php(37): view()
 6 SYSTEMPATH/CodeIgniter.php(896): App\Controllers\Barang->index()
 7 SYSTEMPATH/CodeIgniter.php(466): CodeIgniter\CodeIgniter->runController()
 8 SYSTEMPATH/CodeIgniter.php(349): CodeIgniter\CodeIgniter->handleRequest()
 9 FCPATH/index.php(55): CodeIgniter\CodeIgniter->run()
10 SYSTEMPATH/Commands/Server/rewrite.php(43): require_once('FCPATH/index.php')
CRITICAL - 2022-07-25 23:06:09 --> Undefined array key "id_satuan"
in APPPATH/Views/barang/barang.php on line 59.
 1 APPPATH/Views/barang/barang.php(59): CodeIgniter\Debug\Exceptions->errorHandler()
 2 SYSTEMPATH/View/View.php(213): include('APPPATH/Views/barang/barang.php')
 3 SYSTEMPATH/View/View.php(216): CodeIgniter\View\View->CodeIgniter\View\{closure}()
 4 SYSTEMPATH/Common.php(1135): CodeIgniter\View\View->render()
 5 APPPATH/Controllers/Barang.php(37): view()
 6 SYSTEMPATH/CodeIgniter.php(896): App\Controllers\Barang->index()
 7 SYSTEMPATH/CodeIgniter.php(466): CodeIgniter\CodeIgniter->runController()
 8 SYSTEMPATH/CodeIgniter.php(349): CodeIgniter\CodeIgniter->handleRequest()
 9 FCPATH/index.php(55): CodeIgniter\CodeIgniter->run()
10 SYSTEMPATH/Commands/Server/rewrite.php(43): require_once('FCPATH/index.php')
CRITICAL - 2022-07-25 23:07:06 --> Cannot access offset of type string on string
in APPPATH/Views/barang/barang.php on line 59.
 1 SYSTEMPATH/View/View.php(213): include()
 2 SYSTEMPATH/View/View.php(216): CodeIgniter\View\View->CodeIgniter\View\{closure}()
 3 SYSTEMPATH/Common.php(1135): CodeIgniter\View\View->render()
 4 APPPATH/Controllers/Barang.php(37): view()
 5 SYSTEMPATH/CodeIgniter.php(896): App\Controllers\Barang->index()
 6 SYSTEMPATH/CodeIgniter.php(466): CodeIgniter\CodeIgniter->runController()
 7 SYSTEMPATH/CodeIgniter.php(349): CodeIgniter\CodeIgniter->handleRequest()
 8 FCPATH/index.php(55): CodeIgniter\CodeIgniter->run()
 9 SYSTEMPATH/Commands/Server/rewrite.php(43): require_once('FCPATH/index.php')
CRITICAL - 2022-07-25 23:07:20 --> Cannot access offset of type string on string
in APPPATH/Views/barang/barang.php on line 59.
 1 SYSTEMPATH/View/View.php(213): include()
 2 SYSTEMPATH/View/View.php(216): CodeIgniter\View\View->CodeIgniter\View\{closure}()
 3 SYSTEMPATH/Common.php(1135): CodeIgniter\View\View->render()
 4 APPPATH/Controllers/Barang.php(37): view()
 5 SYSTEMPATH/CodeIgniter.php(896): App\Controllers\Barang->index()
 6 SYSTEMPATH/CodeIgniter.php(466): CodeIgniter\CodeIgniter->runController()
 7 SYSTEMPATH/CodeIgniter.php(349): CodeIgniter\CodeIgniter->handleRequest()
 8 FCPATH/index.php(55): CodeIgniter\CodeIgniter->run()
 9 SYSTEMPATH/Commands/Server/rewrite.php(43): require_once('FCPATH/index.php')
CRITICAL - 2022-07-25 23:07:21 --> Cannot access offset of type string on string
in APPPATH/Views/barang/barang.php on line 59.
 1 SYSTEMPATH/View/View.php(213): include()
 2 SYSTEMPATH/View/View.php(216): CodeIgniter\View\View->CodeIgniter\View\{closure}()
 3 SYSTEMPATH/Common.php(1135): CodeIgniter\View\View->render()
 4 APPPATH/Controllers/Barang.php(37): view()
 5 SYSTEMPATH/CodeIgniter.php(896): App\Controllers\Barang->index()
 6 SYSTEMPATH/CodeIgniter.php(466): CodeIgniter\CodeIgniter->runController()
 7 SYSTEMPATH/CodeIgniter.php(349): CodeIgniter\CodeIgniter->handleRequest()
 8 FCPATH/index.php(55): CodeIgniter\CodeIgniter->run()
 9 SYSTEMPATH/Commands/Server/rewrite.php(43): require_once('FCPATH/index.php')
CRITICAL - 2022-07-25 23:07:49 --> Cannot access offset of type string on string
in APPPATH/Views/barang/barang.php on line 59.
 1 SYSTEMPATH/View/View.php(213): include()
 2 SYSTEMPATH/View/View.php(216): CodeIgniter\View\View->CodeIgniter\View\{closure}()
 3 SYSTEMPATH/Common.php(1135): CodeIgniter\View\View->render()
 4 APPPATH/Controllers/Barang.php(37): view()
 5 SYSTEMPATH/CodeIgniter.php(896): App\Controllers\Barang->index()
 6 SYSTEMPATH/CodeIgniter.php(466): CodeIgniter\CodeIgniter->runController()
 7 SYSTEMPATH/CodeIgniter.php(349): CodeIgniter\CodeIgniter->handleRequest()
 8 FCPATH/index.php(55): CodeIgniter\CodeIgniter->run()
 9 SYSTEMPATH/Commands/Server/rewrite.php(43): require_once('FCPATH/index.php')
CRITICAL - 2022-07-25 23:08:28 --> foreach() argument must be of type array|object, string given
in APPPATH/Views/barang/barang.php on line 58.
 1 APPPATH/Views/barang/barang.php(58): CodeIgniter\Debug\Exceptions->errorHandler()
 2 SYSTEMPATH/View/View.php(213): include('APPPATH/Views/barang/barang.php')
 3 SYSTEMPATH/View/View.php(216): CodeIgniter\View\View->CodeIgniter\View\{closure}()
 4 SYSTEMPATH/Common.php(1135): CodeIgniter\View\View->render()
 5 APPPATH/Controllers/Barang.php(37): view()
 6 SYSTEMPATH/CodeIgniter.php(896): App\Controllers\Barang->index()
 7 SYSTEMPATH/CodeIgniter.php(466): CodeIgniter\CodeIgniter->runController()
 8 SYSTEMPATH/CodeIgniter.php(349): CodeIgniter\CodeIgniter->handleRequest()
 9 FCPATH/index.php(55): CodeIgniter\CodeIgniter->run()
10 SYSTEMPATH/Commands/Server/rewrite.php(43): require_once('FCPATH/index.php')
CRITICAL - 2022-07-25 23:08:49 --> Cannot access offset of type string on string
in APPPATH/Views/barang/barang.php on line 59.
 1 SYSTEMPATH/View/View.php(213): include()
 2 SYSTEMPATH/View/View.php(216): CodeIgniter\View\View->CodeIgniter\View\{closure}()
 3 SYSTEMPATH/Common.php(1135): CodeIgniter\View\View->render()
 4 APPPATH/Controllers/Barang.php(37): view()
 5 SYSTEMPATH/CodeIgniter.php(896): App\Controllers\Barang->index()
 6 SYSTEMPATH/CodeIgniter.php(466): CodeIgniter\CodeIgniter->runController()
 7 SYSTEMPATH/CodeIgniter.php(349): CodeIgniter\CodeIgniter->handleRequest()
 8 FCPATH/index.php(55): CodeIgniter\CodeIgniter->run()
 9 SYSTEMPATH/Commands/Server/rewrite.php(43): require_once('FCPATH/index.php')
CRITICAL - 2022-07-25 23:09:04 --> Undefined array key "satuan"
in APPPATH/Views/barang/barang.php on line 59.
 1 APPPATH/Views/barang/barang.php(59): CodeIgniter\Debug\Exceptions->errorHandler()
 2 SYSTEMPATH/View/View.php(213): include('APPPATH/Views/barang/barang.php')
 3 SYSTEMPATH/View/View.php(216): CodeIgniter\View\View->CodeIgniter\View\{closure}()
 4 SYSTEMPATH/Common.php(1135): CodeIgniter\View\View->render()
 5 APPPATH/Controllers/Barang.php(37): view()
 6 SYSTEMPATH/CodeIgniter.php(896): App\Controllers\Barang->index()
 7 SYSTEMPATH/CodeIgniter.php(466): CodeIgniter\CodeIgniter->runController()
 8 SYSTEMPATH/CodeIgniter.php(349): CodeIgniter\CodeIgniter->handleRequest()
 9 FCPATH/index.php(55): CodeIgniter\CodeIgniter->run()
10 SYSTEMPATH/Commands/Server/rewrite.php(43): require_once('FCPATH/index.php')
CRITICAL - 2022-07-25 23:17:12 --> Undefined array key "id_barang"
in APPPATH/Views/barang/barang.php on line 10.
 1 APPPATH/Views/barang/barang.php(10): CodeIgniter\Debug\Exceptions->errorHandler()
 2 SYSTEMPATH/View/View.php(213): include('APPPATH/Views/barang/barang.php')
 3 SYSTEMPATH/View/View.php(216): CodeIgniter\View\View->CodeIgniter\View\{closure}()
 4 SYSTEMPATH/Common.php(1135): CodeIgniter\View\View->render()
 5 APPPATH/Controllers/Barang.php(37): view()
 6 SYSTEMPATH/CodeIgniter.php(896): App\Controllers\Barang->index()
 7 SYSTEMPATH/CodeIgniter.php(466): CodeIgniter\CodeIgniter->runController()
 8 SYSTEMPATH/CodeIgniter.php(349): CodeIgniter\CodeIgniter->handleRequest()
 9 FCPATH/index.php(55): CodeIgniter\CodeIgniter->run()
10 SYSTEMPATH/Commands/Server/rewrite.php(43): require_once('FCPATH/index.php')
