CRITICAL - 2022-11-14 04:54:31 --> Undefined variable: id_user
in APPPATH/Views/akun/akun.php on line 39.
 1 APPPATH/Views/akun/akun.php(39): CodeIgniter\Debug\Exceptions->errorHandler()
 2 SYSTEMPATH/View/View.php(213): include('APPPATH/Views/akun/akun.php')
 3 SYSTEMPATH/View/View.php(216): CodeIgniter\View\View->CodeIgniter\View\{closure}()
 4 SYSTEMPATH/Common.php(1142): CodeIgniter\View\View->render()
 5 APPPATH/Controllers/User.php(38): view()
 6 SYSTEMPATH/CodeIgniter.php(907): App\Controllers\User->index()
 7 SYSTEMPATH/CodeIgniter.php(457): CodeIgniter\CodeIgniter->runController()
 8 SYSTEMPATH/CodeIgniter.php(340): CodeIgniter\CodeIgniter->handleRequest()
 9 FCPATH/index.php(55): CodeIgniter\CodeIgniter->run()
10 SYSTEMPATH/Commands/Server/rewrite.php(43): require_once('FCPATH/index.php')
ERROR - 2022-11-14 05:52:19 --> mysqli_sql_exception: Cannot delete or update a parent row: a foreign key constraint fails (`db_atk`.`pengajuan`, CONSTRAINT `pengajuan_ibfk_1` FOREIGN KEY (`id_barang`) REFERENCES `barang` (`id_barang`)) in /home/rgsvt/Developments/kp/atk-tdec/vendor/codeigniter4/framework/system/Database/MySQLi/Connection.php:292
Stack trace:
#0 /home/rgsvt/Developments/kp/atk-tdec/vendor/codeigniter4/framework/system/Database/MySQLi/Connection.php(292): mysqli->query()
#1 /home/rgsvt/Developments/kp/atk-tdec/vendor/codeigniter4/framework/system/Database/BaseConnection.php(693): CodeIgniter\Database\MySQLi\Connection->execute()
#2 /home/rgsvt/Developments/kp/atk-tdec/vendor/codeigniter4/framework/system/Database/BaseConnection.php(620): CodeIgniter\Database\BaseConnection->simpleQuery()
#3 /home/rgsvt/Developments/kp/atk-tdec/vendor/codeigniter4/framework/system/Database/BaseBuilder.php(2391): CodeIgniter\Database\BaseConnection->query()
#4 /home/rgsvt/Developments/kp/atk-tdec/vendor/codeigniter4/framework/system/Model.php(401): CodeIgniter\Database\BaseBuilder->delete()
#5 /home/rgsvt/Developments/kp/atk-tdec/vendor/codeigniter4/framework/system/BaseModel.php(963): CodeIgniter\Model->doDelete()
#6 /home/rgsvt/Developments/kp/atk-tdec/app/Controllers/Barang.php(90): CodeIgniter\BaseModel->delete()
#7 /home/rgsvt/Developments/kp/atk-tdec/vendor/codeigniter4/framework/system/CodeIgniter.php(907): App\Controllers\Barang->hapus()
#8 /home/rgsvt/Developments/kp/atk-tdec/vendor/codeigniter4/framework/system/CodeIgniter.php(457): CodeIgniter\CodeIgniter->runController()
#9 /home/rgsvt/Developments/kp/atk-tdec/vendor/codeigniter4/framework/system/CodeIgniter.php(340): CodeIgniter\CodeIgniter->handleRequest()
#10 /home/rgsvt/Developments/kp/atk-tdec/public/index.php(55): CodeIgniter\CodeIgniter->run()
#11 /home/rgsvt/Developments/kp/atk-tdec/vendor/codeigniter4/framework/system/Commands/Server/rewrite.php(43): require_once('/home/rgsvt/Dev...')
#12 {main}
CRITICAL - 2022-11-14 05:52:19 --> Cannot delete or update a parent row: a foreign key constraint fails (`db_atk`.`pengajuan`, CONSTRAINT `pengajuan_ibfk_1` FOREIGN KEY (`id_barang`) REFERENCES `barang` (`id_barang`))
in SYSTEMPATH/Database/MySQLi/Connection.php on line 292.
 1 SYSTEMPATH/Database/MySQLi/Connection.php(292): mysqli->query()
 2 SYSTEMPATH/Database/BaseConnection.php(693): CodeIgniter\Database\MySQLi\Connection->execute()
 3 SYSTEMPATH/Database/BaseConnection.php(620): CodeIgniter\Database\BaseConnection->simpleQuery()
 4 SYSTEMPATH/Database/BaseBuilder.php(2391): CodeIgniter\Database\BaseConnection->query()
 5 SYSTEMPATH/Model.php(401): CodeIgniter\Database\BaseBuilder->delete()
 6 SYSTEMPATH/BaseModel.php(963): CodeIgniter\Model->doDelete()
 7 APPPATH/Controllers/Barang.php(90): CodeIgniter\BaseModel->delete()
 8 SYSTEMPATH/CodeIgniter.php(907): App\Controllers\Barang->hapus()
 9 SYSTEMPATH/CodeIgniter.php(457): CodeIgniter\CodeIgniter->runController()
10 SYSTEMPATH/CodeIgniter.php(340): CodeIgniter\CodeIgniter->handleRequest()
11 FCPATH/index.php(55): CodeIgniter\CodeIgniter->run()
12 SYSTEMPATH/Commands/Server/rewrite.php(43): require_once('FCPATH/index.php')
ERROR - 2022-11-14 05:53:06 --> mysqli_sql_exception: Cannot delete or update a parent row: a foreign key constraint fails (`db_atk`.`pengajuan`, CONSTRAINT `pengajuan_ibfk_1` FOREIGN KEY (`id_barang`) REFERENCES `barang` (`id_barang`)) in /home/rgsvt/Developments/kp/atk-tdec/vendor/codeigniter4/framework/system/Database/MySQLi/Connection.php:292
Stack trace:
#0 /home/rgsvt/Developments/kp/atk-tdec/vendor/codeigniter4/framework/system/Database/MySQLi/Connection.php(292): mysqli->query()
#1 /home/rgsvt/Developments/kp/atk-tdec/vendor/codeigniter4/framework/system/Database/BaseConnection.php(693): CodeIgniter\Database\MySQLi\Connection->execute()
#2 /home/rgsvt/Developments/kp/atk-tdec/vendor/codeigniter4/framework/system/Database/BaseConnection.php(620): CodeIgniter\Database\BaseConnection->simpleQuery()
#3 /home/rgsvt/Developments/kp/atk-tdec/vendor/codeigniter4/framework/system/Database/BaseBuilder.php(2391): CodeIgniter\Database\BaseConnection->query()
#4 /home/rgsvt/Developments/kp/atk-tdec/vendor/codeigniter4/framework/system/Model.php(401): CodeIgniter\Database\BaseBuilder->delete()
#5 /home/rgsvt/Developments/kp/atk-tdec/vendor/codeigniter4/framework/system/BaseModel.php(963): CodeIgniter\Model->doDelete()
#6 /home/rgsvt/Developments/kp/atk-tdec/app/Controllers/Barang.php(90): CodeIgniter\BaseModel->delete()
#7 /home/rgsvt/Developments/kp/atk-tdec/vendor/codeigniter4/framework/system/CodeIgniter.php(907): App\Controllers\Barang->hapus()
#8 /home/rgsvt/Developments/kp/atk-tdec/vendor/codeigniter4/framework/system/CodeIgniter.php(457): CodeIgniter\CodeIgniter->runController()
#9 /home/rgsvt/Developments/kp/atk-tdec/vendor/codeigniter4/framework/system/CodeIgniter.php(340): CodeIgniter\CodeIgniter->handleRequest()
#10 /home/rgsvt/Developments/kp/atk-tdec/public/index.php(55): CodeIgniter\CodeIgniter->run()
#11 /home/rgsvt/Developments/kp/atk-tdec/vendor/codeigniter4/framework/system/Commands/Server/rewrite.php(43): require_once('/home/rgsvt/Dev...')
#12 {main}
CRITICAL - 2022-11-14 05:53:06 --> Cannot delete or update a parent row: a foreign key constraint fails (`db_atk`.`pengajuan`, CONSTRAINT `pengajuan_ibfk_1` FOREIGN KEY (`id_barang`) REFERENCES `barang` (`id_barang`))
in SYSTEMPATH/Database/MySQLi/Connection.php on line 292.
 1 SYSTEMPATH/Database/MySQLi/Connection.php(292): mysqli->query()
 2 SYSTEMPATH/Database/BaseConnection.php(693): CodeIgniter\Database\MySQLi\Connection->execute()
 3 SYSTEMPATH/Database/BaseConnection.php(620): CodeIgniter\Database\BaseConnection->simpleQuery()
 4 SYSTEMPATH/Database/BaseBuilder.php(2391): CodeIgniter\Database\BaseConnection->query()
 5 SYSTEMPATH/Model.php(401): CodeIgniter\Database\BaseBuilder->delete()
 6 SYSTEMPATH/BaseModel.php(963): CodeIgniter\Model->doDelete()
 7 APPPATH/Controllers/Barang.php(90): CodeIgniter\BaseModel->delete()
 8 SYSTEMPATH/CodeIgniter.php(907): App\Controllers\Barang->hapus()
 9 SYSTEMPATH/CodeIgniter.php(457): CodeIgniter\CodeIgniter->runController()
10 SYSTEMPATH/CodeIgniter.php(340): CodeIgniter\CodeIgniter->handleRequest()
11 FCPATH/index.php(55): CodeIgniter\CodeIgniter->run()
12 SYSTEMPATH/Commands/Server/rewrite.php(43): require_once('FCPATH/index.php')
ERROR - 2022-11-14 07:08:52 --> mysqli_sql_exception: Cannot add or update a child row: a foreign key constraint fails (`db_atk`.`barang`, CONSTRAINT `barang_ibfk_1` FOREIGN KEY (`id_satuan`) REFERENCES `satuan` (`id_satuan`)) in /home/rgsvt/Developments/kp/atk-tdec/vendor/codeigniter4/framework/system/Database/MySQLi/Connection.php:292
Stack trace:
#0 /home/rgsvt/Developments/kp/atk-tdec/vendor/codeigniter4/framework/system/Database/MySQLi/Connection.php(292): mysqli->query()
#1 /home/rgsvt/Developments/kp/atk-tdec/vendor/codeigniter4/framework/system/Database/BaseConnection.php(693): CodeIgniter\Database\MySQLi\Connection->execute()
#2 /home/rgsvt/Developments/kp/atk-tdec/vendor/codeigniter4/framework/system/Database/BaseConnection.php(620): CodeIgniter\Database\BaseConnection->simpleQuery()
#3 /home/rgsvt/Developments/kp/atk-tdec/vendor/codeigniter4/framework/system/Database/BaseBuilder.php(1916): CodeIgniter\Database\BaseConnection->query()
#4 /home/rgsvt/Developments/kp/atk-tdec/vendor/codeigniter4/framework/system/Model.php(279): CodeIgniter\Database\BaseBuilder->insert()
#5 /home/rgsvt/Developments/kp/atk-tdec/vendor/codeigniter4/framework/system/BaseModel.php(738): CodeIgniter\Model->doInsert()
#6 /home/rgsvt/Developments/kp/atk-tdec/vendor/codeigniter4/framework/system/Model.php(667): CodeIgniter\BaseModel->insert()
#7 /home/rgsvt/Developments/kp/atk-tdec/vendor/codeigniter4/framework/system/BaseModel.php(658): CodeIgniter\Model->insert()
#8 /home/rgsvt/Developments/kp/atk-tdec/app/Models/BarangModel.php(40): CodeIgniter\BaseModel->save()
#9 /home/rgsvt/Developments/kp/atk-tdec/app/Controllers/Barang.php(56): App\Models\BarangModel->add()
#10 /home/rgsvt/Developments/kp/atk-tdec/app/Controllers/Barang.php(28): App\Controllers\Barang->tambah()
#11 /home/rgsvt/Developments/kp/atk-tdec/vendor/codeigniter4/framework/system/CodeIgniter.php(907): App\Controllers\Barang->index()
#12 /home/rgsvt/Developments/kp/atk-tdec/vendor/codeigniter4/framework/system/CodeIgniter.php(457): CodeIgniter\CodeIgniter->runController()
#13 /home/rgsvt/Developments/kp/atk-tdec/vendor/codeigniter4/framework/system/CodeIgniter.php(340): CodeIgniter\CodeIgniter->handleRequest()
#14 /home/rgsvt/Developments/kp/atk-tdec/public/index.php(55): CodeIgniter\CodeIgniter->run()
#15 /home/rgsvt/Developments/kp/atk-tdec/vendor/codeigniter4/framework/system/Commands/Server/rewrite.php(43): require_once('/home/rgsvt/Dev...')
#16 {main}
CRITICAL - 2022-11-14 07:08:52 --> Cannot add or update a child row: a foreign key constraint fails (`db_atk`.`barang`, CONSTRAINT `barang_ibfk_1` FOREIGN KEY (`id_satuan`) REFERENCES `satuan` (`id_satuan`))
in SYSTEMPATH/Database/MySQLi/Connection.php on line 292.
 1 SYSTEMPATH/Database/MySQLi/Connection.php(292): mysqli->query()
 2 SYSTEMPATH/Database/BaseConnection.php(693): CodeIgniter\Database\MySQLi\Connection->execute()
 3 SYSTEMPATH/Database/BaseConnection.php(620): CodeIgniter\Database\BaseConnection->simpleQuery()
 4 SYSTEMPATH/Database/BaseBuilder.php(1916): CodeIgniter\Database\BaseConnection->query()
 5 SYSTEMPATH/Model.php(279): CodeIgniter\Database\BaseBuilder->insert()
 6 SYSTEMPATH/BaseModel.php(738): CodeIgniter\Model->doInsert()
 7 SYSTEMPATH/Model.php(667): CodeIgniter\BaseModel->insert()
 8 SYSTEMPATH/BaseModel.php(658): CodeIgniter\Model->insert()
 9 APPPATH/Models/BarangModel.php(40): CodeIgniter\BaseModel->save()
10 APPPATH/Controllers/Barang.php(56): App\Models\BarangModel->add()
11 APPPATH/Controllers/Barang.php(28): App\Controllers\Barang->tambah()
12 SYSTEMPATH/CodeIgniter.php(907): App\Controllers\Barang->index()
13 SYSTEMPATH/CodeIgniter.php(457): CodeIgniter\CodeIgniter->runController()
14 SYSTEMPATH/CodeIgniter.php(340): CodeIgniter\CodeIgniter->handleRequest()
15 FCPATH/index.php(55): CodeIgniter\CodeIgniter->run()
16 SYSTEMPATH/Commands/Server/rewrite.php(43): require_once('FCPATH/index.php')
