CRITICAL - 2022-11-07 21:11:33 --> Call to undefined function CodeIgniter\CLI\mb_strpos()
in SYSTEMPATH/CLI/CLI.php on line 776.
 1 SYSTEMPATH/CLI/CLI.php(161): CodeIgniter\CLI\CLI::parseCommandLine()
 2 SYSTEMPATH/CLI/CLI.php(1018): CodeIgniter\CLI\CLI::init()
 3 SYSTEMPATH/Autoloader/Autoloader.php(282): include_once('SYSTEMPATH/CLI/CLI.php')
 4 SYSTEMPATH/Autoloader/Autoloader.php(259): CodeIgniter\Autoloader\Autoloader->includeFile()
 5 SYSTEMPATH/Autoloader/Autoloader.php(237): CodeIgniter\Autoloader\Autoloader->loadInNamespace()
 6 [internal function]: CodeIgniter\Autoloader\Autoloader->loadClass()
 7 SYSTEMPATH/CLI/Console.php(60): spl_autoload_call()
 8 ROOTPATH/spark(83): CodeIgniter\CLI\Console->showHeader()
CRITICAL - 2022-11-07 21:15:17 --> Call to undefined function CodeIgniter\CLI\mb_strpos()
in SYSTEMPATH/CLI/CLI.php on line 776.
 1 SYSTEMPATH/CLI/CLI.php(161): CodeIgniter\CLI\CLI::parseCommandLine()
 2 SYSTEMPATH/CLI/CLI.php(1018): CodeIgniter\CLI\CLI::init()
 3 SYSTEMPATH/Autoloader/Autoloader.php(282): include_once('SYSTEMPATH/CLI/CLI.php')
 4 SYSTEMPATH/Autoloader/Autoloader.php(259): CodeIgniter\Autoloader\Autoloader->includeFile()
 5 SYSTEMPATH/Autoloader/Autoloader.php(237): CodeIgniter\Autoloader\Autoloader->loadInNamespace()
 6 [internal function]: CodeIgniter\Autoloader\Autoloader->loadClass()
 7 SYSTEMPATH/CLI/Console.php(60): spl_autoload_call()
 8 ROOTPATH/spark(83): CodeIgniter\CLI\Console->showHeader()
CRITICAL - 2022-11-07 21:16:37 --> Call to undefined function CodeIgniter\CLI\mb_strpos()
in SYSTEMPATH/CLI/CLI.php on line 776.
 1 SYSTEMPATH/CLI/CLI.php(161): CodeIgniter\CLI\CLI::parseCommandLine()
 2 SYSTEMPATH/CLI/CLI.php(1018): CodeIgniter\CLI\CLI::init()
 3 SYSTEMPATH/Autoloader/Autoloader.php(282): include_once('SYSTEMPATH/CLI/CLI.php')
 4 SYSTEMPATH/Autoloader/Autoloader.php(259): CodeIgniter\Autoloader\Autoloader->includeFile()
 5 SYSTEMPATH/Autoloader/Autoloader.php(237): CodeIgniter\Autoloader\Autoloader->loadInNamespace()
 6 [internal function]: CodeIgniter\Autoloader\Autoloader->loadClass()
 7 SYSTEMPATH/CLI/Console.php(60): spl_autoload_call()
 8 ROOTPATH/spark(83): CodeIgniter\CLI\Console->showHeader()
CRITICAL - 2022-11-07 21:17:10 --> Call to undefined function CodeIgniter\CLI\mb_strpos()
in SYSTEMPATH/CLI/CLI.php on line 776.
 1 SYSTEMPATH/CLI/CLI.php(161): CodeIgniter\CLI\CLI::parseCommandLine()
 2 SYSTEMPATH/CLI/CLI.php(1018): CodeIgniter\CLI\CLI::init()
 3 SYSTEMPATH/Autoloader/Autoloader.php(282): include_once('SYSTEMPATH/CLI/CLI.php')
 4 SYSTEMPATH/Autoloader/Autoloader.php(259): CodeIgniter\Autoloader\Autoloader->includeFile()
 5 SYSTEMPATH/Autoloader/Autoloader.php(237): CodeIgniter\Autoloader\Autoloader->loadInNamespace()
 6 [internal function]: CodeIgniter\Autoloader\Autoloader->loadClass()
 7 SYSTEMPATH/CLI/Console.php(60): spl_autoload_call()
 8 ROOTPATH/spark(83): CodeIgniter\CLI\Console->showHeader()
CRITICAL - 2022-11-07 21:17:54 --> Call to undefined function CodeIgniter\CLI\mb_strpos()
in SYSTEMPATH/CLI/CLI.php on line 776.
 1 SYSTEMPATH/CLI/CLI.php(161): CodeIgniter\CLI\CLI::parseCommandLine()
 2 SYSTEMPATH/CLI/CLI.php(1018): CodeIgniter\CLI\CLI::init()
 3 SYSTEMPATH/Autoloader/Autoloader.php(282): include_once('SYSTEMPATH/CLI/CLI.php')
 4 SYSTEMPATH/Autoloader/Autoloader.php(259): CodeIgniter\Autoloader\Autoloader->includeFile()
 5 SYSTEMPATH/Autoloader/Autoloader.php(237): CodeIgniter\Autoloader\Autoloader->loadInNamespace()
 6 [internal function]: CodeIgniter\Autoloader\Autoloader->loadClass()
 7 SYSTEMPATH/CLI/Console.php(60): spl_autoload_call()
 8 ROOTPATH/spark(83): CodeIgniter\CLI\Console->showHeader()
CRITICAL - 2022-11-07 21:18:39 --> Call to undefined function CodeIgniter\CLI\mb_strpos()
in SYSTEMPATH/CLI/CLI.php on line 776.
 1 SYSTEMPATH/CLI/CLI.php(161): CodeIgniter\CLI\CLI::parseCommandLine()
 2 SYSTEMPATH/CLI/CLI.php(1018): CodeIgniter\CLI\CLI::init()
 3 SYSTEMPATH/Autoloader/Autoloader.php(282): include_once('SYSTEMPATH/CLI/CLI.php')
 4 SYSTEMPATH/Autoloader/Autoloader.php(259): CodeIgniter\Autoloader\Autoloader->includeFile()
 5 SYSTEMPATH/Autoloader/Autoloader.php(237): CodeIgniter\Autoloader\Autoloader->loadInNamespace()
 6 [internal function]: CodeIgniter\Autoloader\Autoloader->loadClass()
 7 SYSTEMPATH/CLI/Console.php(60): spl_autoload_call()
 8 ROOTPATH/spark(83): CodeIgniter\CLI\Console->showHeader()
CRITICAL - 2022-11-07 21:20:47 --> Call to undefined function CodeIgniter\CLI\mb_strpos()
in SYSTEMPATH/CLI/CLI.php on line 776.
 1 SYSTEMPATH/CLI/CLI.php(161): CodeIgniter\CLI\CLI::parseCommandLine()
 2 SYSTEMPATH/CLI/CLI.php(1018): CodeIgniter\CLI\CLI::init()
 3 SYSTEMPATH/Autoloader/Autoloader.php(282): include_once('SYSTEMPATH/CLI/CLI.php')
 4 SYSTEMPATH/Autoloader/Autoloader.php(259): CodeIgniter\Autoloader\Autoloader->includeFile()
 5 SYSTEMPATH/Autoloader/Autoloader.php(237): CodeIgniter\Autoloader\Autoloader->loadInNamespace()
 6 [internal function]: CodeIgniter\Autoloader\Autoloader->loadClass()
 7 SYSTEMPATH/CLI/Console.php(60): spl_autoload_call()
 8 ROOTPATH/spark(83): CodeIgniter\CLI\Console->showHeader()
CRITICAL - 2022-11-07 21:22:44 --> Use of undefined constant MYSQLI_STORE_RESULT - assumed 'MYSQLI_STORE_RESULT' (this will throw an Error in a future version of PHP)
in SYSTEMPATH/Database/Database.php on line 136.
 1 SYSTEMPATH/Database/Database.php(136): CodeIgniter\Debug\Exceptions->errorHandler()
 2 SYSTEMPATH/Database/Database.php(56): CodeIgniter\Database\Database->initDriver()
 3 SYSTEMPATH/Database/Config.php(78): CodeIgniter\Database\Database->load()
 4 SYSTEMPATH/Model.php(137): CodeIgniter\Database\Config::connect()
 5 APPPATH/Controllers/Home.php(17): CodeIgniter\Model->__construct()
 6 SYSTEMPATH/CodeIgniter.php(869): App\Controllers\Home->__construct()
 7 SYSTEMPATH/CodeIgniter.php(448): CodeIgniter\CodeIgniter->createController()
 8 SYSTEMPATH/CodeIgniter.php(340): CodeIgniter\CodeIgniter->handleRequest()
 9 FCPATH/index.php(55): CodeIgniter\CodeIgniter->run()
10 SYSTEMPATH/Commands/Server/rewrite.php(43): require_once('FCPATH/index.php')
