CRITICAL - 2022-09-21 08:22:15 --> Undefined global variable $_SESSION
in APPPATH/Views/layout/sidebar.php on line 16.
 1 APPPATH/Views/layout/sidebar.php(16): CodeIgniter\Debug\Exceptions->errorHandler()
 2 SYSTEMPATH/View/View.php(213): include('APPPATH/Views/layout/sidebar.php')
 3 SYSTEMPATH/View/View.php(216): CodeIgniter\View\View->CodeIgniter\View\{closure}()
 4 SYSTEMPATH/Common.php(1142): CodeIgniter\View\View->render()
 5 APPPATH/Controllers/Akademik.php(16): view()
 6 SYSTEMPATH/CodeIgniter.php(907): App\Controllers\Akademik->index()
 7 SYSTEMPATH/CodeIgniter.php(457): CodeIgniter\CodeIgniter->runController()
 8 SYSTEMPATH/CodeIgniter.php(340): CodeIgniter\CodeIgniter->handleRequest()
 9 FCPATH/index.php(55): CodeIgniter\CodeIgniter->run()
10 SYSTEMPATH/Commands/Server/rewrite.php(43): require_once('FCPATH/index.php')
CRITICAL - 2022-09-21 11:23:21 --> Undefined array key "UNIT-PRODI"
in APPPATH/Views/layout/sidebar.php on line 16.
 1 APPPATH/Views/layout/sidebar.php(16): CodeIgniter\Debug\Exceptions->errorHandler()
 2 SYSTEMPATH/View/View.php(213): include('APPPATH/Views/layout/sidebar.php')
 3 SYSTEMPATH/View/View.php(216): CodeIgniter\View\View->CodeIgniter\View\{closure}()
 4 SYSTEMPATH/Common.php(1142): CodeIgniter\View\View->render()
 5 APPPATH/Controllers/Akademik.php(22): view()
 6 SYSTEMPATH/CodeIgniter.php(907): App\Controllers\Akademik->index()
 7 SYSTEMPATH/CodeIgniter.php(457): CodeIgniter\CodeIgniter->runController()
 8 SYSTEMPATH/CodeIgniter.php(340): CodeIgniter\CodeIgniter->handleRequest()
 9 FCPATH/index.php(55): CodeIgniter\CodeIgniter->run()
10 SYSTEMPATH/Commands/Server/rewrite.php(43): require_once('FCPATH/index.php')
CRITICAL - 2022-09-21 11:23:24 --> Undefined array key "UNIT-PRODI"
in APPPATH/Views/layout/sidebar.php on line 16.
 1 APPPATH/Views/layout/sidebar.php(16): CodeIgniter\Debug\Exceptions->errorHandler()
 2 SYSTEMPATH/View/View.php(213): include('APPPATH/Views/layout/sidebar.php')
 3 SYSTEMPATH/View/View.php(216): CodeIgniter\View\View->CodeIgniter\View\{closure}()
 4 SYSTEMPATH/Common.php(1142): CodeIgniter\View\View->render()
 5 APPPATH/Controllers/Akademik.php(22): view()
 6 SYSTEMPATH/CodeIgniter.php(907): App\Controllers\Akademik->index()
 7 SYSTEMPATH/CodeIgniter.php(457): CodeIgniter\CodeIgniter->runController()
 8 SYSTEMPATH/CodeIgniter.php(340): CodeIgniter\CodeIgniter->handleRequest()
 9 FCPATH/index.php(55): CodeIgniter\CodeIgniter->run()
10 SYSTEMPATH/Commands/Server/rewrite.php(43): require_once('FCPATH/index.php')
CRITICAL - 2022-09-21 22:20:55 --> CodeIgniter\Router\RouteCollection::get(): Argument #1 ($from) must be of type string, array given, called in /home/rgsvt/Developments/kp/atk-tdec/app/Config/Routes.php on line 97
in SYSTEMPATH/Router/RouteCollection.php on line 876.
 1 APPPATH/Config/Routes.php(97): CodeIgniter\Router\RouteCollection->get()
 2 SYSTEMPATH/Router/RouteCollection.php(637): CodeIgniter\CodeIgniter::Config\{closure}()
 3 APPPATH/Config/Routes.php(98): CodeIgniter\Router\RouteCollection->group()
 4 SYSTEMPATH/CodeIgniter.php(769): require('APPPATH/Config/Routes.php')
 5 SYSTEMPATH/CodeIgniter.php(406): CodeIgniter\CodeIgniter->tryToRouteIt()
 6 SYSTEMPATH/CodeIgniter.php(340): CodeIgniter\CodeIgniter->handleRequest()
 7 FCPATH/index.php(55): CodeIgniter\CodeIgniter->run()
 8 SYSTEMPATH/Commands/Server/rewrite.php(43): require_once('FCPATH/index.php')
CRITICAL - 2022-09-21 22:26:14 --> The route for "/akademik" cannot be found.
in SYSTEMPATH/HTTP/RedirectResponse.php on line 60.
 1 SYSTEMPATH/HTTP/RedirectResponse.php(60): CodeIgniter\HTTP\Exceptions\HTTPException::forInvalidRedirectRoute()
 2 APPPATH/Controllers/Akademik.php(38): CodeIgniter\HTTP\RedirectResponse->route()
 3 APPPATH/Controllers/Akademik.php(18): App\Controllers\Akademik->tambah()
 4 SYSTEMPATH/CodeIgniter.php(907): App\Controllers\Akademik->index()
 5 SYSTEMPATH/CodeIgniter.php(457): CodeIgniter\CodeIgniter->runController()
 6 SYSTEMPATH/CodeIgniter.php(340): CodeIgniter\CodeIgniter->handleRequest()
 7 FCPATH/index.php(55): CodeIgniter\CodeIgniter->run()
 8 SYSTEMPATH/Commands/Server/rewrite.php(43): require_once('FCPATH/index.php')
CRITICAL - 2022-09-21 22:27:26 --> The route for "/akademik" cannot be found.
in SYSTEMPATH/HTTP/RedirectResponse.php on line 60.
 1 SYSTEMPATH/HTTP/RedirectResponse.php(60): CodeIgniter\HTTP\Exceptions\HTTPException::forInvalidRedirectRoute()
 2 APPPATH/Controllers/Akademik.php(38): CodeIgniter\HTTP\RedirectResponse->route()
 3 APPPATH/Controllers/Akademik.php(18): App\Controllers\Akademik->tambah()
 4 SYSTEMPATH/CodeIgniter.php(907): App\Controllers\Akademik->index()
 5 SYSTEMPATH/CodeIgniter.php(457): CodeIgniter\CodeIgniter->runController()
 6 SYSTEMPATH/CodeIgniter.php(340): CodeIgniter\CodeIgniter->handleRequest()
 7 FCPATH/index.php(55): CodeIgniter\CodeIgniter->run()
 8 SYSTEMPATH/Commands/Server/rewrite.php(43): require_once('FCPATH/index.php')
