CRITICAL - 2022-08-15 02:52:53 --> Cannot use [] for reading
in APPPATH/Views/rekapitulasi/rekapitulasi.php on line 33.
 1 [internal function]: CodeIgniter\Debug\Exceptions->shutdownHandler()
CRITICAL - 2022-08-15 02:53:03 --> Undefined array key "barang"
in APPPATH/Views/rekapitulasi/rekapitulasi.php on line 33.
 1 APPPATH/Views/rekapitulasi/rekapitulasi.php(33): CodeIgniter\Debug\Exceptions->errorHandler()
 2 SYSTEMPATH/View/View.php(213): include('APPPATH/Views/rekapitulasi/rekapitulasi.php')
 3 SYSTEMPATH/View/View.php(216): CodeIgniter\View\View->CodeIgniter\View\{closure}()
 4 SYSTEMPATH/Common.php(1137): CodeIgniter\View\View->render()
 5 APPPATH/Controllers/Rekapitulasi.php(33): view()
 6 SYSTEMPATH/CodeIgniter.php(898): App\Controllers\Rekapitulasi->index()
 7 SYSTEMPATH/CodeIgniter.php(457): CodeIgniter\CodeIgniter->runController()
 8 SYSTEMPATH/CodeIgniter.php(340): CodeIgniter\CodeIgniter->handleRequest()
 9 FCPATH/index.php(55): CodeIgniter\CodeIgniter->run()
10 SYSTEMPATH/Commands/Server/rewrite.php(43): require_once('FCPATH/index.php')
CRITICAL - 2022-08-15 02:53:44 --> Undefined array key "barang"
in APPPATH/Views/rekapitulasi/rekapitulasi.php on line 33.
 1 APPPATH/Views/rekapitulasi/rekapitulasi.php(33): CodeIgniter\Debug\Exceptions->errorHandler()
 2 SYSTEMPATH/View/View.php(213): include('APPPATH/Views/rekapitulasi/rekapitulasi.php')
 3 SYSTEMPATH/View/View.php(216): CodeIgniter\View\View->CodeIgniter\View\{closure}()
 4 SYSTEMPATH/Common.php(1137): CodeIgniter\View\View->render()
 5 APPPATH/Controllers/Rekapitulasi.php(33): view()
 6 SYSTEMPATH/CodeIgniter.php(898): App\Controllers\Rekapitulasi->index()
 7 SYSTEMPATH/CodeIgniter.php(457): CodeIgniter\CodeIgniter->runController()
 8 SYSTEMPATH/CodeIgniter.php(340): CodeIgniter\CodeIgniter->handleRequest()
 9 FCPATH/index.php(55): CodeIgniter\CodeIgniter->run()
10 SYSTEMPATH/Commands/Server/rewrite.php(43): require_once('FCPATH/index.php')
CRITICAL - 2022-08-15 02:59:02 --> Undefined array key "barang"
in APPPATH/Views/rekapitulasi/rekapitulasi.php on line 33.
 1 APPPATH/Views/rekapitulasi/rekapitulasi.php(33): CodeIgniter\Debug\Exceptions->errorHandler()
 2 SYSTEMPATH/View/View.php(213): include('APPPATH/Views/rekapitulasi/rekapitulasi.php')
 3 SYSTEMPATH/View/View.php(216): CodeIgniter\View\View->CodeIgniter\View\{closure}()
 4 SYSTEMPATH/Common.php(1137): CodeIgniter\View\View->render()
 5 APPPATH/Controllers/Rekapitulasi.php(33): view()
 6 SYSTEMPATH/CodeIgniter.php(898): App\Controllers\Rekapitulasi->index()
 7 SYSTEMPATH/CodeIgniter.php(457): CodeIgniter\CodeIgniter->runController()
 8 SYSTEMPATH/CodeIgniter.php(340): CodeIgniter\CodeIgniter->handleRequest()
 9 FCPATH/index.php(55): CodeIgniter\CodeIgniter->run()
10 SYSTEMPATH/Commands/Server/rewrite.php(43): require_once('FCPATH/index.php')
CRITICAL - 2022-08-15 03:00:36 --> Undefined array key "barang"
in APPPATH/Views/rekapitulasi/rekapitulasi.php on line 33.
 1 APPPATH/Views/rekapitulasi/rekapitulasi.php(33): CodeIgniter\Debug\Exceptions->errorHandler()
 2 SYSTEMPATH/View/View.php(213): include('APPPATH/Views/rekapitulasi/rekapitulasi.php')
 3 SYSTEMPATH/View/View.php(216): CodeIgniter\View\View->CodeIgniter\View\{closure}()
 4 SYSTEMPATH/Common.php(1137): CodeIgniter\View\View->render()
 5 APPPATH/Controllers/Rekapitulasi.php(33): view()
 6 SYSTEMPATH/CodeIgniter.php(898): App\Controllers\Rekapitulasi->index()
 7 SYSTEMPATH/CodeIgniter.php(457): CodeIgniter\CodeIgniter->runController()
 8 SYSTEMPATH/CodeIgniter.php(340): CodeIgniter\CodeIgniter->handleRequest()
 9 FCPATH/index.php(55): CodeIgniter\CodeIgniter->run()
10 SYSTEMPATH/Commands/Server/rewrite.php(43): require_once('FCPATH/index.php')
ERROR - 2022-08-15 22:46:19 --> Error connecting to the database: mysqli_sql_exception: No such file or directory in /home/rgsvt/Developments/kp/atk-tdec/vendor/codeigniter4/framework/system/Database/MySQLi/Connection.php:171
Stack trace:
#0 /home/rgsvt/Developments/kp/atk-tdec/vendor/codeigniter4/framework/system/Database/MySQLi/Connection.php(171): mysqli->real_connect()
#1 /home/rgsvt/Developments/kp/atk-tdec/vendor/codeigniter4/framework/system/Database/BaseConnection.php(382): CodeIgniter\Database\MySQLi\Connection->connect()
#2 /home/rgsvt/Developments/kp/atk-tdec/vendor/codeigniter4/framework/system/Database/BaseConnection.php(588): CodeIgniter\Database\BaseConnection->initialize()
#3 /home/rgsvt/Developments/kp/atk-tdec/app/Models/PengajuanModel.php(31): CodeIgniter\Database\BaseConnection->query()
#4 /home/rgsvt/Developments/kp/atk-tdec/app/Controllers/Pengajuan.php(72): App\Models\PengajuanModel->getBarang()
#5 /home/rgsvt/Developments/kp/atk-tdec/vendor/codeigniter4/framework/system/CodeIgniter.php(898): App\Controllers\Pengajuan->index()
#6 /home/rgsvt/Developments/kp/atk-tdec/vendor/codeigniter4/framework/system/CodeIgniter.php(457): CodeIgniter\CodeIgniter->runController()
#7 /home/rgsvt/Developments/kp/atk-tdec/vendor/codeigniter4/framework/system/CodeIgniter.php(340): CodeIgniter\CodeIgniter->handleRequest()
#8 /home/rgsvt/Developments/kp/atk-tdec/public/index.php(55): CodeIgniter\CodeIgniter->run()
#9 /home/rgsvt/Developments/kp/atk-tdec/vendor/codeigniter4/framework/system/Commands/Server/rewrite.php(43): require_once('...')
#10 {main}

Next CodeIgniter\Database\Exceptions\DatabaseException: No such file or directory in /home/rgsvt/Developments/kp/atk-tdec/vendor/codeigniter4/framework/system/Database/MySQLi/Connection.php:215
Stack trace:
#0 /home/rgsvt/Developments/kp/atk-tdec/vendor/codeigniter4/framework/system/Database/BaseConnection.php(382): CodeIgniter\Database\MySQLi\Connection->connect()
#1 /home/rgsvt/Developments/kp/atk-tdec/vendor/codeigniter4/framework/system/Database/BaseConnection.php(588): CodeIgniter\Database\BaseConnection->initialize()
#2 /home/rgsvt/Developments/kp/atk-tdec/app/Models/PengajuanModel.php(31): CodeIgniter\Database\BaseConnection->query()
#3 /home/rgsvt/Developments/kp/atk-tdec/app/Controllers/Pengajuan.php(72): App\Models\PengajuanModel->getBarang()
#4 /home/rgsvt/Developments/kp/atk-tdec/vendor/codeigniter4/framework/system/CodeIgniter.php(898): App\Controllers\Pengajuan->index()
#5 /home/rgsvt/Developments/kp/atk-tdec/vendor/codeigniter4/framework/system/CodeIgniter.php(457): CodeIgniter\CodeIgniter->runController()
#6 /home/rgsvt/Developments/kp/atk-tdec/vendor/codeigniter4/framework/system/CodeIgniter.php(340): CodeIgniter\CodeIgniter->handleRequest()
#7 /home/rgsvt/Developments/kp/atk-tdec/public/index.php(55): CodeIgniter\CodeIgniter->run()
#8 /home/rgsvt/Developments/kp/atk-tdec/vendor/codeigniter4/framework/system/Commands/Server/rewrite.php(43): require_once('...')
#9 {main}
CRITICAL - 2022-08-15 22:46:19 --> Unable to connect to the database.
Main connection [MySQLi]: No such file or directory
in SYSTEMPATH/Database/BaseConnection.php on line 418.
 1 SYSTEMPATH/Database/BaseConnection.php(588): CodeIgniter\Database\BaseConnection->initialize()
 2 APPPATH/Models/PengajuanModel.php(31): CodeIgniter\Database\BaseConnection->query()
 3 APPPATH/Controllers/Pengajuan.php(72): App\Models\PengajuanModel->getBarang()
 4 SYSTEMPATH/CodeIgniter.php(898): App\Controllers\Pengajuan->index()
 5 SYSTEMPATH/CodeIgniter.php(457): CodeIgniter\CodeIgniter->runController()
 6 SYSTEMPATH/CodeIgniter.php(340): CodeIgniter\CodeIgniter->handleRequest()
 7 FCPATH/index.php(55): CodeIgniter\CodeIgniter->run()
 8 SYSTEMPATH/Commands/Server/rewrite.php(43): require_once('FCPATH/index.php')
