CRITICAL - 2022-09-07 06:26:48 --> Call to undefined method CodeIgniter\Database\MySQLi\Result::resultArray()
in APPPATH/Controllers/Rekapitulasi.php on line 101.
 1 SYSTEMPATH/CodeIgniter.php(898): App\Controllers\Rekapitulasi->dataTesting()
 2 SYSTEMPATH/CodeIgniter.php(457): CodeIgniter\CodeIgniter->runController()
 3 SYSTEMPATH/CodeIgniter.php(340): CodeIgniter\CodeIgniter->handleRequest()
 4 FCPATH/index.php(55): CodeIgniter\CodeIgniter->run()
 5 SYSTEMPATH/Commands/Server/rewrite.php(43): require_once('FCPATH/index.php')
CRITICAL - 2022-09-07 06:35:04 --> array_push(): Argument #1 ($array) must be of type array, string given
in APPPATH/Controllers/Rekapitulasi.php on line 106.
 1 APPPATH/Controllers/Rekapitulasi.php(106): array_push()
 2 SYSTEMPATH/CodeIgniter.php(898): App\Controllers\Rekapitulasi->dataTesting()
 3 SYSTEMPATH/CodeIgniter.php(457): CodeIgniter\CodeIgniter->runController()
 4 SYSTEMPATH/CodeIgniter.php(340): CodeIgniter\CodeIgniter->handleRequest()
 5 FCPATH/index.php(55): CodeIgniter\CodeIgniter->run()
 6 SYSTEMPATH/Commands/Server/rewrite.php(43): require_once('FCPATH/index.php')
CRITICAL - 2022-09-07 07:34:18 --> count(): Argument #1 ($value) must be of type Countable|array, string given
in APPPATH/Views/rekapitulasi/dataTest.php on line 17.
 1 SYSTEMPATH/View/View.php(213): include()
 2 SYSTEMPATH/View/View.php(216): CodeIgniter\View\View->CodeIgniter\View\{closure}()
 3 SYSTEMPATH/Common.php(1137): CodeIgniter\View\View->render()
 4 APPPATH/Controllers/Rekapitulasi.php(125): view()
 5 SYSTEMPATH/CodeIgniter.php(898): App\Controllers\Rekapitulasi->dataTesting()
 6 SYSTEMPATH/CodeIgniter.php(457): CodeIgniter\CodeIgniter->runController()
 7 SYSTEMPATH/CodeIgniter.php(340): CodeIgniter\CodeIgniter->handleRequest()
 8 FCPATH/index.php(55): CodeIgniter\CodeIgniter->run()
 9 SYSTEMPATH/Commands/Server/rewrite.php(43): require_once('FCPATH/index.php')
CRITICAL - 2022-09-07 07:34:49 --> count(): Argument #1 ($value) must be of type Countable|array, string given
in APPPATH/Views/rekapitulasi/dataTest.php on line 17.
 1 SYSTEMPATH/View/View.php(213): include()
 2 SYSTEMPATH/View/View.php(216): CodeIgniter\View\View->CodeIgniter\View\{closure}()
 3 SYSTEMPATH/Common.php(1137): CodeIgniter\View\View->render()
 4 APPPATH/Controllers/Rekapitulasi.php(125): view()
 5 SYSTEMPATH/CodeIgniter.php(898): App\Controllers\Rekapitulasi->dataTesting()
 6 SYSTEMPATH/CodeIgniter.php(457): CodeIgniter\CodeIgniter->runController()
 7 SYSTEMPATH/CodeIgniter.php(340): CodeIgniter\CodeIgniter->handleRequest()
 8 FCPATH/index.php(55): CodeIgniter\CodeIgniter->run()
 9 SYSTEMPATH/Commands/Server/rewrite.php(43): require_once('FCPATH/index.php')
CRITICAL - 2022-09-07 07:35:10 --> count(): Argument #1 ($value) must be of type Countable|array, string given
in APPPATH/Views/rekapitulasi/dataTest.php on line 17.
 1 SYSTEMPATH/View/View.php(213): include()
 2 SYSTEMPATH/View/View.php(216): CodeIgniter\View\View->CodeIgniter\View\{closure}()
 3 SYSTEMPATH/Common.php(1137): CodeIgniter\View\View->render()
 4 APPPATH/Controllers/Rekapitulasi.php(125): view()
 5 SYSTEMPATH/CodeIgniter.php(898): App\Controllers\Rekapitulasi->dataTesting()
 6 SYSTEMPATH/CodeIgniter.php(457): CodeIgniter\CodeIgniter->runController()
 7 SYSTEMPATH/CodeIgniter.php(340): CodeIgniter\CodeIgniter->handleRequest()
 8 FCPATH/index.php(55): CodeIgniter\CodeIgniter->run()
 9 SYSTEMPATH/Commands/Server/rewrite.php(43): require_once('FCPATH/index.php')
CRITICAL - 2022-09-07 07:42:02 --> array_unique(): Argument #1 ($array) must be of type array, string given
in APPPATH/Controllers/Rekapitulasi.php on line 110.
 1 APPPATH/Controllers/Rekapitulasi.php(110): array_unique()
 2 SYSTEMPATH/CodeIgniter.php(898): App\Controllers\Rekapitulasi->dataTesting()
 3 SYSTEMPATH/CodeIgniter.php(457): CodeIgniter\CodeIgniter->runController()
 4 SYSTEMPATH/CodeIgniter.php(340): CodeIgniter\CodeIgniter->handleRequest()
 5 FCPATH/index.php(55): CodeIgniter\CodeIgniter->run()
 6 SYSTEMPATH/Commands/Server/rewrite.php(43): require_once('FCPATH/index.php')
CRITICAL - 2022-09-07 07:42:26 --> array_unique(): Argument #1 ($array) must be of type array, string given
in APPPATH/Controllers/Rekapitulasi.php on line 110.
 1 APPPATH/Controllers/Rekapitulasi.php(110): array_unique()
 2 SYSTEMPATH/CodeIgniter.php(898): App\Controllers\Rekapitulasi->dataTesting()
 3 SYSTEMPATH/CodeIgniter.php(457): CodeIgniter\CodeIgniter->runController()
 4 SYSTEMPATH/CodeIgniter.php(340): CodeIgniter\CodeIgniter->handleRequest()
 5 FCPATH/index.php(55): CodeIgniter\CodeIgniter->run()
 6 SYSTEMPATH/Commands/Server/rewrite.php(43): require_once('FCPATH/index.php')
CRITICAL - 2022-09-07 07:43:51 --> array_unique(): Argument #1 ($array) must be of type array, string given
in APPPATH/Controllers/Rekapitulasi.php on line 110.
 1 APPPATH/Controllers/Rekapitulasi.php(110): array_unique()
 2 SYSTEMPATH/CodeIgniter.php(898): App\Controllers\Rekapitulasi->dataTesting()
 3 SYSTEMPATH/CodeIgniter.php(457): CodeIgniter\CodeIgniter->runController()
 4 SYSTEMPATH/CodeIgniter.php(340): CodeIgniter\CodeIgniter->handleRequest()
 5 FCPATH/index.php(55): CodeIgniter\CodeIgniter->run()
 6 SYSTEMPATH/Commands/Server/rewrite.php(43): require_once('FCPATH/index.php')
CRITICAL - 2022-09-07 07:43:52 --> array_unique(): Argument #1 ($array) must be of type array, string given
in APPPATH/Controllers/Rekapitulasi.php on line 110.
 1 APPPATH/Controllers/Rekapitulasi.php(110): array_unique()
 2 SYSTEMPATH/CodeIgniter.php(898): App\Controllers\Rekapitulasi->dataTesting()
 3 SYSTEMPATH/CodeIgniter.php(457): CodeIgniter\CodeIgniter->runController()
 4 SYSTEMPATH/CodeIgniter.php(340): CodeIgniter\CodeIgniter->handleRequest()
 5 FCPATH/index.php(55): CodeIgniter\CodeIgniter->run()
 6 SYSTEMPATH/Commands/Server/rewrite.php(43): require_once('FCPATH/index.php')
CRITICAL - 2022-09-07 07:43:52 --> array_unique(): Argument #1 ($array) must be of type array, string given
in APPPATH/Controllers/Rekapitulasi.php on line 110.
 1 APPPATH/Controllers/Rekapitulasi.php(110): array_unique()
 2 SYSTEMPATH/CodeIgniter.php(898): App\Controllers\Rekapitulasi->dataTesting()
 3 SYSTEMPATH/CodeIgniter.php(457): CodeIgniter\CodeIgniter->runController()
 4 SYSTEMPATH/CodeIgniter.php(340): CodeIgniter\CodeIgniter->handleRequest()
 5 FCPATH/index.php(55): CodeIgniter\CodeIgniter->run()
 6 SYSTEMPATH/Commands/Server/rewrite.php(43): require_once('FCPATH/index.php')
CRITICAL - 2022-09-07 08:00:04 --> Undefined array key 2
in APPPATH/Controllers/Rekapitulasi.php on line 120.
 1 APPPATH/Controllers/Rekapitulasi.php(120): CodeIgniter\Debug\Exceptions->errorHandler()
 2 SYSTEMPATH/CodeIgniter.php(898): App\Controllers\Rekapitulasi->dataTesting()
 3 SYSTEMPATH/CodeIgniter.php(457): CodeIgniter\CodeIgniter->runController()
 4 SYSTEMPATH/CodeIgniter.php(340): CodeIgniter\CodeIgniter->handleRequest()
 5 FCPATH/index.php(55): CodeIgniter\CodeIgniter->run()
 6 SYSTEMPATH/Commands/Server/rewrite.php(43): require_once('FCPATH/index.php')
CRITICAL - 2022-09-07 08:00:05 --> Undefined array key 2
in APPPATH/Controllers/Rekapitulasi.php on line 120.
 1 APPPATH/Controllers/Rekapitulasi.php(120): CodeIgniter\Debug\Exceptions->errorHandler()
 2 SYSTEMPATH/CodeIgniter.php(898): App\Controllers\Rekapitulasi->dataTesting()
 3 SYSTEMPATH/CodeIgniter.php(457): CodeIgniter\CodeIgniter->runController()
 4 SYSTEMPATH/CodeIgniter.php(340): CodeIgniter\CodeIgniter->handleRequest()
 5 FCPATH/index.php(55): CodeIgniter\CodeIgniter->run()
 6 SYSTEMPATH/Commands/Server/rewrite.php(43): require_once('FCPATH/index.php')
CRITICAL - 2022-09-07 08:00:06 --> Undefined array key 2
in APPPATH/Controllers/Rekapitulasi.php on line 120.
 1 APPPATH/Controllers/Rekapitulasi.php(120): CodeIgniter\Debug\Exceptions->errorHandler()
 2 SYSTEMPATH/CodeIgniter.php(898): App\Controllers\Rekapitulasi->dataTesting()
 3 SYSTEMPATH/CodeIgniter.php(457): CodeIgniter\CodeIgniter->runController()
 4 SYSTEMPATH/CodeIgniter.php(340): CodeIgniter\CodeIgniter->handleRequest()
 5 FCPATH/index.php(55): CodeIgniter\CodeIgniter->run()
 6 SYSTEMPATH/Commands/Server/rewrite.php(43): require_once('FCPATH/index.php')
CRITICAL - 2022-09-07 08:06:33 --> Undefined array key 1
in APPPATH/Controllers/Rekapitulasi.php on line 120.
 1 APPPATH/Controllers/Rekapitulasi.php(120): CodeIgniter\Debug\Exceptions->errorHandler()
 2 SYSTEMPATH/CodeIgniter.php(898): App\Controllers\Rekapitulasi->dataTesting()
 3 SYSTEMPATH/CodeIgniter.php(457): CodeIgniter\CodeIgniter->runController()
 4 SYSTEMPATH/CodeIgniter.php(340): CodeIgniter\CodeIgniter->handleRequest()
 5 FCPATH/index.php(55): CodeIgniter\CodeIgniter->run()
 6 SYSTEMPATH/Commands/Server/rewrite.php(43): require_once('FCPATH/index.php')
CRITICAL - 2022-09-07 08:08:46 --> Undefined array key "ID-UNIT-PRODI"
in APPPATH/Controllers/Pengajuan.php on line 145.
 1 APPPATH/Controllers/Pengajuan.php(145): CodeIgniter\Debug\Exceptions->errorHandler()
 2 SYSTEMPATH/CodeIgniter.php(898): App\Controllers\Pengajuan->statusDikirim()
 3 SYSTEMPATH/CodeIgniter.php(457): CodeIgniter\CodeIgniter->runController()
 4 SYSTEMPATH/CodeIgniter.php(340): CodeIgniter\CodeIgniter->handleRequest()
 5 FCPATH/index.php(55): CodeIgniter\CodeIgniter->run()
 6 SYSTEMPATH/Commands/Server/rewrite.php(43): require_once('FCPATH/index.php')
CRITICAL - 2022-09-07 08:11:41 --> Undefined variable $unique
in APPPATH/Controllers/Rekapitulasi.php on line 119.
 1 APPPATH/Controllers/Rekapitulasi.php(119): CodeIgniter\Debug\Exceptions->errorHandler()
 2 SYSTEMPATH/CodeIgniter.php(898): App\Controllers\Rekapitulasi->dataTesting()
 3 SYSTEMPATH/CodeIgniter.php(457): CodeIgniter\CodeIgniter->runController()
 4 SYSTEMPATH/CodeIgniter.php(340): CodeIgniter\CodeIgniter->handleRequest()
 5 FCPATH/index.php(55): CodeIgniter\CodeIgniter->run()
 6 SYSTEMPATH/Commands/Server/rewrite.php(43): require_once('FCPATH/index.php')
CRITICAL - 2022-09-07 08:58:35 --> Undefined array key 3
in APPPATH/Controllers/Rekapitulasi.php on line 122.
 1 APPPATH/Controllers/Rekapitulasi.php(122): CodeIgniter\Debug\Exceptions->errorHandler()
 2 SYSTEMPATH/CodeIgniter.php(898): App\Controllers\Rekapitulasi->dataTesting()
 3 SYSTEMPATH/CodeIgniter.php(457): CodeIgniter\CodeIgniter->runController()
 4 SYSTEMPATH/CodeIgniter.php(340): CodeIgniter\CodeIgniter->handleRequest()
 5 FCPATH/index.php(55): CodeIgniter\CodeIgniter->run()
 6 SYSTEMPATH/Commands/Server/rewrite.php(43): require_once('FCPATH/index.php')
