ERROR - 2022-11-04 02:20:14 --> mysqli_sql_exception: Unknown column 'ubah' in 'where clause' in /home/rgsvt/Developments/kp/atk-tdec/vendor/codeigniter4/framework/system/Database/MySQLi/Connection.php:292
Stack trace:
#0 /home/rgsvt/Developments/kp/atk-tdec/vendor/codeigniter4/framework/system/Database/MySQLi/Connection.php(292): mysqli->query()
#1 /home/rgsvt/Developments/kp/atk-tdec/vendor/codeigniter4/framework/system/Database/BaseConnection.php(693): CodeIgniter\Database\MySQLi\Connection->execute()
#2 /home/rgsvt/Developments/kp/atk-tdec/vendor/codeigniter4/framework/system/Database/BaseConnection.php(620): CodeIgniter\Database\BaseConnection->simpleQuery()
#3 /home/rgsvt/Developments/kp/atk-tdec/app/Models/PengajuanModel.php(99): CodeIgniter\Database\BaseConnection->query()
#4 /home/rgsvt/Developments/kp/atk-tdec/app/Models/PengajuanModel.php(65): App\Models\PengajuanModel->query()
#5 /home/rgsvt/Developments/kp/atk-tdec/app/Controllers/Pengajuan.php(39): App\Models\PengajuanModel->perPengajuan()
#6 /home/rgsvt/Developments/kp/atk-tdec/vendor/codeigniter4/framework/system/CodeIgniter.php(907): App\Controllers\Pengajuan->ubahStatus()
#7 /home/rgsvt/Developments/kp/atk-tdec/vendor/codeigniter4/framework/system/CodeIgniter.php(457): CodeIgniter\CodeIgniter->runController()
#8 /home/rgsvt/Developments/kp/atk-tdec/vendor/codeigniter4/framework/system/CodeIgniter.php(340): CodeIgniter\CodeIgniter->handleRequest()
#9 /home/rgsvt/Developments/kp/atk-tdec/public/index.php(55): CodeIgniter\CodeIgniter->run()
#10 /home/rgsvt/Developments/kp/atk-tdec/vendor/codeigniter4/framework/system/Commands/Server/rewrite.php(43): require_once('...')
#11 {main}
CRITICAL - 2022-11-04 02:20:14 --> Unknown column 'ubah' in 'where clause'
in SYSTEMPATH/Database/MySQLi/Connection.php on line 292.
 1 SYSTEMPATH/Database/MySQLi/Connection.php(292): mysqli->query()
 2 SYSTEMPATH/Database/BaseConnection.php(693): CodeIgniter\Database\MySQLi\Connection->execute()
 3 SYSTEMPATH/Database/BaseConnection.php(620): CodeIgniter\Database\BaseConnection->simpleQuery()
 4 APPPATH/Models/PengajuanModel.php(99): CodeIgniter\Database\BaseConnection->query()
 5 APPPATH/Models/PengajuanModel.php(65): App\Models\PengajuanModel->query()
 6 APPPATH/Controllers/Pengajuan.php(39): App\Models\PengajuanModel->perPengajuan()
 7 SYSTEMPATH/CodeIgniter.php(907): App\Controllers\Pengajuan->ubahStatus()
 8 SYSTEMPATH/CodeIgniter.php(457): CodeIgniter\CodeIgniter->runController()
 9 SYSTEMPATH/CodeIgniter.php(340): CodeIgniter\CodeIgniter->handleRequest()
10 FCPATH/index.php(55): CodeIgniter\CodeIgniter->run()
11 SYSTEMPATH/Commands/Server/rewrite.php(43): require_once('FCPATH/index.php')
ERROR - 2022-11-04 02:20:30 --> mysqli_sql_exception: Unknown column 'ubah' in 'where clause' in /home/rgsvt/Developments/kp/atk-tdec/vendor/codeigniter4/framework/system/Database/MySQLi/Connection.php:292
Stack trace:
#0 /home/rgsvt/Developments/kp/atk-tdec/vendor/codeigniter4/framework/system/Database/MySQLi/Connection.php(292): mysqli->query()
#1 /home/rgsvt/Developments/kp/atk-tdec/vendor/codeigniter4/framework/system/Database/BaseConnection.php(693): CodeIgniter\Database\MySQLi\Connection->execute()
#2 /home/rgsvt/Developments/kp/atk-tdec/vendor/codeigniter4/framework/system/Database/BaseConnection.php(620): CodeIgniter\Database\BaseConnection->simpleQuery()
#3 /home/rgsvt/Developments/kp/atk-tdec/app/Models/PengajuanModel.php(99): CodeIgniter\Database\BaseConnection->query()
#4 /home/rgsvt/Developments/kp/atk-tdec/app/Models/PengajuanModel.php(65): App\Models\PengajuanModel->query()
#5 /home/rgsvt/Developments/kp/atk-tdec/app/Controllers/Pengajuan.php(39): App\Models\PengajuanModel->perPengajuan()
#6 /home/rgsvt/Developments/kp/atk-tdec/vendor/codeigniter4/framework/system/CodeIgniter.php(907): App\Controllers\Pengajuan->ubahStatus()
#7 /home/rgsvt/Developments/kp/atk-tdec/vendor/codeigniter4/framework/system/CodeIgniter.php(457): CodeIgniter\CodeIgniter->runController()
#8 /home/rgsvt/Developments/kp/atk-tdec/vendor/codeigniter4/framework/system/CodeIgniter.php(340): CodeIgniter\CodeIgniter->handleRequest()
#9 /home/rgsvt/Developments/kp/atk-tdec/public/index.php(55): CodeIgniter\CodeIgniter->run()
#10 /home/rgsvt/Developments/kp/atk-tdec/vendor/codeigniter4/framework/system/Commands/Server/rewrite.php(43): require_once('...')
#11 {main}
CRITICAL - 2022-11-04 02:20:30 --> Unknown column 'ubah' in 'where clause'
in SYSTEMPATH/Database/MySQLi/Connection.php on line 292.
 1 SYSTEMPATH/Database/MySQLi/Connection.php(292): mysqli->query()
 2 SYSTEMPATH/Database/BaseConnection.php(693): CodeIgniter\Database\MySQLi\Connection->execute()
 3 SYSTEMPATH/Database/BaseConnection.php(620): CodeIgniter\Database\BaseConnection->simpleQuery()
 4 APPPATH/Models/PengajuanModel.php(99): CodeIgniter\Database\BaseConnection->query()
 5 APPPATH/Models/PengajuanModel.php(65): App\Models\PengajuanModel->query()
 6 APPPATH/Controllers/Pengajuan.php(39): App\Models\PengajuanModel->perPengajuan()
 7 SYSTEMPATH/CodeIgniter.php(907): App\Controllers\Pengajuan->ubahStatus()
 8 SYSTEMPATH/CodeIgniter.php(457): CodeIgniter\CodeIgniter->runController()
 9 SYSTEMPATH/CodeIgniter.php(340): CodeIgniter\CodeIgniter->handleRequest()
10 FCPATH/index.php(55): CodeIgniter\CodeIgniter->run()
11 SYSTEMPATH/Commands/Server/rewrite.php(43): require_once('FCPATH/index.php')
ERROR - 2022-11-04 02:21:02 --> mysqli_sql_exception: Unknown column 'ubah' in 'where clause' in /home/rgsvt/Developments/kp/atk-tdec/vendor/codeigniter4/framework/system/Database/MySQLi/Connection.php:292
Stack trace:
#0 /home/rgsvt/Developments/kp/atk-tdec/vendor/codeigniter4/framework/system/Database/MySQLi/Connection.php(292): mysqli->query()
#1 /home/rgsvt/Developments/kp/atk-tdec/vendor/codeigniter4/framework/system/Database/BaseConnection.php(693): CodeIgniter\Database\MySQLi\Connection->execute()
#2 /home/rgsvt/Developments/kp/atk-tdec/vendor/codeigniter4/framework/system/Database/BaseConnection.php(620): CodeIgniter\Database\BaseConnection->simpleQuery()
#3 /home/rgsvt/Developments/kp/atk-tdec/app/Models/PengajuanModel.php(99): CodeIgniter\Database\BaseConnection->query()
#4 /home/rgsvt/Developments/kp/atk-tdec/app/Models/PengajuanModel.php(65): App\Models\PengajuanModel->query()
#5 /home/rgsvt/Developments/kp/atk-tdec/app/Controllers/Pengajuan.php(39): App\Models\PengajuanModel->perPengajuan()
#6 /home/rgsvt/Developments/kp/atk-tdec/vendor/codeigniter4/framework/system/CodeIgniter.php(907): App\Controllers\Pengajuan->ubahStatus()
#7 /home/rgsvt/Developments/kp/atk-tdec/vendor/codeigniter4/framework/system/CodeIgniter.php(457): CodeIgniter\CodeIgniter->runController()
#8 /home/rgsvt/Developments/kp/atk-tdec/vendor/codeigniter4/framework/system/CodeIgniter.php(340): CodeIgniter\CodeIgniter->handleRequest()
#9 /home/rgsvt/Developments/kp/atk-tdec/public/index.php(55): CodeIgniter\CodeIgniter->run()
#10 /home/rgsvt/Developments/kp/atk-tdec/vendor/codeigniter4/framework/system/Commands/Server/rewrite.php(43): require_once('...')
#11 {main}
CRITICAL - 2022-11-04 02:21:02 --> Unknown column 'ubah' in 'where clause'
in SYSTEMPATH/Database/MySQLi/Connection.php on line 292.
 1 SYSTEMPATH/Database/MySQLi/Connection.php(292): mysqli->query()
 2 SYSTEMPATH/Database/BaseConnection.php(693): CodeIgniter\Database\MySQLi\Connection->execute()
 3 SYSTEMPATH/Database/BaseConnection.php(620): CodeIgniter\Database\BaseConnection->simpleQuery()
 4 APPPATH/Models/PengajuanModel.php(99): CodeIgniter\Database\BaseConnection->query()
 5 APPPATH/Models/PengajuanModel.php(65): App\Models\PengajuanModel->query()
 6 APPPATH/Controllers/Pengajuan.php(39): App\Models\PengajuanModel->perPengajuan()
 7 SYSTEMPATH/CodeIgniter.php(907): App\Controllers\Pengajuan->ubahStatus()
 8 SYSTEMPATH/CodeIgniter.php(457): CodeIgniter\CodeIgniter->runController()
 9 SYSTEMPATH/CodeIgniter.php(340): CodeIgniter\CodeIgniter->handleRequest()
10 FCPATH/index.php(55): CodeIgniter\CodeIgniter->run()
11 SYSTEMPATH/Commands/Server/rewrite.php(43): require_once('FCPATH/index.php')
ERROR - 2022-11-04 02:21:09 --> mysqli_sql_exception: Unknown column 'ubah' in 'where clause' in /home/rgsvt/Developments/kp/atk-tdec/vendor/codeigniter4/framework/system/Database/MySQLi/Connection.php:292
Stack trace:
#0 /home/rgsvt/Developments/kp/atk-tdec/vendor/codeigniter4/framework/system/Database/MySQLi/Connection.php(292): mysqli->query()
#1 /home/rgsvt/Developments/kp/atk-tdec/vendor/codeigniter4/framework/system/Database/BaseConnection.php(693): CodeIgniter\Database\MySQLi\Connection->execute()
#2 /home/rgsvt/Developments/kp/atk-tdec/vendor/codeigniter4/framework/system/Database/BaseConnection.php(620): CodeIgniter\Database\BaseConnection->simpleQuery()
#3 /home/rgsvt/Developments/kp/atk-tdec/app/Models/PengajuanModel.php(99): CodeIgniter\Database\BaseConnection->query()
#4 /home/rgsvt/Developments/kp/atk-tdec/app/Models/PengajuanModel.php(65): App\Models\PengajuanModel->query()
#5 /home/rgsvt/Developments/kp/atk-tdec/app/Controllers/Pengajuan.php(39): App\Models\PengajuanModel->perPengajuan()
#6 /home/rgsvt/Developments/kp/atk-tdec/vendor/codeigniter4/framework/system/CodeIgniter.php(907): App\Controllers\Pengajuan->ubahStatus()
#7 /home/rgsvt/Developments/kp/atk-tdec/vendor/codeigniter4/framework/system/CodeIgniter.php(457): CodeIgniter\CodeIgniter->runController()
#8 /home/rgsvt/Developments/kp/atk-tdec/vendor/codeigniter4/framework/system/CodeIgniter.php(340): CodeIgniter\CodeIgniter->handleRequest()
#9 /home/rgsvt/Developments/kp/atk-tdec/public/index.php(55): CodeIgniter\CodeIgniter->run()
#10 /home/rgsvt/Developments/kp/atk-tdec/vendor/codeigniter4/framework/system/Commands/Server/rewrite.php(43): require_once('...')
#11 {main}
CRITICAL - 2022-11-04 02:21:09 --> Unknown column 'ubah' in 'where clause'
in SYSTEMPATH/Database/MySQLi/Connection.php on line 292.
 1 SYSTEMPATH/Database/MySQLi/Connection.php(292): mysqli->query()
 2 SYSTEMPATH/Database/BaseConnection.php(693): CodeIgniter\Database\MySQLi\Connection->execute()
 3 SYSTEMPATH/Database/BaseConnection.php(620): CodeIgniter\Database\BaseConnection->simpleQuery()
 4 APPPATH/Models/PengajuanModel.php(99): CodeIgniter\Database\BaseConnection->query()
 5 APPPATH/Models/PengajuanModel.php(65): App\Models\PengajuanModel->query()
 6 APPPATH/Controllers/Pengajuan.php(39): App\Models\PengajuanModel->perPengajuan()
 7 SYSTEMPATH/CodeIgniter.php(907): App\Controllers\Pengajuan->ubahStatus()
 8 SYSTEMPATH/CodeIgniter.php(457): CodeIgniter\CodeIgniter->runController()
 9 SYSTEMPATH/CodeIgniter.php(340): CodeIgniter\CodeIgniter->handleRequest()
10 FCPATH/index.php(55): CodeIgniter\CodeIgniter->run()
11 SYSTEMPATH/Commands/Server/rewrite.php(43): require_once('FCPATH/index.php')
CRITICAL - 2022-11-04 05:01:35 --> Undefined array key "satuan"
in APPPATH/Views/pengajuan/ubah_pengajuan_user.php on line 24.
 1 APPPATH/Views/pengajuan/ubah_pengajuan_user.php(24): CodeIgniter\Debug\Exceptions->errorHandler()
 2 SYSTEMPATH/View/View.php(213): include('APPPATH/Views/pengajuan/ubah_pengajuan_user.php')
 3 SYSTEMPATH/View/View.php(216): CodeIgniter\View\View->CodeIgniter\View\{closure}()
 4 SYSTEMPATH/Common.php(1142): CodeIgniter\View\View->render()
 5 APPPATH/Controllers/Pengajuan.php(280): view()
 6 SYSTEMPATH/CodeIgniter.php(907): App\Controllers\Pengajuan->ubahPengajuan()
 7 SYSTEMPATH/CodeIgniter.php(457): CodeIgniter\CodeIgniter->runController()
 8 SYSTEMPATH/CodeIgniter.php(340): CodeIgniter\CodeIgniter->handleRequest()
 9 FCPATH/index.php(55): CodeIgniter\CodeIgniter->run()
10 SYSTEMPATH/Commands/Server/rewrite.php(43): require_once('FCPATH/index.php')
CRITICAL - 2022-11-04 05:26:48 --> Call to a member function getResultArray() on array
in APPPATH/Controllers/Pengajuan.php on line 98.
 1 SYSTEMPATH/CodeIgniter.php(907): App\Controllers\Pengajuan->index()
 2 SYSTEMPATH/CodeIgniter.php(457): CodeIgniter\CodeIgniter->runController()
 3 SYSTEMPATH/CodeIgniter.php(340): CodeIgniter\CodeIgniter->handleRequest()
 4 FCPATH/index.php(55): CodeIgniter\CodeIgniter->run()
 5 SYSTEMPATH/Commands/Server/rewrite.php(43): require_once('FCPATH/index.php')
CRITICAL - 2022-11-04 22:10:09 --> Undefined array key "id_barang"
in APPPATH/Views/pengajuan/ubah_pengajuan_user.php on line 12.
 1 APPPATH/Views/pengajuan/ubah_pengajuan_user.php(12): CodeIgniter\Debug\Exceptions->errorHandler()
 2 SYSTEMPATH/View/View.php(213): include('APPPATH/Views/pengajuan/ubah_pengajuan_user.php')
 3 SYSTEMPATH/View/View.php(216): CodeIgniter\View\View->CodeIgniter\View\{closure}()
 4 SYSTEMPATH/Common.php(1142): CodeIgniter\View\View->render()
 5 APPPATH/Controllers/Pengajuan.php(292): view()
 6 SYSTEMPATH/CodeIgniter.php(907): App\Controllers\Pengajuan->ubahPengajuan()
 7 SYSTEMPATH/CodeIgniter.php(457): CodeIgniter\CodeIgniter->runController()
 8 SYSTEMPATH/CodeIgniter.php(340): CodeIgniter\CodeIgniter->handleRequest()
 9 FCPATH/index.php(55): CodeIgniter\CodeIgniter->run()
10 SYSTEMPATH/Commands/Server/rewrite.php(43): require_once('FCPATH/index.php')
