ERROR - 2022-10-21 02:58:20 --> mysqli_sql_exception: You have an error in your SQL syntax; check the manual that corresponds to your MariaDB server version for the right syntax to use near 'ORDER BY id_pengajuan DESC' at line 8 in /home/rgsvt/Developments/kp/atk-tdec/vendor/codeigniter4/framework/system/Database/MySQLi/Connection.php:292
Stack trace:
#0 /home/rgsvt/Developments/kp/atk-tdec/vendor/codeigniter4/framework/system/Database/MySQLi/Connection.php(292): mysqli->query()
#1 /home/rgsvt/Developments/kp/atk-tdec/vendor/codeigniter4/framework/system/Database/BaseConnection.php(693): CodeIgniter\Database\MySQLi\Connection->execute()
#2 /home/rgsvt/Developments/kp/atk-tdec/vendor/codeigniter4/framework/system/Database/BaseConnection.php(620): CodeIgniter\Database\BaseConnection->simpleQuery()
#3 /home/rgsvt/Developments/kp/atk-tdec/app/Models/PengajuanModel.php(71): CodeIgniter\Database\BaseConnection->query()
#4 /home/rgsvt/Developments/kp/atk-tdec/app/Models/PengajuanModel.php(52): App\Models\PengajuanModel->query()
#5 /home/rgsvt/Developments/kp/atk-tdec/app/Models/PengajuanModel.php(33): App\Models\PengajuanModel->perPengajuan()
#6 /home/rgsvt/Developments/kp/atk-tdec/app/Controllers/Pengajuan.php(117): App\Models\PengajuanModel->getPengajuan()
#7 /home/rgsvt/Developments/kp/atk-tdec/vendor/codeigniter4/framework/system/CodeIgniter.php(907): App\Controllers\Pengajuan->index()
#8 /home/rgsvt/Developments/kp/atk-tdec/vendor/codeigniter4/framework/system/CodeIgniter.php(457): CodeIgniter\CodeIgniter->runController()
#9 /home/rgsvt/Developments/kp/atk-tdec/vendor/codeigniter4/framework/system/CodeIgniter.php(340): CodeIgniter\CodeIgniter->handleRequest()
#10 /home/rgsvt/Developments/kp/atk-tdec/public/index.php(55): CodeIgniter\CodeIgniter->run()
#11 /home/rgsvt/Developments/kp/atk-tdec/vendor/codeigniter4/framework/system/Commands/Server/rewrite.php(43): require_once('...')
#12 {main}
CRITICAL - 2022-10-21 02:58:20 --> You have an error in your SQL syntax; check the manual that corresponds to your MariaDB server version for the right syntax to use near 'ORDER BY id_pengajuan DESC' at line 8
in SYSTEMPATH/Database/MySQLi/Connection.php on line 292.
 1 SYSTEMPATH/Database/MySQLi/Connection.php(292): mysqli->query()
 2 SYSTEMPATH/Database/BaseConnection.php(693): CodeIgniter\Database\MySQLi\Connection->execute()
 3 SYSTEMPATH/Database/BaseConnection.php(620): CodeIgniter\Database\BaseConnection->simpleQuery()
 4 APPPATH/Models/PengajuanModel.php(71): CodeIgniter\Database\BaseConnection->query()
 5 APPPATH/Models/PengajuanModel.php(52): App\Models\PengajuanModel->query()
 6 APPPATH/Models/PengajuanModel.php(33): App\Models\PengajuanModel->perPengajuan()
 7 APPPATH/Controllers/Pengajuan.php(117): App\Models\PengajuanModel->getPengajuan()
 8 SYSTEMPATH/CodeIgniter.php(907): App\Controllers\Pengajuan->index()
 9 SYSTEMPATH/CodeIgniter.php(457): CodeIgniter\CodeIgniter->runController()
10 SYSTEMPATH/CodeIgniter.php(340): CodeIgniter\CodeIgniter->handleRequest()
11 FCPATH/index.php(55): CodeIgniter\CodeIgniter->run()
12 SYSTEMPATH/Commands/Server/rewrite.php(43): require_once('FCPATH/index.php')
ERROR - 2022-10-21 03:48:12 --> mysqli_sql_exception: You have an error in your SQL syntax; check the manual that corresponds to your MariaDB server version for the right syntax to use near 'ORDER BY id_pengajuan DESC' at line 8 in /home/rgsvt/Developments/kp/atk-tdec/vendor/codeigniter4/framework/system/Database/MySQLi/Connection.php:292
Stack trace:
#0 /home/rgsvt/Developments/kp/atk-tdec/vendor/codeigniter4/framework/system/Database/MySQLi/Connection.php(292): mysqli->query()
#1 /home/rgsvt/Developments/kp/atk-tdec/vendor/codeigniter4/framework/system/Database/BaseConnection.php(693): CodeIgniter\Database\MySQLi\Connection->execute()
#2 /home/rgsvt/Developments/kp/atk-tdec/vendor/codeigniter4/framework/system/Database/BaseConnection.php(620): CodeIgniter\Database\BaseConnection->simpleQuery()
#3 /home/rgsvt/Developments/kp/atk-tdec/app/Models/PengajuanModel.php(71): CodeIgniter\Database\BaseConnection->query()
#4 /home/rgsvt/Developments/kp/atk-tdec/app/Models/PengajuanModel.php(52): App\Models\PengajuanModel->query()
#5 /home/rgsvt/Developments/kp/atk-tdec/app/Models/PengajuanModel.php(33): App\Models\PengajuanModel->perPengajuan()
#6 /home/rgsvt/Developments/kp/atk-tdec/app/Controllers/Pengajuan.php(117): App\Models\PengajuanModel->getPengajuan()
#7 /home/rgsvt/Developments/kp/atk-tdec/vendor/codeigniter4/framework/system/CodeIgniter.php(907): App\Controllers\Pengajuan->index()
#8 /home/rgsvt/Developments/kp/atk-tdec/vendor/codeigniter4/framework/system/CodeIgniter.php(457): CodeIgniter\CodeIgniter->runController()
#9 /home/rgsvt/Developments/kp/atk-tdec/vendor/codeigniter4/framework/system/CodeIgniter.php(340): CodeIgniter\CodeIgniter->handleRequest()
#10 /home/rgsvt/Developments/kp/atk-tdec/public/index.php(55): CodeIgniter\CodeIgniter->run()
#11 /home/rgsvt/Developments/kp/atk-tdec/vendor/codeigniter4/framework/system/Commands/Server/rewrite.php(43): require_once('...')
#12 {main}
CRITICAL - 2022-10-21 03:48:12 --> You have an error in your SQL syntax; check the manual that corresponds to your MariaDB server version for the right syntax to use near 'ORDER BY id_pengajuan DESC' at line 8
in SYSTEMPATH/Database/MySQLi/Connection.php on line 292.
 1 SYSTEMPATH/Database/MySQLi/Connection.php(292): mysqli->query()
 2 SYSTEMPATH/Database/BaseConnection.php(693): CodeIgniter\Database\MySQLi\Connection->execute()
 3 SYSTEMPATH/Database/BaseConnection.php(620): CodeIgniter\Database\BaseConnection->simpleQuery()
 4 APPPATH/Models/PengajuanModel.php(71): CodeIgniter\Database\BaseConnection->query()
 5 APPPATH/Models/PengajuanModel.php(52): App\Models\PengajuanModel->query()
 6 APPPATH/Models/PengajuanModel.php(33): App\Models\PengajuanModel->perPengajuan()
 7 APPPATH/Controllers/Pengajuan.php(117): App\Models\PengajuanModel->getPengajuan()
 8 SYSTEMPATH/CodeIgniter.php(907): App\Controllers\Pengajuan->index()
 9 SYSTEMPATH/CodeIgniter.php(457): CodeIgniter\CodeIgniter->runController()
10 SYSTEMPATH/CodeIgniter.php(340): CodeIgniter\CodeIgniter->handleRequest()
11 FCPATH/index.php(55): CodeIgniter\CodeIgniter->run()
12 SYSTEMPATH/Commands/Server/rewrite.php(43): require_once('FCPATH/index.php')
ERROR - 2022-10-21 03:48:31 --> mysqli_sql_exception: You have an error in your SQL syntax; check the manual that corresponds to your MariaDB server version for the right syntax to use near 'ORDER BY id_pengajuan DESC' at line 8 in /home/rgsvt/Developments/kp/atk-tdec/vendor/codeigniter4/framework/system/Database/MySQLi/Connection.php:292
Stack trace:
#0 /home/rgsvt/Developments/kp/atk-tdec/vendor/codeigniter4/framework/system/Database/MySQLi/Connection.php(292): mysqli->query()
#1 /home/rgsvt/Developments/kp/atk-tdec/vendor/codeigniter4/framework/system/Database/BaseConnection.php(693): CodeIgniter\Database\MySQLi\Connection->execute()
#2 /home/rgsvt/Developments/kp/atk-tdec/vendor/codeigniter4/framework/system/Database/BaseConnection.php(620): CodeIgniter\Database\BaseConnection->simpleQuery()
#3 /home/rgsvt/Developments/kp/atk-tdec/app/Models/PengajuanModel.php(71): CodeIgniter\Database\BaseConnection->query()
#4 /home/rgsvt/Developments/kp/atk-tdec/app/Models/PengajuanModel.php(52): App\Models\PengajuanModel->query()
#5 /home/rgsvt/Developments/kp/atk-tdec/app/Models/PengajuanModel.php(33): App\Models\PengajuanModel->perPengajuan()
#6 /home/rgsvt/Developments/kp/atk-tdec/app/Controllers/Pengajuan.php(117): App\Models\PengajuanModel->getPengajuan()
#7 /home/rgsvt/Developments/kp/atk-tdec/vendor/codeigniter4/framework/system/CodeIgniter.php(907): App\Controllers\Pengajuan->index()
#8 /home/rgsvt/Developments/kp/atk-tdec/vendor/codeigniter4/framework/system/CodeIgniter.php(457): CodeIgniter\CodeIgniter->runController()
#9 /home/rgsvt/Developments/kp/atk-tdec/vendor/codeigniter4/framework/system/CodeIgniter.php(340): CodeIgniter\CodeIgniter->handleRequest()
#10 /home/rgsvt/Developments/kp/atk-tdec/public/index.php(55): CodeIgniter\CodeIgniter->run()
#11 /home/rgsvt/Developments/kp/atk-tdec/vendor/codeigniter4/framework/system/Commands/Server/rewrite.php(43): require_once('...')
#12 {main}
CRITICAL - 2022-10-21 03:48:31 --> You have an error in your SQL syntax; check the manual that corresponds to your MariaDB server version for the right syntax to use near 'ORDER BY id_pengajuan DESC' at line 8
in SYSTEMPATH/Database/MySQLi/Connection.php on line 292.
 1 SYSTEMPATH/Database/MySQLi/Connection.php(292): mysqli->query()
 2 SYSTEMPATH/Database/BaseConnection.php(693): CodeIgniter\Database\MySQLi\Connection->execute()
 3 SYSTEMPATH/Database/BaseConnection.php(620): CodeIgniter\Database\BaseConnection->simpleQuery()
 4 APPPATH/Models/PengajuanModel.php(71): CodeIgniter\Database\BaseConnection->query()
 5 APPPATH/Models/PengajuanModel.php(52): App\Models\PengajuanModel->query()
 6 APPPATH/Models/PengajuanModel.php(33): App\Models\PengajuanModel->perPengajuan()
 7 APPPATH/Controllers/Pengajuan.php(117): App\Models\PengajuanModel->getPengajuan()
 8 SYSTEMPATH/CodeIgniter.php(907): App\Controllers\Pengajuan->index()
 9 SYSTEMPATH/CodeIgniter.php(457): CodeIgniter\CodeIgniter->runController()
10 SYSTEMPATH/CodeIgniter.php(340): CodeIgniter\CodeIgniter->handleRequest()
11 FCPATH/index.php(55): CodeIgniter\CodeIgniter->run()
12 SYSTEMPATH/Commands/Server/rewrite.php(43): require_once('FCPATH/index.php')
CRITICAL - 2022-10-21 03:49:44 --> Undefined variable $akademik
in APPPATH/Models/PengajuanModel.php on line 29.
 1 APPPATH/Models/PengajuanModel.php(29): CodeIgniter\Debug\Exceptions->errorHandler()
 2 APPPATH/Controllers/Pengajuan.php(117): App\Models\PengajuanModel->getPengajuan()
 3 SYSTEMPATH/CodeIgniter.php(907): App\Controllers\Pengajuan->index()
 4 SYSTEMPATH/CodeIgniter.php(457): CodeIgniter\CodeIgniter->runController()
 5 SYSTEMPATH/CodeIgniter.php(340): CodeIgniter\CodeIgniter->handleRequest()
 6 FCPATH/index.php(55): CodeIgniter\CodeIgniter->run()
 7 SYSTEMPATH/Commands/Server/rewrite.php(43): require_once('FCPATH/index.php')
CRITICAL - 2022-10-21 03:50:04 --> Undefined variable $akademik
in APPPATH/Models/PengajuanModel.php on line 29.
 1 APPPATH/Models/PengajuanModel.php(29): CodeIgniter\Debug\Exceptions->errorHandler()
 2 APPPATH/Controllers/Pengajuan.php(117): App\Models\PengajuanModel->getPengajuan()
 3 SYSTEMPATH/CodeIgniter.php(907): App\Controllers\Pengajuan->index()
 4 SYSTEMPATH/CodeIgniter.php(457): CodeIgniter\CodeIgniter->runController()
 5 SYSTEMPATH/CodeIgniter.php(340): CodeIgniter\CodeIgniter->handleRequest()
 6 FCPATH/index.php(55): CodeIgniter\CodeIgniter->run()
 7 SYSTEMPATH/Commands/Server/rewrite.php(43): require_once('FCPATH/index.php')
CRITICAL - 2022-10-21 03:53:30 --> Undefined array key "ID-UNIT-PRODI"
in APPPATH/Controllers/Pengajuan.php on line 178.
 1 APPPATH/Controllers/Pengajuan.php(178): CodeIgniter\Debug\Exceptions->errorHandler()
 2 SYSTEMPATH/CodeIgniter.php(907): App\Controllers\Pengajuan->statusDikirim()
 3 SYSTEMPATH/CodeIgniter.php(457): CodeIgniter\CodeIgniter->runController()
 4 SYSTEMPATH/CodeIgniter.php(340): CodeIgniter\CodeIgniter->handleRequest()
 5 FCPATH/index.php(55): CodeIgniter\CodeIgniter->run()
 6 SYSTEMPATH/Commands/Server/rewrite.php(43): require_once('FCPATH/index.php')
CRITICAL - 2022-10-21 03:58:23 --> syntax error, unexpected token "}", expecting "," or ";"
in APPPATH/Models/PengajuanModel.php on line 34.
 1 SYSTEMPATH/Autoloader/Autoloader.php(259): CodeIgniter\Autoloader\Autoloader->includeFile()
 2 SYSTEMPATH/Autoloader/Autoloader.php(237): CodeIgniter\Autoloader\Autoloader->loadInNamespace()
 3 APPPATH/Controllers/Pengajuan.php(16): CodeIgniter\Autoloader\Autoloader->loadClass()
 4 SYSTEMPATH/CodeIgniter.php(869): App\Controllers\Pengajuan->__construct()
 5 SYSTEMPATH/CodeIgniter.php(448): CodeIgniter\CodeIgniter->createController()
 6 SYSTEMPATH/CodeIgniter.php(340): CodeIgniter\CodeIgniter->handleRequest()
 7 FCPATH/index.php(55): CodeIgniter\CodeIgniter->run()
 8 SYSTEMPATH/Commands/Server/rewrite.php(43): require_once('FCPATH/index.php')
CRITICAL - 2022-10-21 03:58:30 --> Trying to access array offset on value of type null
in APPPATH/Controllers/Pengajuan.php on line 43.
 1 APPPATH/Controllers/Pengajuan.php(43): CodeIgniter\Debug\Exceptions->errorHandler()
 2 SYSTEMPATH/CodeIgniter.php(907): App\Controllers\Pengajuan->ubahStatus()
 3 SYSTEMPATH/CodeIgniter.php(457): CodeIgniter\CodeIgniter->runController()
 4 SYSTEMPATH/CodeIgniter.php(340): CodeIgniter\CodeIgniter->handleRequest()
 5 FCPATH/index.php(55): CodeIgniter\CodeIgniter->run()
 6 SYSTEMPATH/Commands/Server/rewrite.php(43): require_once('FCPATH/index.php')
CRITICAL - 2022-10-21 04:00:37 --> Trying to access array offset on value of type null
in APPPATH/Controllers/Pengajuan.php on line 43.
 1 APPPATH/Controllers/Pengajuan.php(43): CodeIgniter\Debug\Exceptions->errorHandler()
 2 SYSTEMPATH/CodeIgniter.php(907): App\Controllers\Pengajuan->ubahStatus()
 3 SYSTEMPATH/CodeIgniter.php(457): CodeIgniter\CodeIgniter->runController()
 4 SYSTEMPATH/CodeIgniter.php(340): CodeIgniter\CodeIgniter->handleRequest()
 5 FCPATH/index.php(55): CodeIgniter\CodeIgniter->run()
 6 SYSTEMPATH/Commands/Server/rewrite.php(43): require_once('FCPATH/index.php')
CRITICAL - 2022-10-21 04:00:41 --> Call to a member function getResultArray() on null
in APPPATH/Controllers/Pengajuan.php on line 117.
 1 SYSTEMPATH/CodeIgniter.php(907): App\Controllers\Pengajuan->index()
 2 SYSTEMPATH/CodeIgniter.php(457): CodeIgniter\CodeIgniter->runController()
 3 SYSTEMPATH/CodeIgniter.php(340): CodeIgniter\CodeIgniter->handleRequest()
 4 FCPATH/index.php(55): CodeIgniter\CodeIgniter->run()
 5 SYSTEMPATH/Commands/Server/rewrite.php(43): require_once('FCPATH/index.php')
CRITICAL - 2022-10-21 04:02:48 --> Array to string conversion
in APPPATH/Models/PengajuanModel.php on line 29.
 1 APPPATH/Models/PengajuanModel.php(29): CodeIgniter\Debug\Exceptions->errorHandler()
 2 APPPATH/Controllers/Pengajuan.php(117): App\Models\PengajuanModel->getPengajuan()
 3 SYSTEMPATH/CodeIgniter.php(907): App\Controllers\Pengajuan->index()
 4 SYSTEMPATH/CodeIgniter.php(457): CodeIgniter\CodeIgniter->runController()
 5 SYSTEMPATH/CodeIgniter.php(340): CodeIgniter\CodeIgniter->handleRequest()
 6 FCPATH/index.php(55): CodeIgniter\CodeIgniter->run()
 7 SYSTEMPATH/Commands/Server/rewrite.php(43): require_once('FCPATH/index.php')
CRITICAL - 2022-10-21 04:03:05 --> Array to string conversion
in APPPATH/Models/PengajuanModel.php on line 29.
 1 APPPATH/Models/PengajuanModel.php(29): CodeIgniter\Debug\Exceptions->errorHandler()
 2 APPPATH/Controllers/Pengajuan.php(117): App\Models\PengajuanModel->getPengajuan()
 3 SYSTEMPATH/CodeIgniter.php(907): App\Controllers\Pengajuan->index()
 4 SYSTEMPATH/CodeIgniter.php(457): CodeIgniter\CodeIgniter->runController()
 5 SYSTEMPATH/CodeIgniter.php(340): CodeIgniter\CodeIgniter->handleRequest()
 6 FCPATH/index.php(55): CodeIgniter\CodeIgniter->run()
 7 SYSTEMPATH/Commands/Server/rewrite.php(43): require_once('FCPATH/index.php')
CRITICAL - 2022-10-21 04:03:40 --> var_dump() expects at least 1 argument, 0 given
in APPPATH/Controllers/Pengajuan.php on line 113.
 1 APPPATH/Controllers/Pengajuan.php(113): var_dump()
 2 SYSTEMPATH/CodeIgniter.php(907): App\Controllers\Pengajuan->index()
 3 SYSTEMPATH/CodeIgniter.php(457): CodeIgniter\CodeIgniter->runController()
 4 SYSTEMPATH/CodeIgniter.php(340): CodeIgniter\CodeIgniter->handleRequest()
 5 FCPATH/index.php(55): CodeIgniter\CodeIgniter->run()
 6 SYSTEMPATH/Commands/Server/rewrite.php(43): require_once('FCPATH/index.php')
CRITICAL - 2022-10-21 04:04:02 --> Undefined array key 0
in APPPATH/Controllers/Pengajuan.php on line 113.
 1 APPPATH/Controllers/Pengajuan.php(113): CodeIgniter\Debug\Exceptions->errorHandler()
 2 SYSTEMPATH/CodeIgniter.php(907): App\Controllers\Pengajuan->index()
 3 SYSTEMPATH/CodeIgniter.php(457): CodeIgniter\CodeIgniter->runController()
 4 SYSTEMPATH/CodeIgniter.php(340): CodeIgniter\CodeIgniter->handleRequest()
 5 FCPATH/index.php(55): CodeIgniter\CodeIgniter->run()
 6 SYSTEMPATH/Commands/Server/rewrite.php(43): require_once('FCPATH/index.php')
CRITICAL - 2022-10-21 04:04:11 --> Cannot use [] for reading
in APPPATH/Controllers/Pengajuan.php on line 113.
 1 SYSTEMPATH/CodeIgniter.php(907): App\Controllers\Pengajuan->index()
 2 SYSTEMPATH/CodeIgniter.php(457): CodeIgniter\CodeIgniter->runController()
 3 SYSTEMPATH/CodeIgniter.php(340): CodeIgniter\CodeIgniter->handleRequest()
 4 FCPATH/index.php(55): CodeIgniter\CodeIgniter->run()
 5 SYSTEMPATH/Commands/Server/rewrite.php(43): require_once('FCPATH/index.php')
CRITICAL - 2022-10-21 04:05:13 --> Trying to access array offset on value of type null
in APPPATH/Controllers/Pengajuan.php on line 43.
 1 APPPATH/Controllers/Pengajuan.php(43): CodeIgniter\Debug\Exceptions->errorHandler()
 2 SYSTEMPATH/CodeIgniter.php(907): App\Controllers\Pengajuan->ubahStatus()
 3 SYSTEMPATH/CodeIgniter.php(457): CodeIgniter\CodeIgniter->runController()
 4 SYSTEMPATH/CodeIgniter.php(340): CodeIgniter\CodeIgniter->handleRequest()
 5 FCPATH/index.php(55): CodeIgniter\CodeIgniter->run()
 6 SYSTEMPATH/Commands/Server/rewrite.php(43): require_once('FCPATH/index.php')
CRITICAL - 2022-10-21 04:11:04 --> Call to undefined method App\Models\PengaturanModel::getPengaturan
in SYSTEMPATH/Model.php on line 774.
 1 APPPATH/Controllers/Akademik.php(38): CodeIgniter\Model->__call()
 2 APPPATH/Controllers/Akademik.php(26): App\Controllers\Akademik->getTahunAkademikAktif()
 3 SYSTEMPATH/CodeIgniter.php(907): App\Controllers\Akademik->index()
 4 SYSTEMPATH/CodeIgniter.php(457): CodeIgniter\CodeIgniter->runController()
 5 SYSTEMPATH/CodeIgniter.php(340): CodeIgniter\CodeIgniter->handleRequest()
 6 FCPATH/index.php(55): CodeIgniter\CodeIgniter->run()
 7 SYSTEMPATH/Commands/Server/rewrite.php(43): require_once('FCPATH/index.php')
CRITICAL - 2022-10-21 20:49:03 --> Undefined array key "UNIT-PRODI"
in APPPATH/Views/layout/sidebar.php on line 16.
 1 APPPATH/Views/layout/sidebar.php(16): CodeIgniter\Debug\Exceptions->errorHandler()
 2 SYSTEMPATH/View/View.php(213): include('APPPATH/Views/layout/sidebar.php')
 3 SYSTEMPATH/View/View.php(216): CodeIgniter\View\View->CodeIgniter\View\{closure}()
 4 SYSTEMPATH/Common.php(1142): CodeIgniter\View\View->render()
 5 APPPATH/Controllers/Pengajuan.php(50): view()
 6 SYSTEMPATH/CodeIgniter.php(907): App\Controllers\Pengajuan->ubahStatus()
 7 SYSTEMPATH/CodeIgniter.php(457): CodeIgniter\CodeIgniter->runController()
 8 SYSTEMPATH/CodeIgniter.php(340): CodeIgniter\CodeIgniter->handleRequest()
 9 FCPATH/index.php(55): CodeIgniter\CodeIgniter->run()
10 SYSTEMPATH/Commands/Server/rewrite.php(43): require_once('FCPATH/index.php')
