CRITICAL - 2022-07-29 02:44:12 --> var_dump() expects at least 1 argument, 0 given
in APPPATH/Controllers/User.php on line 25.
 1 APPPATH/Controllers/User.php(25): var_dump()
 2 SYSTEMPATH/CodeIgniter.php(896): App\Controllers\User->index()
 3 SYSTEMPATH/CodeIgniter.php(466): CodeIgniter\CodeIgniter->runController()
 4 SYSTEMPATH/CodeIgniter.php(349): CodeIgniter\CodeIgniter->handleRequest()
 5 FCPATH/index.php(55): CodeIgniter\CodeIgniter->run()
 6 SYSTEMPATH/Commands/Server/rewrite.php(43): require_once('FCPATH/index.php')
CRITICAL - 2022-07-29 03:47:26 --> Undefined global variable $_SESSION
in APPPATH/Views/layout/nav.php on line 44.
 1 APPPATH/Views/layout/nav.php(44): CodeIgniter\Debug\Exceptions->errorHandler()
 2 SYSTEMPATH/View/View.php(213): include('APPPATH/Views/layout/nav.php')
 3 SYSTEMPATH/View/View.php(216): CodeIgniter\View\View->CodeIgniter\View\{closure}()
 4 SYSTEMPATH/Common.php(1135): CodeIgniter\View\View->render()
 5 APPPATH/Controllers/Rekapitulasi.php(17): view()
 6 SYSTEMPATH/CodeIgniter.php(896): App\Controllers\Rekapitulasi->index()
 7 SYSTEMPATH/CodeIgniter.php(466): CodeIgniter\CodeIgniter->runController()
 8 SYSTEMPATH/CodeIgniter.php(349): CodeIgniter\CodeIgniter->handleRequest()
 9 FCPATH/index.php(55): CodeIgniter\CodeIgniter->run()
10 SYSTEMPATH/Commands/Server/rewrite.php(43): require_once('FCPATH/index.php')
CRITICAL - 2022-07-29 03:48:54 --> Undefined variable $user
in APPPATH/Views/rekapitulasi/rekapitulasi.php on line 31.
 1 APPPATH/Views/rekapitulasi/rekapitulasi.php(31): CodeIgniter\Debug\Exceptions->errorHandler()
 2 SYSTEMPATH/View/View.php(213): include('APPPATH/Views/rekapitulasi/rekapitulasi.php')
 3 SYSTEMPATH/View/View.php(216): CodeIgniter\View\View->CodeIgniter\View\{closure}()
 4 SYSTEMPATH/Common.php(1135): CodeIgniter\View\View->render()
 5 APPPATH/Controllers/Rekapitulasi.php(23): view()
 6 SYSTEMPATH/CodeIgniter.php(896): App\Controllers\Rekapitulasi->index()
 7 SYSTEMPATH/CodeIgniter.php(466): CodeIgniter\CodeIgniter->runController()
 8 SYSTEMPATH/CodeIgniter.php(349): CodeIgniter\CodeIgniter->handleRequest()
 9 FCPATH/index.php(55): CodeIgniter\CodeIgniter->run()
10 SYSTEMPATH/Commands/Server/rewrite.php(43): require_once('FCPATH/index.php')
ERROR - 2022-07-29 20:08:28 --> Error connecting to the database: No such file or directory
CRITICAL - 2022-07-29 20:08:28 --> Unable to connect to the database.
Main connection [MySQLi]: No such file or directory
in SYSTEMPATH/Database/BaseConnection.php on line 416.
 1 SYSTEMPATH/Database/BaseConnection.php(586): CodeIgniter\Database\BaseConnection->initialize()
 2 APPPATH/Models/UserModel.php(17): CodeIgniter\Database\BaseConnection->query()
 3 APPPATH/Controllers/Login.php(52): App\Models\UserModel->user()
 4 APPPATH/Controllers/Login.php(38): App\Controllers\Login->isAvailable()
 5 SYSTEMPATH/CodeIgniter.php(896): App\Controllers\Login->index()
 6 SYSTEMPATH/CodeIgniter.php(466): CodeIgniter\CodeIgniter->runController()
 7 SYSTEMPATH/CodeIgniter.php(349): CodeIgniter\CodeIgniter->handleRequest()
 8 FCPATH/index.php(55): CodeIgniter\CodeIgniter->run()
 9 SYSTEMPATH/Commands/Server/rewrite.php(43): require_once('FCPATH/index.php')
